{"/Users/izaakdias/Documents/Leaf-new/leaf-websocket-backend/services/circuit-breaker-service.js": {"path":"/Users/izaakdias/Documents/Leaf-new/leaf-websocket-backend/services/circuit-breaker-service.js","statementMap":{"0":{"start":{"line":12,"column":19},"end":{"line":12,"column":45}},"1":{"start":{"line":13,"column":20},"end":{"line":13,"column":58}},"2":{"start":{"line":14,"column":18},"end":{"line":14,"column":48}},"3":{"start":{"line":15,"column":22},"end":{"line":15,"column":48}},"4":{"start":{"line":16,"column":81},"end":{"line":16,"column":113}},"5":{"start":{"line":20,"column":8},"end":{"line":20,"column":25}},"6":{"start":{"line":21,"column":8},"end":{"line":21,"column":62}},"7":{"start":{"line":22,"column":8},"end":{"line":22,"column":48}},"8":{"start":{"line":23,"column":8},"end":{"line":23,"column":58}},"9":{"start":{"line":24,"column":8},"end":{"line":24,"column":30}},"10":{"start":{"line":25,"column":12},"end":{"line":25,"column":64}},"11":{"start":{"line":26,"column":8},"end":{"line":26,"column":30}},"12":{"start":{"line":27,"column":8},"end":{"line":27,"column":36}},"13":{"start":{"line":28,"column":8},"end":{"line":28,"column":36}},"14":{"start":{"line":29,"column":8},"end":{"line":29,"column":26}},"15":{"start":{"line":36,"column":8},"end":{"line":39,"column":9}},"16":{"start":{"line":37,"column":12},"end":{"line":37,"column":47}},"17":{"start":{"line":38,"column":12},"end":{"line":38,"column":51}},"18":{"start":{"line":46,"column":8},"end":{"line":59,"column":9}},"19":{"start":{"line":47,"column":12},"end":{"line":47,"column":42}},"20":{"start":{"line":48,"column":29},"end":{"line":48,"column":59}},"21":{"start":{"line":49,"column":26},"end":{"line":49,"column":60}},"22":{"start":{"line":51,"column":12},"end":{"line":56,"column":13}},"23":{"start":{"line":52,"column":16},"end":{"line":52,"column":53}},"24":{"start":{"line":53,"column":16},"end":{"line":53,"column":70}},"25":{"start":{"line":54,"column":16},"end":{"line":54,"column":102}},"26":{"start":{"line":55,"column":16},"end":{"line":55,"column":102}},"27":{"start":{"line":58,"column":12},"end":{"line":58,"column":89}},"28":{"start":{"line":66,"column":8},"end":{"line":78,"column":9}},"29":{"start":{"line":67,"column":12},"end":{"line":67,"column":42}},"30":{"start":{"line":68,"column":29},"end":{"line":68,"column":59}},"31":{"start":{"line":69,"column":12},"end":{"line":74,"column":15}},"32":{"start":{"line":75,"column":12},"end":{"line":75,"column":52}},"33":{"start":{"line":77,"column":12},"end":{"line":77,"column":87}},"34":{"start":{"line":85,"column":8},"end":{"line":95,"column":9}},"35":{"start":{"line":87,"column":12},"end":{"line":93,"column":13}},"36":{"start":{"line":88,"column":16},"end":{"line":88,"column":41}},"37":{"start":{"line":89,"column":12},"end":{"line":89,"column":67}},"38":{"start":{"line":90,"column":16},"end":{"line":90,"column":33}},"39":{"start":{"line":91,"column":16},"end":{"line":91,"column":94}},"40":{"start":{"line":92,"column":16},"end":{"line":92,"column":29}},"41":{"start":{"line":94,"column":12},"end":{"line":94,"column":24}},"42":{"start":{"line":96,"column":8},"end":{"line":96,"column":21}},"43":{"start":{"line":103,"column":8},"end":{"line":121,"column":9}},"44":{"start":{"line":105,"column":12},"end":{"line":105,"column":34}},"45":{"start":{"line":106,"column":12},"end":{"line":106,"column":64}},"46":{"start":{"line":107,"column":12},"end":{"line":107,"column":34}},"47":{"start":{"line":108,"column":12},"end":{"line":108,"column":40}},"48":{"start":{"line":109,"column":12},"end":{"line":109,"column":40}},"49":{"start":{"line":110,"column":12},"end":{"line":110,"column":35}},"50":{"start":{"line":111,"column":12},"end":{"line":111,"column":96}},"51":{"start":{"line":112,"column":15},"end":{"line":121,"column":9}},"52":{"start":{"line":114,"column":12},"end":{"line":120,"column":13}},"53":{"start":{"line":115,"column":45},"end":{"line":115,"column":85}},"54":{"start":{"line":116,"column":16},"end":{"line":119,"column":17}},"55":{"start":{"line":117,"column":20},"end":{"line":117,"column":42}},"56":{"start":{"line":118,"column":20},"end":{"line":118,"column":43}},"57":{"start":{"line":128,"column":8},"end":{"line":128,"column":55}},"58":{"start":{"line":129,"column":8},"end":{"line":129,"column":28}},"59":{"start":{"line":130,"column":8},"end":{"line":130,"column":42}},"60":{"start":{"line":132,"column":8},"end":{"line":148,"column":9}},"61":{"start":{"line":134,"column":12},"end":{"line":134,"column":32}},"62":{"start":{"line":135,"column":12},"end":{"line":135,"column":62}},"63":{"start":{"line":136,"column":12},"end":{"line":136,"column":61}},"64":{"start":{"line":137,"column":12},"end":{"line":137,"column":35}},"65":{"start":{"line":138,"column":12},"end":{"line":138,"column":113}},"66":{"start":{"line":139,"column":15},"end":{"line":148,"column":9}},"67":{"start":{"line":141,"column":12},"end":{"line":141,"column":32}},"68":{"start":{"line":142,"column":12},"end":{"line":142,"column":62}},"69":{"start":{"line":143,"column":12},"end":{"line":143,"column":61}},"70":{"start":{"line":144,"column":12},"end":{"line":144,"column":35}},"71":{"start":{"line":145,"column":12},"end":{"line":145,"column":112}},"72":{"start":{"line":147,"column":12},"end":{"line":147,"column":35}},"73":{"start":{"line":156,"column":8},"end":{"line":156,"column":31}},"74":{"start":{"line":159,"column":37},"end":{"line":159,"column":66}},"75":{"start":{"line":160,"column":23},"end":{"line":160,"column":34}},"76":{"start":{"line":161,"column":27},"end":{"line":161,"column":52}},"77":{"start":{"line":162,"column":22},"end":{"line":162,"column":43}},"78":{"start":{"line":164,"column":28},"end":{"line":166,"column":10}},"79":{"start":{"line":169,"column":8},"end":{"line":179,"column":9}},"80":{"start":{"line":170,"column":12},"end":{"line":170,"column":75}},"81":{"start":{"line":171,"column":12},"end":{"line":171,"column":101}},"82":{"start":{"line":172,"column":12},"end":{"line":176,"column":13}},"83":{"start":{"line":173,"column":31},"end":{"line":173,"column":47}},"84":{"start":{"line":174,"column":16},"end":{"line":174,"column":79}},"85":{"start":{"line":175,"column":16},"end":{"line":175,"column":30}},"86":{"start":{"line":177,"column":12},"end":{"line":177,"column":93}},"87":{"start":{"line":178,"column":12},"end":{"line":178,"column":72}},"88":{"start":{"line":181,"column":8},"end":{"line":212,"column":9}},"89":{"start":{"line":183,"column":27},"end":{"line":183,"column":37}},"90":{"start":{"line":186,"column":12},"end":{"line":186,"column":39}},"91":{"start":{"line":188,"column":12},"end":{"line":191,"column":15}},"92":{"start":{"line":193,"column":12},"end":{"line":193,"column":26}},"93":{"start":{"line":196,"column":12},"end":{"line":196,"column":39}},"94":{"start":{"line":199,"column":12},"end":{"line":199,"column":97}},"95":{"start":{"line":202,"column":12},"end":{"line":208,"column":13}},"96":{"start":{"line":203,"column":16},"end":{"line":203,"column":115}},"97":{"start":{"line":204,"column":16},"end":{"line":204,"column":93}},"98":{"start":{"line":205,"column":31},"end":{"line":205,"column":47}},"99":{"start":{"line":206,"column":16},"end":{"line":206,"column":79}},"100":{"start":{"line":207,"column":16},"end":{"line":207,"column":30}},"101":{"start":{"line":210,"column":12},"end":{"line":210,"column":45}},"102":{"start":{"line":211,"column":12},"end":{"line":211,"column":24}},"103":{"start":{"line":219,"column":8},"end":{"line":225,"column":10}},"104":{"start":{"line":232,"column":8},"end":{"line":232,"column":30}},"105":{"start":{"line":233,"column":12},"end":{"line":233,"column":64}},"106":{"start":{"line":234,"column":8},"end":{"line":234,"column":30}},"107":{"start":{"line":235,"column":8},"end":{"line":235,"column":36}},"108":{"start":{"line":236,"column":8},"end":{"line":236,"column":36}},"109":{"start":{"line":237,"column":8},"end":{"line":237,"column":31}},"110":{"start":{"line":238,"column":8},"end":{"line":238,"column":93}},"111":{"start":{"line":247,"column":8},"end":{"line":247,"column":34}},"112":{"start":{"line":254,"column":8},"end":{"line":256,"column":9}},"113":{"start":{"line":255,"column":12},"end":{"line":255,"column":71}},"114":{"start":{"line":257,"column":8},"end":{"line":257,"column":39}},"115":{"start":{"line":264,"column":24},"end":{"line":264,"column":54}},"116":{"start":{"line":265,"column":8},"end":{"line":265,"column":51}},"117":{"start":{"line":272,"column":24},"end":{"line":272,"column":47}},"118":{"start":{"line":273,"column":8},"end":{"line":275,"column":9}},"119":{"start":{"line":274,"column":12},"end":{"line":274,"column":25}},"120":{"start":{"line":276,"column":8},"end":{"line":276,"column":32}},"121":{"start":{"line":283,"column":24},"end":{"line":283,"column":47}},"122":{"start":{"line":284,"column":8},"end":{"line":286,"column":9}},"123":{"start":{"line":285,"column":12},"end":{"line":285,"column":24}},"124":{"start":{"line":287,"column":8},"end":{"line":287,"column":34}},"125":{"start":{"line":294,"column":24},"end":{"line":294,"column":47}},"126":{"start":{"line":295,"column":8},"end":{"line":297,"column":9}},"127":{"start":{"line":296,"column":12},"end":{"line":296,"column":34}},"128":{"start":{"line":302,"column":30},"end":{"line":302,"column":57}},"129":{"start":{"line":303,"column":0},"end":{"line":303,"column":39}}},"fnMap":{"0":{"name":"(anonymous_0)","decl":{"start":{"line":19,"column":4},"end":{"line":19,"column":5}},"loc":{"start":{"line":19,"column":36},"end":{"line":30,"column":5}},"line":19},"1":{"name":"(anonymous_1)","decl":{"start":{"line":35,"column":4},"end":{"line":35,"column":5}},"loc":{"start":{"line":35,"column":29},"end":{"line":40,"column":5}},"line":35},"2":{"name":"(anonymous_2)","decl":{"start":{"line":45,"column":4},"end":{"line":45,"column":5}},"loc":{"start":{"line":45,"column":22},"end":{"line":60,"column":5}},"line":45},"3":{"name":"(anonymous_3)","decl":{"start":{"line":65,"column":4},"end":{"line":65,"column":5}},"loc":{"start":{"line":65,"column":22},"end":{"line":79,"column":5}},"line":65},"4":{"name":"(anonymous_4)","decl":{"start":{"line":84,"column":4},"end":{"line":84,"column":5}},"loc":{"start":{"line":84,"column":13},"end":{"line":97,"column":5}},"line":84},"5":{"name":"(anonymous_5)","decl":{"start":{"line":102,"column":4},"end":{"line":102,"column":5}},"loc":{"start":{"line":102,"column":26},"end":{"line":122,"column":5}},"line":102},"6":{"name":"(anonymous_6)","decl":{"start":{"line":127,"column":4},"end":{"line":127,"column":5}},"loc":{"start":{"line":127,"column":26},"end":{"line":149,"column":5}},"line":127},"7":{"name":"(anonymous_7)","decl":{"start":{"line":154,"column":4},"end":{"line":154,"column":5}},"loc":{"start":{"line":154,"column":39},"end":{"line":213,"column":5}},"line":154},"8":{"name":"(anonymous_8)","decl":{"start":{"line":218,"column":4},"end":{"line":218,"column":5}},"loc":{"start":{"line":218,"column":15},"end":{"line":226,"column":5}},"line":218},"9":{"name":"(anonymous_9)","decl":{"start":{"line":231,"column":4},"end":{"line":231,"column":5}},"loc":{"start":{"line":231,"column":18},"end":{"line":239,"column":5}},"line":231},"10":{"name":"(anonymous_10)","decl":{"start":{"line":246,"column":4},"end":{"line":246,"column":5}},"loc":{"start":{"line":246,"column":18},"end":{"line":248,"column":5}},"line":246},"11":{"name":"(anonymous_11)","decl":{"start":{"line":253,"column":4},"end":{"line":253,"column":5}},"loc":{"start":{"line":253,"column":35},"end":{"line":258,"column":5}},"line":253},"12":{"name":"(anonymous_12)","decl":{"start":{"line":263,"column":4},"end":{"line":263,"column":5}},"loc":{"start":{"line":263,"column":59},"end":{"line":266,"column":5}},"line":263},"13":{"name":"(anonymous_13)","decl":{"start":{"line":271,"column":4},"end":{"line":271,"column":5}},"loc":{"start":{"line":271,"column":17},"end":{"line":277,"column":5}},"line":271},"14":{"name":"(anonymous_14)","decl":{"start":{"line":282,"column":4},"end":{"line":282,"column":5}},"loc":{"start":{"line":282,"column":19},"end":{"line":288,"column":5}},"line":282},"15":{"name":"(anonymous_15)","decl":{"start":{"line":293,"column":4},"end":{"line":293,"column":5}},"loc":{"start":{"line":293,"column":22},"end":{"line":298,"column":5}},"line":293}},"branchMap":{"0":{"loc":{"start":{"line":19,"column":22},"end":{"line":19,"column":34}},"type":"default-arg","locations":[{"start":{"line":19,"column":32},"end":{"line":19,"column":34}}],"line":19},"1":{"loc":{"start":{"line":21,"column":32},"end":{"line":21,"column":61}},"type":"binary-expr","locations":[{"start":{"line":21,"column":32},"end":{"line":21,"column":56}},{"start":{"line":21,"column":60},"end":{"line":21,"column":61}}],"line":21},"2":{"loc":{"start":{"line":22,"column":23},"end":{"line":22,"column":47}},"type":"binary-expr","locations":[{"start":{"line":22,"column":23},"end":{"line":22,"column":38}},{"start":{"line":22,"column":42},"end":{"line":22,"column":47}}],"line":22},"3":{"loc":{"start":{"line":23,"column":28},"end":{"line":23,"column":57}},"type":"binary-expr","locations":[{"start":{"line":23,"column":28},"end":{"line":23,"column":48}},{"start":{"line":23,"column":52},"end":{"line":23,"column":57}}],"line":23},"4":{"loc":{"start":{"line":36,"column":8},"end":{"line":39,"column":9}},"type":"if","locations":[{"start":{"line":36,"column":8},"end":{"line":39,"column":9}},{"start":{},"end":{}}],"line":36},"5":{"loc":{"start":{"line":51,"column":12},"end":{"line":56,"column":13}},"type":"if","locations":[{"start":{"line":51,"column":12},"end":{"line":56,"column":13}},{"start":{},"end":{}}],"line":51},"6":{"loc":{"start":{"line":51,"column":16},"end":{"line":51,"column":54}},"type":"binary-expr","locations":[{"start":{"line":51,"column":16},"end":{"line":51,"column":21}},{"start":{"line":51,"column":25},"end":{"line":51,"column":54}}],"line":51},"7":{"loc":{"start":{"line":52,"column":29},"end":{"line":52,"column":52}},"type":"binary-expr","locations":[{"start":{"line":52,"column":29},"end":{"line":52,"column":40}},{"start":{"line":52,"column":44},"end":{"line":52,"column":52}}],"line":52},"8":{"loc":{"start":{"line":53,"column":45},"end":{"line":53,"column":68}},"type":"binary-expr","locations":[{"start":{"line":53,"column":45},"end":{"line":53,"column":63}},{"start":{"line":53,"column":67},"end":{"line":53,"column":68}}],"line":53},"9":{"loc":{"start":{"line":54,"column":39},"end":{"line":54,"column":101}},"type":"cond-expr","locations":[{"start":{"line":54,"column":63},"end":{"line":54,"column":94}},{"start":{"line":54,"column":97},"end":{"line":54,"column":101}}],"line":54},"10":{"loc":{"start":{"line":55,"column":39},"end":{"line":55,"column":101}},"type":"cond-expr","locations":[{"start":{"line":55,"column":63},"end":{"line":55,"column":94}},{"start":{"line":55,"column":97},"end":{"line":55,"column":101}}],"line":55},"11":{"loc":{"start":{"line":72,"column":33},"end":{"line":72,"column":89}},"type":"cond-expr","locations":[{"start":{"line":72,"column":56},"end":{"line":72,"column":84}},{"start":{"line":72,"column":87},"end":{"line":72,"column":89}}],"line":72},"12":{"loc":{"start":{"line":73,"column":33},"end":{"line":73,"column":89}},"type":"cond-expr","locations":[{"start":{"line":73,"column":56},"end":{"line":73,"column":84}},{"start":{"line":73,"column":87},"end":{"line":73,"column":89}}],"line":73},"13":{"loc":{"start":{"line":85,"column":8},"end":{"line":95,"column":9}},"type":"if","locations":[{"start":{"line":85,"column":8},"end":{"line":95,"column":9}},{"start":{},"end":{}}],"line":85},"14":{"loc":{"start":{"line":87,"column":12},"end":{"line":93,"column":13}},"type":"if","locations":[{"start":{"line":87,"column":12},"end":{"line":93,"column":13}},{"start":{},"end":{}}],"line":87},"15":{"loc":{"start":{"line":87,"column":16},"end":{"line":87,"column":74}},"type":"binary-expr","locations":[{"start":{"line":87,"column":16},"end":{"line":87,"column":36}},{"start":{"line":87,"column":40},"end":{"line":87,"column":74}}],"line":87},"16":{"loc":{"start":{"line":103,"column":8},"end":{"line":121,"column":9}},"type":"if","locations":[{"start":{"line":103,"column":8},"end":{"line":121,"column":9}},{"start":{"line":112,"column":15},"end":{"line":121,"column":9}}],"line":103},"17":{"loc":{"start":{"line":112,"column":15},"end":{"line":121,"column":9}},"type":"if","locations":[{"start":{"line":112,"column":15},"end":{"line":121,"column":9}},{"start":{},"end":{}}],"line":112},"18":{"loc":{"start":{"line":114,"column":12},"end":{"line":120,"column":13}},"type":"if","locations":[{"start":{"line":114,"column":12},"end":{"line":120,"column":13}},{"start":{},"end":{}}],"line":114},"19":{"loc":{"start":{"line":115,"column":59},"end":{"line":115,"column":84}},"type":"binary-expr","locations":[{"start":{"line":115,"column":59},"end":{"line":115,"column":79}},{"start":{"line":115,"column":83},"end":{"line":115,"column":84}}],"line":115},"20":{"loc":{"start":{"line":116,"column":16},"end":{"line":119,"column":17}},"type":"if","locations":[{"start":{"line":116,"column":16},"end":{"line":119,"column":17}},{"start":{},"end":{}}],"line":116},"21":{"loc":{"start":{"line":132,"column":8},"end":{"line":148,"column":9}},"type":"if","locations":[{"start":{"line":132,"column":8},"end":{"line":148,"column":9}},{"start":{"line":139,"column":15},"end":{"line":148,"column":9}}],"line":132},"22":{"loc":{"start":{"line":139,"column":15},"end":{"line":148,"column":9}},"type":"if","locations":[{"start":{"line":139,"column":15},"end":{"line":148,"column":9}},{"start":{"line":146,"column":15},"end":{"line":148,"column":9}}],"line":139},"23":{"loc":{"start":{"line":139,"column":19},"end":{"line":139,"column":88}},"type":"binary-expr","locations":[{"start":{"line":139,"column":19},"end":{"line":139,"column":42}},{"start":{"line":139,"column":46},"end":{"line":139,"column":88}}],"line":139},"24":{"loc":{"start":{"line":154,"column":22},"end":{"line":154,"column":37}},"type":"default-arg","locations":[{"start":{"line":154,"column":33},"end":{"line":154,"column":37}}],"line":154},"25":{"loc":{"start":{"line":165,"column":37},"end":{"line":165,"column":70}},"type":"binary-expr","locations":[{"start":{"line":165,"column":37},"end":{"line":165,"column":65}},{"start":{"line":165,"column":69},"end":{"line":165,"column":70}}],"line":165},"26":{"loc":{"start":{"line":169,"column":8},"end":{"line":179,"column":9}},"type":"if","locations":[{"start":{"line":169,"column":8},"end":{"line":179,"column":9}},{"start":{},"end":{}}],"line":169},"27":{"loc":{"start":{"line":172,"column":12},"end":{"line":176,"column":13}},"type":"if","locations":[{"start":{"line":172,"column":12},"end":{"line":176,"column":13}},{"start":{},"end":{}}],"line":172},"28":{"loc":{"start":{"line":199,"column":62},"end":{"line":199,"column":95}},"type":"binary-expr","locations":[{"start":{"line":199,"column":62},"end":{"line":199,"column":90}},{"start":{"line":199,"column":94},"end":{"line":199,"column":95}}],"line":199},"29":{"loc":{"start":{"line":202,"column":12},"end":{"line":208,"column":13}},"type":"if","locations":[{"start":{"line":202,"column":12},"end":{"line":208,"column":13}},{"start":{},"end":{}}],"line":202},"30":{"loc":{"start":{"line":253,"column":21},"end":{"line":253,"column":33}},"type":"default-arg","locations":[{"start":{"line":253,"column":31},"end":{"line":253,"column":33}}],"line":253},"31":{"loc":{"start":{"line":254,"column":8},"end":{"line":256,"column":9}},"type":"if","locations":[{"start":{"line":254,"column":8},"end":{"line":256,"column":9}},{"start":{},"end":{}}],"line":254},"32":{"loc":{"start":{"line":263,"column":28},"end":{"line":263,"column":43}},"type":"default-arg","locations":[{"start":{"line":263,"column":39},"end":{"line":263,"column":43}}],"line":263},"33":{"loc":{"start":{"line":263,"column":45},"end":{"line":263,"column":57}},"type":"default-arg","locations":[{"start":{"line":263,"column":55},"end":{"line":263,"column":57}}],"line":263},"34":{"loc":{"start":{"line":273,"column":8},"end":{"line":275,"column":9}},"type":"if","locations":[{"start":{"line":273,"column":8},"end":{"line":275,"column":9}},{"start":{},"end":{}}],"line":273},"35":{"loc":{"start":{"line":284,"column":8},"end":{"line":286,"column":9}},"type":"if","locations":[{"start":{"line":284,"column":8},"end":{"line":286,"column":9}},{"start":{},"end":{}}],"line":284},"36":{"loc":{"start":{"line":295,"column":8},"end":{"line":297,"column":9}},"type":"if","locations":[{"start":{"line":295,"column":8},"end":{"line":297,"column":9}},{"start":{},"end":{}}],"line":295}},"s":{"0":4,"1":4,"2":4,"3":4,"4":4,"5":0,"6":0,"7":0,"8":0,"9":0,"10":0,"11":0,"12":0,"13":0,"14":0,"15":0,"16":0,"17":0,"18":0,"19":0,"20":0,"21":0,"22":0,"23":0,"24":0,"25":0,"26":0,"27":0,"28":0,"29":0,"30":0,"31":0,"32":0,"33":0,"34":0,"35":0,"36":0,"37":0,"38":0,"39":0,"40":0,"41":0,"42":0,"43":0,"44":0,"45":0,"46":0,"47":0,"48":0,"49":0,"50":0,"51":0,"52":0,"53":0,"54":0,"55":0,"56":0,"57":0,"58":0,"59":0,"60":0,"61":0,"62":0,"63":0,"64":0,"65":0,"66":0,"67":0,"68":0,"69":0,"70":0,"71":0,"72":0,"73":0,"74":0,"75":0,"76":0,"77":0,"78":0,"79":0,"80":0,"81":0,"82":0,"83":0,"84":0,"85":0,"86":0,"87":0,"88":0,"89":0,"90":0,"91":0,"92":0,"93":0,"94":0,"95":0,"96":0,"97":0,"98":0,"99":0,"100":0,"101":0,"102":0,"103":0,"104":0,"105":0,"106":0,"107":0,"108":0,"109":0,"110":0,"111":4,"112":0,"113":0,"114":0,"115":0,"116":0,"117":0,"118":0,"119":0,"120":0,"121":0,"122":0,"123":0,"124":0,"125":0,"126":0,"127":0,"128":4,"129":4},"f":{"0":0,"1":0,"2":0,"3":0,"4":0,"5":0,"6":0,"7":0,"8":0,"9":0,"10":4,"11":0,"12":0,"13":0,"14":0,"15":0},"b":{"0":[0],"1":[0,0],"2":[0,0],"3":[0,0],"4":[0,0],"5":[0,0],"6":[0,0],"7":[0,0],"8":[0,0],"9":[0,0],"10":[0,0],"11":[0,0],"12":[0,0],"13":[0,0],"14":[0,0],"15":[0,0],"16":[0,0],"17":[0,0],"18":[0,0],"19":[0,0],"20":[0,0],"21":[0,0],"22":[0,0],"23":[0,0],"24":[0],"25":[0,0],"26":[0,0],"27":[0,0],"28":[0,0],"29":[0,0],"30":[0],"31":[0,0],"32":[0],"33":[0],"34":[0,0],"35":[0,0],"36":[0,0]},"inputSourceMap":null,"_coverageSchema":"1a1c01bbd47fc00a2c39e90264f33305004495a9","hash":"fc0aa94eee76141435fbd4d07710cfbcc9e75594"}
,"/Users/izaakdias/Documents/Leaf-new/leaf-websocket-backend/services/fcm-service.js": {"path":"/Users/izaakdias/Documents/Leaf-new/leaf-websocket-backend/services/fcm-service.js","statementMap":{"0":{"start":{"line":1,"column":14},"end":{"line":1,"column":39}},"1":{"start":{"line":2,"column":14},"end":{"line":2,"column":32}},"2":{"start":{"line":3,"column":34},"end":{"line":3,"column":60}},"3":{"start":{"line":4,"column":13},"end":{"line":4,"column":28}},"4":{"start":{"line":5,"column":30},"end":{"line":5,"column":66}},"5":{"start":{"line":6,"column":21},"end":{"line":6,"column":54}},"6":{"start":{"line":10,"column":8},"end":{"line":10,"column":27}},"7":{"start":{"line":11,"column":8},"end":{"line":11,"column":35}},"8":{"start":{"line":12,"column":8},"end":{"line":12,"column":41}},"9":{"start":{"line":13,"column":8},"end":{"line":13,"column":40}},"10":{"start":{"line":17,"column":8},"end":{"line":17,"column":27}},"11":{"start":{"line":22,"column":26},"end":{"line":22,"column":36}},"12":{"start":{"line":23,"column":8},"end":{"line":48,"column":9}},"13":{"start":{"line":25,"column":12},"end":{"line":40,"column":13}},"14":{"start":{"line":27,"column":43},"end":{"line":27,"column":159}},"15":{"start":{"line":29,"column":16},"end":{"line":39,"column":17}},"16":{"start":{"line":30,"column":20},"end":{"line":33,"column":23}},"17":{"start":{"line":34,"column":20},"end":{"line":34,"column":96}},"18":{"start":{"line":36,"column":20},"end":{"line":36,"column":85}},"19":{"start":{"line":37,"column":20},"end":{"line":37,"column":47}},"20":{"start":{"line":38,"column":20},"end":{"line":38,"column":27}},"21":{"start":{"line":42,"column":12},"end":{"line":42,"column":38}},"22":{"start":{"line":43,"column":12},"end":{"line":43,"column":97}},"23":{"start":{"line":46,"column":12},"end":{"line":46,"column":70}},"24":{"start":{"line":47,"column":12},"end":{"line":47,"column":39}},"25":{"start":{"line":53,"column":8},"end":{"line":53,"column":59}},"26":{"start":{"line":58,"column":8},"end":{"line":111,"column":9}},"27":{"start":{"line":59,"column":12},"end":{"line":66,"column":13}},"28":{"start":{"line":60,"column":16},"end":{"line":64,"column":19}},"29":{"start":{"line":65,"column":16},"end":{"line":65,"column":29}},"30":{"start":{"line":68,"column":30},"end":{"line":80,"column":13}},"31":{"start":{"line":83,"column":12},"end":{"line":87,"column":14}},"32":{"start":{"line":90,"column":12},"end":{"line":90,"column":65}},"33":{"start":{"line":93,"column":12},"end":{"line":93,"column":69}},"34":{"start":{"line":95,"column":12},"end":{"line":100,"column":15}},"35":{"start":{"line":101,"column":12},"end":{"line":101,"column":24}},"36":{"start":{"line":104,"column":12},"end":{"line":109,"column":15}},"37":{"start":{"line":110,"column":12},"end":{"line":110,"column":25}},"38":{"start":{"line":116,"column":8},"end":{"line":136,"column":9}},"39":{"start":{"line":117,"column":27},"end":{"line":117,"column":75}},"40":{"start":{"line":118,"column":33},"end":{"line":118,"column":35}},"41":{"start":{"line":120,"column":12},"end":{"line":129,"column":13}},"42":{"start":{"line":121,"column":16},"end":{"line":128,"column":17}},"43":{"start":{"line":122,"column":38},"end":{"line":122,"column":54}},"44":{"start":{"line":123,"column":20},"end":{"line":125,"column":21}},"45":{"start":{"line":124,"column":24},"end":{"line":124,"column":53}},"46":{"start":{"line":127,"column":20},"end":{"line":127,"column":86}},"47":{"start":{"line":131,"column":12},"end":{"line":131,"column":32}},"48":{"start":{"line":134,"column":12},"end":{"line":134,"column":86}},"49":{"start":{"line":135,"column":12},"end":{"line":135,"column":22}},"50":{"start":{"line":141,"column":8},"end":{"line":163,"column":9}},"51":{"start":{"line":143,"column":12},"end":{"line":143,"column":68}},"52":{"start":{"line":146,"column":12},"end":{"line":146,"column":65}},"53":{"start":{"line":148,"column":12},"end":{"line":152,"column":15}},"54":{"start":{"line":153,"column":12},"end":{"line":153,"column":24}},"55":{"start":{"line":156,"column":12},"end":{"line":161,"column":15}},"56":{"start":{"line":162,"column":12},"end":{"line":162,"column":25}},"57":{"start":{"line":168,"column":8},"end":{"line":253,"column":9}},"58":{"start":{"line":169,"column":12},"end":{"line":176,"column":13}},"59":{"start":{"line":170,"column":16},"end":{"line":174,"column":19}},"60":{"start":{"line":175,"column":16},"end":{"line":175,"column":79}},"61":{"start":{"line":179,"column":12},"end":{"line":186,"column":13}},"62":{"start":{"line":180,"column":16},"end":{"line":184,"column":19}},"63":{"start":{"line":185,"column":16},"end":{"line":185,"column":72}},"64":{"start":{"line":189,"column":31},"end":{"line":189,"column":66}},"65":{"start":{"line":191,"column":12},"end":{"line":198,"column":13}},"66":{"start":{"line":192,"column":16},"end":{"line":196,"column":19}},"67":{"start":{"line":197,"column":16},"end":{"line":197,"column":80}},"68":{"start":{"line":201,"column":28},"end":{"line":201,"column":30}},"69":{"start":{"line":202,"column":12},"end":{"line":224,"column":13}},"70":{"start":{"line":203,"column":16},"end":{"line":223,"column":17}},"71":{"start":{"line":204,"column":35},"end":{"line":204,"column":91}},"72":{"start":{"line":205,"column":20},"end":{"line":210,"column":23}},"73":{"start":{"line":212,"column":20},"end":{"line":217,"column":23}},"74":{"start":{"line":218,"column":20},"end":{"line":222,"column":23}},"75":{"start":{"line":226,"column":33},"end":{"line":226,"column":70}},"76":{"start":{"line":226,"column":53},"end":{"line":226,"column":62}},"77":{"start":{"line":227,"column":12},"end":{"line":233,"column":15}},"78":{"start":{"line":235,"column":12},"end":{"line":243,"column":14}},"79":{"start":{"line":246,"column":12},"end":{"line":251,"column":15}},"80":{"start":{"line":252,"column":12},"end":{"line":252,"column":60}},"81":{"start":{"line":258,"column":8},"end":{"line":282,"column":9}},"82":{"start":{"line":259,"column":28},"end":{"line":259,"column":30}},"83":{"start":{"line":261,"column":12},"end":{"line":264,"column":13}},"84":{"start":{"line":262,"column":31},"end":{"line":262,"column":86}},"85":{"start":{"line":263,"column":16},"end":{"line":263,"column":49}},"86":{"start":{"line":266,"column":33},"end":{"line":266,"column":77}},"87":{"start":{"line":266,"column":53},"end":{"line":266,"column":69}},"88":{"start":{"line":267,"column":12},"end":{"line":267,"column":113}},"89":{"start":{"line":269,"column":12},"end":{"line":277,"column":14}},"90":{"start":{"line":280,"column":12},"end":{"line":280,"column":90}},"91":{"start":{"line":281,"column":12},"end":{"line":281,"column":60}},"92":{"start":{"line":287,"column":8},"end":{"line":371,"column":9}},"93":{"start":{"line":288,"column":12},"end":{"line":290,"column":13}},"94":{"start":{"line":289,"column":16},"end":{"line":289,"column":62}},"95":{"start":{"line":292,"column":28},"end":{"line":333,"column":13}},"96":{"start":{"line":313,"column":73},"end":{"line":317,"column":29}},"97":{"start":{"line":336,"column":29},"end":{"line":349,"column":13}},"98":{"start":{"line":339,"column":20},"end":{"line":339,"column":65}},"99":{"start":{"line":343,"column":20},"end":{"line":343,"column":92}},"100":{"start":{"line":351,"column":12},"end":{"line":351,"column":85}},"101":{"start":{"line":353,"column":12},"end":{"line":356,"column":14}},"102":{"start":{"line":359,"column":12},"end":{"line":359,"column":88}},"103":{"start":{"line":362,"column":12},"end":{"line":365,"column":13}},"104":{"start":{"line":364,"column":16},"end":{"line":364,"column":56}},"105":{"start":{"line":367,"column":12},"end":{"line":370,"column":14}},"106":{"start":{"line":383,"column":8},"end":{"line":472,"column":9}},"107":{"start":{"line":384,"column":12},"end":{"line":386,"column":13}},"108":{"start":{"line":385,"column":16},"end":{"line":385,"column":62}},"109":{"start":{"line":389,"column":36},"end":{"line":395,"column":13}},"110":{"start":{"line":397,"column":28},"end":{"line":435,"column":13}},"111":{"start":{"line":415,"column":60},"end":{"line":419,"column":29}},"112":{"start":{"line":438,"column":29},"end":{"line":451,"column":13}},"113":{"start":{"line":441,"column":20},"end":{"line":441,"column":65}},"114":{"start":{"line":445,"column":20},"end":{"line":445,"column":92}},"115":{"start":{"line":453,"column":12},"end":{"line":453,"column":96}},"116":{"start":{"line":455,"column":12},"end":{"line":458,"column":14}},"117":{"start":{"line":461,"column":12},"end":{"line":461,"column":99}},"118":{"start":{"line":463,"column":12},"end":{"line":466,"column":13}},"119":{"start":{"line":465,"column":16},"end":{"line":465,"column":56}},"120":{"start":{"line":468,"column":12},"end":{"line":471,"column":14}},"121":{"start":{"line":477,"column":8},"end":{"line":512,"column":9}},"122":{"start":{"line":478,"column":12},"end":{"line":480,"column":13}},"123":{"start":{"line":479,"column":16},"end":{"line":479,"column":62}},"124":{"start":{"line":482,"column":28},"end":{"line":495,"column":13}},"125":{"start":{"line":497,"column":29},"end":{"line":497,"column":66}},"126":{"start":{"line":499,"column":12},"end":{"line":499,"column":83}},"127":{"start":{"line":501,"column":12},"end":{"line":504,"column":14}},"128":{"start":{"line":507,"column":12},"end":{"line":507,"column":86}},"129":{"start":{"line":508,"column":12},"end":{"line":511,"column":14}},"130":{"start":{"line":519,"column":8},"end":{"line":585,"column":9}},"131":{"start":{"line":520,"column":12},"end":{"line":520,"column":97}},"132":{"start":{"line":520,"column":44},"end":{"line":520,"column":97}},"133":{"start":{"line":523,"column":33},"end":{"line":523,"column":81}},"134":{"start":{"line":524,"column":28},"end":{"line":524,"column":53}},"135":{"start":{"line":526,"column":12},"end":{"line":532,"column":13}},"136":{"start":{"line":527,"column":31},"end":{"line":527,"column":113}},"137":{"start":{"line":528,"column":16},"end":{"line":531,"column":17}},"138":{"start":{"line":529,"column":37},"end":{"line":529,"column":57}},"139":{"start":{"line":530,"column":20},"end":{"line":530,"column":87}},"140":{"start":{"line":530,"column":55},"end":{"line":530,"column":87}},"141":{"start":{"line":534,"column":12},"end":{"line":537,"column":13}},"142":{"start":{"line":535,"column":16},"end":{"line":535,"column":103}},"143":{"start":{"line":536,"column":16},"end":{"line":536,"column":77}},"144":{"start":{"line":539,"column":32},"end":{"line":550,"column":13}},"145":{"start":{"line":552,"column":12},"end":{"line":552,"column":86}},"146":{"start":{"line":552,"column":33},"end":{"line":552,"column":86}},"147":{"start":{"line":553,"column":12},"end":{"line":553,"column":101}},"148":{"start":{"line":553,"column":38},"end":{"line":553,"column":101}},"149":{"start":{"line":555,"column":31},"end":{"line":555,"column":32}},"150":{"start":{"line":556,"column":12},"end":{"line":578,"column":13}},"151":{"start":{"line":557,"column":32},"end":{"line":562,"column":17}},"152":{"start":{"line":564,"column":16},"end":{"line":577,"column":17}},"153":{"start":{"line":565,"column":20},"end":{"line":570,"column":22}},"154":{"start":{"line":567,"column":36},"end":{"line":567,"column":67}},"155":{"start":{"line":568,"column":38},"end":{"line":568,"column":74}},"156":{"start":{"line":571,"column":20},"end":{"line":571,"column":35}},"157":{"start":{"line":573,"column":20},"end":{"line":573,"column":107}},"158":{"start":{"line":574,"column":20},"end":{"line":576,"column":21}},"159":{"start":{"line":575,"column":24},"end":{"line":575,"column":64}},"160":{"start":{"line":579,"column":12},"end":{"line":579,"column":115}},"161":{"start":{"line":580,"column":12},"end":{"line":580,"column":58}},"162":{"start":{"line":583,"column":12},"end":{"line":583,"column":96}},"163":{"start":{"line":584,"column":12},"end":{"line":584,"column":60}},"164":{"start":{"line":590,"column":8},"end":{"line":597,"column":9}},"165":{"start":{"line":591,"column":33},"end":{"line":591,"column":88}},"166":{"start":{"line":592,"column":12},"end":{"line":592,"column":75}},"167":{"start":{"line":595,"column":12},"end":{"line":595,"column":75}},"168":{"start":{"line":596,"column":12},"end":{"line":596,"column":60}},"169":{"start":{"line":602,"column":25},"end":{"line":606,"column":9}},"170":{"start":{"line":608,"column":8},"end":{"line":662,"column":9}},"171":{"start":{"line":610,"column":16},"end":{"line":616,"column":18}},"172":{"start":{"line":619,"column":16},"end":{"line":625,"column":18}},"173":{"start":{"line":628,"column":16},"end":{"line":634,"column":18}},"174":{"start":{"line":637,"column":16},"end":{"line":643,"column":18}},"175":{"start":{"line":646,"column":16},"end":{"line":652,"column":18}},"176":{"start":{"line":655,"column":16},"end":{"line":661,"column":18}},"177":{"start":{"line":667,"column":8},"end":{"line":688,"column":9}},"178":{"start":{"line":668,"column":33},"end":{"line":681,"column":13}},"179":{"start":{"line":683,"column":12},"end":{"line":683,"column":75}},"180":{"start":{"line":686,"column":12},"end":{"line":686,"column":78}},"181":{"start":{"line":687,"column":12},"end":{"line":687,"column":60}},"182":{"start":{"line":693,"column":20},"end":{"line":693,"column":30}},"183":{"start":{"line":694,"column":30},"end":{"line":694,"column":35}},"184":{"start":{"line":697,"column":8},"end":{"line":700,"column":9}},"185":{"start":{"line":698,"column":12},"end":{"line":698,"column":41}},"186":{"start":{"line":699,"column":12},"end":{"line":699,"column":37}},"187":{"start":{"line":703,"column":29},"end":{"line":703,"column":66}},"188":{"start":{"line":704,"column":42},"end":{"line":704,"column":44}},"189":{"start":{"line":706,"column":8},"end":{"line":708,"column":9}},"190":{"start":{"line":707,"column":12},"end":{"line":707,"column":25}},"191":{"start":{"line":711,"column":8},"end":{"line":711,"column":59}},"192":{"start":{"line":712,"column":8},"end":{"line":712,"column":20}},"193":{"start":{"line":717,"column":8},"end":{"line":737,"column":9}},"194":{"start":{"line":719,"column":12},"end":{"line":719,"column":65}},"195":{"start":{"line":722,"column":25},"end":{"line":722,"column":62}},"196":{"start":{"line":724,"column":12},"end":{"line":733,"column":13}},"197":{"start":{"line":725,"column":31},"end":{"line":725,"column":60}},"198":{"start":{"line":726,"column":16},"end":{"line":732,"column":17}},"199":{"start":{"line":727,"column":20},"end":{"line":731,"column":21}},"200":{"start":{"line":728,"column":24},"end":{"line":728,"column":58}},"201":{"start":{"line":729,"column":24},"end":{"line":729,"column":73}},"202":{"start":{"line":730,"column":24},"end":{"line":730,"column":30}},"203":{"start":{"line":736,"column":12},"end":{"line":736,"column":69}},"204":{"start":{"line":742,"column":8},"end":{"line":761,"column":9}},"205":{"start":{"line":743,"column":38},"end":{"line":743,"column":81}},"206":{"start":{"line":744,"column":31},"end":{"line":744,"column":75}},"207":{"start":{"line":746,"column":12},"end":{"line":751,"column":14}},"208":{"start":{"line":754,"column":12},"end":{"line":754,"column":76}},"209":{"start":{"line":755,"column":12},"end":{"line":760,"column":14}},"210":{"start":{"line":766,"column":8},"end":{"line":803,"column":9}},"211":{"start":{"line":767,"column":24},"end":{"line":767,"column":34}},"212":{"start":{"line":768,"column":34},"end":{"line":768,"column":66}},"213":{"start":{"line":770,"column":25},"end":{"line":770,"column":62}},"214":{"start":{"line":772,"column":12},"end":{"line":797,"column":13}},"215":{"start":{"line":773,"column":31},"end":{"line":773,"column":60}},"216":{"start":{"line":774,"column":38},"end":{"line":774,"column":40}},"217":{"start":{"line":776,"column":16},"end":{"line":788,"column":17}},"218":{"start":{"line":777,"column":20},"end":{"line":787,"column":21}},"219":{"start":{"line":778,"column":42},"end":{"line":778,"column":58}},"220":{"start":{"line":779,"column":44},"end":{"line":779,"column":85}},"221":{"start":{"line":781,"column":24},"end":{"line":783,"column":25}},"222":{"start":{"line":782,"column":28},"end":{"line":782,"column":56}},"223":{"start":{"line":786,"column":24},"end":{"line":786,"column":52}},"224":{"start":{"line":791,"column":16},"end":{"line":796,"column":17}},"225":{"start":{"line":792,"column":20},"end":{"line":792,"column":46}},"226":{"start":{"line":793,"column":20},"end":{"line":793,"column":62}},"227":{"start":{"line":795,"column":20},"end":{"line":795,"column":46}},"228":{"start":{"line":799,"column":12},"end":{"line":799,"column":61}},"229":{"start":{"line":802,"column":12},"end":{"line":802,"column":67}},"230":{"start":{"line":808,"column":8},"end":{"line":814,"column":9}},"231":{"start":{"line":809,"column":12},"end":{"line":809,"column":36}},"232":{"start":{"line":810,"column":12},"end":{"line":810,"column":39}},"233":{"start":{"line":811,"column":12},"end":{"line":811,"column":51}},"234":{"start":{"line":813,"column":12},"end":{"line":813,"column":67}},"235":{"start":{"line":818,"column":0},"end":{"line":818,"column":28}}},"fnMap":{"0":{"name":"(anonymous_0)","decl":{"start":{"line":9,"column":4},"end":{"line":9,"column":5}},"loc":{"start":{"line":9,"column":30},"end":{"line":14,"column":5}},"line":9},"1":{"name":"(anonymous_1)","decl":{"start":{"line":16,"column":4},"end":{"line":16,"column":5}},"loc":{"start":{"line":16,"column":20},"end":{"line":18,"column":5}},"line":16},"2":{"name":"(anonymous_2)","decl":{"start":{"line":21,"column":4},"end":{"line":21,"column":5}},"loc":{"start":{"line":21,"column":23},"end":{"line":49,"column":5}},"line":21},"3":{"name":"(anonymous_3)","decl":{"start":{"line":52,"column":4},"end":{"line":52,"column":5}},"loc":{"start":{"line":52,"column":25},"end":{"line":54,"column":5}},"line":52},"4":{"name":"(anonymous_4)","decl":{"start":{"line":57,"column":4},"end":{"line":57,"column":5}},"loc":{"start":{"line":57,"column":72},"end":{"line":112,"column":5}},"line":57},"5":{"name":"(anonymous_5)","decl":{"start":{"line":115,"column":4},"end":{"line":115,"column":5}},"loc":{"start":{"line":115,"column":35},"end":{"line":137,"column":5}},"line":115},"6":{"name":"(anonymous_6)","decl":{"start":{"line":140,"column":4},"end":{"line":140,"column":5}},"loc":{"start":{"line":140,"column":47},"end":{"line":164,"column":5}},"line":140},"7":{"name":"(anonymous_7)","decl":{"start":{"line":167,"column":4},"end":{"line":167,"column":5}},"loc":{"start":{"line":167,"column":55},"end":{"line":254,"column":5}},"line":167},"8":{"name":"(anonymous_8)","decl":{"start":{"line":226,"column":48},"end":{"line":226,"column":49}},"loc":{"start":{"line":226,"column":53},"end":{"line":226,"column":62}},"line":226},"9":{"name":"(anonymous_9)","decl":{"start":{"line":257,"column":4},"end":{"line":257,"column":5}},"loc":{"start":{"line":257,"column":57},"end":{"line":283,"column":5}},"line":257},"10":{"name":"(anonymous_10)","decl":{"start":{"line":266,"column":48},"end":{"line":266,"column":49}},"loc":{"start":{"line":266,"column":53},"end":{"line":266,"column":69}},"line":266},"11":{"name":"(anonymous_11)","decl":{"start":{"line":286,"column":4},"end":{"line":286,"column":5}},"loc":{"start":{"line":286,"column":46},"end":{"line":372,"column":5}},"line":286},"12":{"name":"(anonymous_12)","decl":{"start":{"line":313,"column":62},"end":{"line":313,"column":63}},"loc":{"start":{"line":313,"column":73},"end":{"line":317,"column":29}},"line":313},"13":{"name":"(anonymous_13)","decl":{"start":{"line":338,"column":16},"end":{"line":338,"column":17}},"loc":{"start":{"line":338,"column":28},"end":{"line":340,"column":17}},"line":338},"14":{"name":"(anonymous_14)","decl":{"start":{"line":341,"column":16},"end":{"line":341,"column":17}},"loc":{"start":{"line":341,"column":28},"end":{"line":344,"column":17}},"line":341},"15":{"name":"(anonymous_15)","decl":{"start":{"line":382,"column":4},"end":{"line":382,"column":5}},"loc":{"start":{"line":382,"column":93},"end":{"line":473,"column":5}},"line":382},"16":{"name":"(anonymous_16)","decl":{"start":{"line":415,"column":49},"end":{"line":415,"column":50}},"loc":{"start":{"line":415,"column":60},"end":{"line":419,"column":29}},"line":415},"17":{"name":"(anonymous_17)","decl":{"start":{"line":440,"column":16},"end":{"line":440,"column":17}},"loc":{"start":{"line":440,"column":28},"end":{"line":442,"column":17}},"line":440},"18":{"name":"(anonymous_18)","decl":{"start":{"line":443,"column":16},"end":{"line":443,"column":17}},"loc":{"start":{"line":443,"column":28},"end":{"line":446,"column":17}},"line":443},"19":{"name":"(anonymous_19)","decl":{"start":{"line":476,"column":4},"end":{"line":476,"column":5}},"loc":{"start":{"line":476,"column":43},"end":{"line":513,"column":5}},"line":476},"20":{"name":"(anonymous_20)","decl":{"start":{"line":518,"column":4},"end":{"line":518,"column":5}},"loc":{"start":{"line":518,"column":49},"end":{"line":586,"column":5}},"line":518},"21":{"name":"(anonymous_21)","decl":{"start":{"line":567,"column":24},"end":{"line":567,"column":25}},"loc":{"start":{"line":567,"column":36},"end":{"line":567,"column":67}},"line":567},"22":{"name":"(anonymous_22)","decl":{"start":{"line":568,"column":24},"end":{"line":568,"column":25}},"loc":{"start":{"line":568,"column":36},"end":{"line":568,"column":76}},"line":568},"23":{"name":"(anonymous_23)","decl":{"start":{"line":589,"column":4},"end":{"line":589,"column":5}},"loc":{"start":{"line":589,"column":67},"end":{"line":598,"column":5}},"line":589},"24":{"name":"(anonymous_24)","decl":{"start":{"line":601,"column":4},"end":{"line":601,"column":5}},"loc":{"start":{"line":601,"column":55},"end":{"line":663,"column":5}},"line":601},"25":{"name":"(anonymous_25)","decl":{"start":{"line":666,"column":4},"end":{"line":666,"column":5}},"loc":{"start":{"line":666,"column":53},"end":{"line":689,"column":5}},"line":666},"26":{"name":"(anonymous_26)","decl":{"start":{"line":692,"column":4},"end":{"line":692,"column":5}},"loc":{"start":{"line":692,"column":27},"end":{"line":713,"column":5}},"line":692},"27":{"name":"(anonymous_27)","decl":{"start":{"line":716,"column":4},"end":{"line":716,"column":5}},"loc":{"start":{"line":716,"column":39},"end":{"line":738,"column":5}},"line":716},"28":{"name":"(anonymous_28)","decl":{"start":{"line":741,"column":4},"end":{"line":741,"column":5}},"loc":{"start":{"line":741,"column":28},"end":{"line":762,"column":5}},"line":741},"29":{"name":"(anonymous_29)","decl":{"start":{"line":765,"column":4},"end":{"line":765,"column":5}},"loc":{"start":{"line":765,"column":27},"end":{"line":804,"column":5}},"line":765},"30":{"name":"(anonymous_30)","decl":{"start":{"line":807,"column":4},"end":{"line":807,"column":5}},"loc":{"start":{"line":807,"column":14},"end":{"line":815,"column":5}},"line":807}},"branchMap":{"0":{"loc":{"start":{"line":9,"column":16},"end":{"line":9,"column":28}},"type":"default-arg","locations":[{"start":{"line":9,"column":24},"end":{"line":9,"column":28}}],"line":9},"1":{"loc":{"start":{"line":25,"column":12},"end":{"line":40,"column":13}},"type":"if","locations":[{"start":{"line":25,"column":12},"end":{"line":40,"column":13}},{"start":{},"end":{}}],"line":25},"2":{"loc":{"start":{"line":32,"column":37},"end":{"line":32,"column":128}},"type":"binary-expr","locations":[{"start":{"line":32,"column":37},"end":{"line":32,"column":70}},{"start":{"line":32,"column":74},"end":{"line":32,"column":128}}],"line":32},"3":{"loc":{"start":{"line":53,"column":15},"end":{"line":53,"column":58}},"type":"binary-expr","locations":[{"start":{"line":53,"column":15},"end":{"line":53,"column":33}},{"start":{"line":53,"column":37},"end":{"line":53,"column":58}}],"line":53},"4":{"loc":{"start":{"line":57,"column":55},"end":{"line":57,"column":70}},"type":"default-arg","locations":[{"start":{"line":57,"column":68},"end":{"line":57,"column":70}}],"line":57},"5":{"loc":{"start":{"line":59,"column":12},"end":{"line":66,"column":13}},"type":"if","locations":[{"start":{"line":59,"column":12},"end":{"line":66,"column":13}},{"start":{},"end":{}}],"line":59},"6":{"loc":{"start":{"line":76,"column":31},"end":{"line":76,"column":64}},"type":"binary-expr","locations":[{"start":{"line":76,"column":31},"end":{"line":76,"column":55}},{"start":{"line":76,"column":59},"end":{"line":76,"column":64}}],"line":76},"7":{"loc":{"start":{"line":77,"column":33},"end":{"line":77,"column":67}},"type":"binary-expr","locations":[{"start":{"line":77,"column":33},"end":{"line":77,"column":59}},{"start":{"line":77,"column":63},"end":{"line":77,"column":67}}],"line":77},"8":{"loc":{"start":{"line":78,"column":26},"end":{"line":78,"column":53}},"type":"binary-expr","locations":[{"start":{"line":78,"column":26},"end":{"line":78,"column":45}},{"start":{"line":78,"column":49},"end":{"line":78,"column":53}}],"line":78},"9":{"loc":{"start":{"line":79,"column":29},"end":{"line":79,"column":60}},"type":"binary-expr","locations":[{"start":{"line":79,"column":29},"end":{"line":79,"column":51}},{"start":{"line":79,"column":55},"end":{"line":79,"column":60}}],"line":79},"10":{"loc":{"start":{"line":123,"column":20},"end":{"line":125,"column":21}},"type":"if","locations":[{"start":{"line":123,"column":20},"end":{"line":125,"column":21}},{"start":{},"end":{}}],"line":123},"11":{"loc":{"start":{"line":169,"column":12},"end":{"line":176,"column":13}},"type":"if","locations":[{"start":{"line":169,"column":12},"end":{"line":176,"column":13}},{"start":{},"end":{}}],"line":169},"12":{"loc":{"start":{"line":179,"column":12},"end":{"line":186,"column":13}},"type":"if","locations":[{"start":{"line":179,"column":12},"end":{"line":186,"column":13}},{"start":{},"end":{}}],"line":179},"13":{"loc":{"start":{"line":191,"column":12},"end":{"line":198,"column":13}},"type":"if","locations":[{"start":{"line":191,"column":12},"end":{"line":198,"column":13}},{"start":{},"end":{}}],"line":191},"14":{"loc":{"start":{"line":288,"column":12},"end":{"line":290,"column":13}},"type":"if","locations":[{"start":{"line":288,"column":12},"end":{"line":290,"column":13}},{"start":{},"end":{}}],"line":288},"15":{"loc":{"start":{"line":305,"column":35},"end":{"line":305,"column":70}},"type":"binary-expr","locations":[{"start":{"line":305,"column":35},"end":{"line":305,"column":57}},{"start":{"line":305,"column":61},"end":{"line":305,"column":70}}],"line":305},"16":{"loc":{"start":{"line":310,"column":28},"end":{"line":318,"column":25}},"type":"binary-expr","locations":[{"start":{"line":310,"column":28},"end":{"line":310,"column":48}},{"start":{"line":310,"column":52},"end":{"line":310,"column":83}},{"start":{"line":310,"column":87},"end":{"line":318,"column":25}}],"line":310},"17":{"loc":{"start":{"line":316,"column":38},"end":{"line":316,"column":70}},"type":"binary-expr","locations":[{"start":{"line":316,"column":38},"end":{"line":316,"column":49}},{"start":{"line":316,"column":53},"end":{"line":316,"column":70}}],"line":316},"18":{"loc":{"start":{"line":325,"column":35},"end":{"line":325,"column":58}},"type":"binary-expr","locations":[{"start":{"line":325,"column":35},"end":{"line":325,"column":53}},{"start":{"line":325,"column":57},"end":{"line":325,"column":58}}],"line":325},"19":{"loc":{"start":{"line":327,"column":32},"end":{"line":329,"column":29}},"type":"binary-expr","locations":[{"start":{"line":327,"column":32},"end":{"line":327,"column":53}},{"start":{"line":327,"column":57},"end":{"line":329,"column":29}}],"line":327},"20":{"loc":{"start":{"line":362,"column":12},"end":{"line":365,"column":13}},"type":"if","locations":[{"start":{"line":362,"column":12},"end":{"line":365,"column":13}},{"start":{},"end":{}}],"line":362},"21":{"loc":{"start":{"line":362,"column":16},"end":{"line":363,"column":76}},"type":"binary-expr","locations":[{"start":{"line":362,"column":16},"end":{"line":362,"column":69}},{"start":{"line":363,"column":16},"end":{"line":363,"column":76}}],"line":362},"22":{"loc":{"start":{"line":382,"column":62},"end":{"line":382,"column":74}},"type":"default-arg","locations":[{"start":{"line":382,"column":72},"end":{"line":382,"column":74}}],"line":382},"23":{"loc":{"start":{"line":382,"column":76},"end":{"line":382,"column":91}},"type":"default-arg","locations":[{"start":{"line":382,"column":87},"end":{"line":382,"column":91}}],"line":382},"24":{"loc":{"start":{"line":384,"column":12},"end":{"line":386,"column":13}},"type":"if","locations":[{"start":{"line":384,"column":12},"end":{"line":386,"column":13}},{"start":{},"end":{}}],"line":384},"25":{"loc":{"start":{"line":394,"column":20},"end":{"line":394,"column":44}},"type":"binary-expr","locations":[{"start":{"line":394,"column":20},"end":{"line":394,"column":28}},{"start":{"line":394,"column":32},"end":{"line":394,"column":44}}],"line":394},"26":{"loc":{"start":{"line":407,"column":35},"end":{"line":407,"column":77}},"type":"binary-expr","locations":[{"start":{"line":407,"column":35},"end":{"line":407,"column":57}},{"start":{"line":407,"column":61},"end":{"line":407,"column":77}}],"line":407},"27":{"loc":{"start":{"line":414,"column":28},"end":{"line":420,"column":25}},"type":"binary-expr","locations":[{"start":{"line":414,"column":28},"end":{"line":414,"column":46}},{"start":{"line":414,"column":50},"end":{"line":420,"column":25}}],"line":414},"28":{"loc":{"start":{"line":418,"column":38},"end":{"line":418,"column":70}},"type":"binary-expr","locations":[{"start":{"line":418,"column":38},"end":{"line":418,"column":49}},{"start":{"line":418,"column":53},"end":{"line":418,"column":70}}],"line":418},"29":{"loc":{"start":{"line":427,"column":35},"end":{"line":427,"column":58}},"type":"binary-expr","locations":[{"start":{"line":427,"column":35},"end":{"line":427,"column":53}},{"start":{"line":427,"column":57},"end":{"line":427,"column":58}}],"line":427},"30":{"loc":{"start":{"line":429,"column":32},"end":{"line":431,"column":29}},"type":"binary-expr","locations":[{"start":{"line":429,"column":32},"end":{"line":429,"column":40}},{"start":{"line":429,"column":44},"end":{"line":431,"column":29}}],"line":429},"31":{"loc":{"start":{"line":463,"column":12},"end":{"line":466,"column":13}},"type":"if","locations":[{"start":{"line":463,"column":12},"end":{"line":466,"column":13}},{"start":{},"end":{}}],"line":463},"32":{"loc":{"start":{"line":463,"column":16},"end":{"line":464,"column":76}},"type":"binary-expr","locations":[{"start":{"line":463,"column":16},"end":{"line":463,"column":69}},{"start":{"line":464,"column":16},"end":{"line":464,"column":76}}],"line":463},"33":{"loc":{"start":{"line":478,"column":12},"end":{"line":480,"column":13}},"type":"if","locations":[{"start":{"line":478,"column":12},"end":{"line":480,"column":13}},{"start":{},"end":{}}],"line":478},"34":{"loc":{"start":{"line":520,"column":12},"end":{"line":520,"column":97}},"type":"if","locations":[{"start":{"line":520,"column":12},"end":{"line":520,"column":97}},{"start":{},"end":{}}],"line":520},"35":{"loc":{"start":{"line":526,"column":12},"end":{"line":532,"column":13}},"type":"if","locations":[{"start":{"line":526,"column":12},"end":{"line":532,"column":13}},{"start":{},"end":{}}],"line":526},"36":{"loc":{"start":{"line":527,"column":31},"end":{"line":527,"column":113}},"type":"binary-expr","locations":[{"start":{"line":527,"column":31},"end":{"line":527,"column":69}},{"start":{"line":527,"column":73},"end":{"line":527,"column":113}}],"line":527},"37":{"loc":{"start":{"line":528,"column":16},"end":{"line":531,"column":17}},"type":"if","locations":[{"start":{"line":528,"column":16},"end":{"line":531,"column":17}},{"start":{},"end":{}}],"line":528},"38":{"loc":{"start":{"line":530,"column":20},"end":{"line":530,"column":87}},"type":"if","locations":[{"start":{"line":530,"column":20},"end":{"line":530,"column":87}},{"start":{},"end":{}}],"line":530},"39":{"loc":{"start":{"line":530,"column":24},"end":{"line":530,"column":53}},"type":"binary-expr","locations":[{"start":{"line":530,"column":24},"end":{"line":530,"column":32}},{"start":{"line":530,"column":36},"end":{"line":530,"column":53}}],"line":530},"40":{"loc":{"start":{"line":534,"column":12},"end":{"line":537,"column":13}},"type":"if","locations":[{"start":{"line":534,"column":12},"end":{"line":537,"column":13}},{"start":{},"end":{}}],"line":534},"41":{"loc":{"start":{"line":541,"column":34},"end":{"line":541,"column":58}},"type":"binary-expr","locations":[{"start":{"line":541,"column":34},"end":{"line":541,"column":52}},{"start":{"line":541,"column":56},"end":{"line":541,"column":58}}],"line":541},"42":{"loc":{"start":{"line":542,"column":31},"end":{"line":542,"column":52}},"type":"binary-expr","locations":[{"start":{"line":542,"column":31},"end":{"line":542,"column":46}},{"start":{"line":542,"column":50},"end":{"line":542,"column":52}}],"line":542},"43":{"loc":{"start":{"line":543,"column":33},"end":{"line":543,"column":56}},"type":"binary-expr","locations":[{"start":{"line":543,"column":33},"end":{"line":543,"column":50}},{"start":{"line":543,"column":54},"end":{"line":543,"column":56}}],"line":543},"44":{"loc":{"start":{"line":544,"column":35},"end":{"line":544,"column":60}},"type":"binary-expr","locations":[{"start":{"line":544,"column":35},"end":{"line":544,"column":54}},{"start":{"line":544,"column":58},"end":{"line":544,"column":60}}],"line":544},"45":{"loc":{"start":{"line":545,"column":37},"end":{"line":545,"column":64}},"type":"binary-expr","locations":[{"start":{"line":545,"column":37},"end":{"line":545,"column":58}},{"start":{"line":545,"column":62},"end":{"line":545,"column":64}}],"line":545},"46":{"loc":{"start":{"line":546,"column":38},"end":{"line":546,"column":66}},"type":"binary-expr","locations":[{"start":{"line":546,"column":38},"end":{"line":546,"column":60}},{"start":{"line":546,"column":64},"end":{"line":546,"column":66}}],"line":546},"47":{"loc":{"start":{"line":547,"column":33},"end":{"line":547,"column":56}},"type":"binary-expr","locations":[{"start":{"line":547,"column":33},"end":{"line":547,"column":50}},{"start":{"line":547,"column":54},"end":{"line":547,"column":56}}],"line":547},"48":{"loc":{"start":{"line":548,"column":29},"end":{"line":548,"column":48}},"type":"binary-expr","locations":[{"start":{"line":548,"column":29},"end":{"line":548,"column":42}},{"start":{"line":548,"column":46},"end":{"line":548,"column":48}}],"line":548},"49":{"loc":{"start":{"line":552,"column":12},"end":{"line":552,"column":86}},"type":"if","locations":[{"start":{"line":552,"column":12},"end":{"line":552,"column":86}},{"start":{},"end":{}}],"line":552},"50":{"loc":{"start":{"line":553,"column":12},"end":{"line":553,"column":101}},"type":"if","locations":[{"start":{"line":553,"column":12},"end":{"line":553,"column":101}},{"start":{},"end":{}}],"line":553},"51":{"loc":{"start":{"line":574,"column":20},"end":{"line":576,"column":21}},"type":"if","locations":[{"start":{"line":574,"column":20},"end":{"line":576,"column":21}},{"start":{},"end":{}}],"line":574},"52":{"loc":{"start":{"line":574,"column":24},"end":{"line":574,"column":137}},"type":"binary-expr","locations":[{"start":{"line":574,"column":24},"end":{"line":574,"column":75}},{"start":{"line":574,"column":79},"end":{"line":574,"column":137}}],"line":574},"53":{"loc":{"start":{"line":603,"column":20},"end":{"line":603,"column":50}},"type":"binary-expr","locations":[{"start":{"line":603,"column":20},"end":{"line":603,"column":31}},{"start":{"line":603,"column":35},"end":{"line":603,"column":50}}],"line":603},"54":{"loc":{"start":{"line":608,"column":8},"end":{"line":662,"column":9}},"type":"switch","locations":[{"start":{"line":609,"column":12},"end":{"line":616,"column":18}},{"start":{"line":618,"column":12},"end":{"line":625,"column":18}},{"start":{"line":627,"column":12},"end":{"line":634,"column":18}},{"start":{"line":636,"column":12},"end":{"line":643,"column":18}},{"start":{"line":645,"column":12},"end":{"line":652,"column":18}},{"start":{"line":654,"column":12},"end":{"line":661,"column":18}}],"line":608},"55":{"loc":{"start":{"line":697,"column":8},"end":{"line":700,"column":9}},"type":"if","locations":[{"start":{"line":697,"column":8},"end":{"line":700,"column":9}},{"start":{},"end":{}}],"line":697},"56":{"loc":{"start":{"line":703,"column":29},"end":{"line":703,"column":66}},"type":"binary-expr","locations":[{"start":{"line":703,"column":29},"end":{"line":703,"column":61}},{"start":{"line":703,"column":65},"end":{"line":703,"column":66}}],"line":703},"57":{"loc":{"start":{"line":706,"column":8},"end":{"line":708,"column":9}},"type":"if","locations":[{"start":{"line":706,"column":8},"end":{"line":708,"column":9}},{"start":{},"end":{}}],"line":706},"58":{"loc":{"start":{"line":727,"column":20},"end":{"line":731,"column":21}},"type":"if","locations":[{"start":{"line":727,"column":20},"end":{"line":731,"column":21}},{"start":{},"end":{}}],"line":727},"59":{"loc":{"start":{"line":781,"column":24},"end":{"line":783,"column":25}},"type":"if","locations":[{"start":{"line":781,"column":24},"end":{"line":783,"column":25}},{"start":{},"end":{}}],"line":781},"60":{"loc":{"start":{"line":791,"column":16},"end":{"line":796,"column":17}},"type":"if","locations":[{"start":{"line":791,"column":16},"end":{"line":796,"column":17}},{"start":{"line":794,"column":23},"end":{"line":796,"column":17}}],"line":791}},"s":{"0":4,"1":4,"2":4,"3":4,"4":4,"5":4,"6":4,"7":4,"8":4,"9":4,"10":0,"11":0,"12":0,"13":0,"14":0,"15":0,"16":0,"17":0,"18":0,"19":0,"20":0,"21":0,"22":0,"23":0,"24":0,"25":1,"26":1,"27":1,"28":0,"29":0,"30":1,"31":1,"32":1,"33":1,"34":1,"35":1,"36":0,"37":0,"38":0,"39":0,"40":0,"41":0,"42":0,"43":0,"44":0,"45":0,"46":0,"47":0,"48":0,"49":0,"50":0,"51":0,"52":0,"53":0,"54":0,"55":0,"56":0,"57":1,"58":1,"59":1,"60":1,"61":0,"62":0,"63":0,"64":0,"65":0,"66":0,"67":0,"68":0,"69":0,"70":0,"71":0,"72":0,"73":0,"74":0,"75":0,"76":0,"77":0,"78":0,"79":0,"80":0,"81":0,"82":0,"83":0,"84":0,"85":0,"86":0,"87":0,"88":0,"89":0,"90":0,"91":0,"92":0,"93":0,"94":0,"95":0,"96":0,"97":0,"98":0,"99":0,"100":0,"101":0,"102":0,"103":0,"104":0,"105":0,"106":0,"107":0,"108":0,"109":0,"110":0,"111":0,"112":0,"113":0,"114":0,"115":0,"116":0,"117":0,"118":0,"119":0,"120":0,"121":0,"122":0,"123":0,"124":0,"125":0,"126":0,"127":0,"128":0,"129":0,"130":0,"131":0,"132":0,"133":0,"134":0,"135":0,"136":0,"137":0,"138":0,"139":0,"140":0,"141":0,"142":0,"143":0,"144":0,"145":0,"146":0,"147":0,"148":0,"149":0,"150":0,"151":0,"152":0,"153":0,"154":0,"155":0,"156":0,"157":0,"158":0,"159":0,"160":0,"161":0,"162":0,"163":0,"164":0,"165":0,"166":0,"167":0,"168":0,"169":0,"170":0,"171":0,"172":0,"173":0,"174":0,"175":0,"176":0,"177":0,"178":0,"179":0,"180":0,"181":0,"182":0,"183":0,"184":0,"185":0,"186":0,"187":0,"188":0,"189":0,"190":0,"191":0,"192":0,"193":0,"194":0,"195":0,"196":0,"197":0,"198":0,"199":0,"200":0,"201":0,"202":0,"203":0,"204":0,"205":0,"206":0,"207":0,"208":0,"209":0,"210":0,"211":0,"212":0,"213":0,"214":0,"215":0,"216":0,"217":0,"218":0,"219":0,"220":0,"221":0,"222":0,"223":0,"224":0,"225":0,"226":0,"227":0,"228":0,"229":0,"230":1,"231":1,"232":1,"233":1,"234":0,"235":4},"f":{"0":4,"1":0,"2":0,"3":1,"4":1,"5":0,"6":0,"7":1,"8":0,"9":0,"10":0,"11":0,"12":0,"13":0,"14":0,"15":0,"16":0,"17":0,"18":0,"19":0,"20":0,"21":0,"22":0,"23":0,"24":0,"25":0,"26":0,"27":0,"28":0,"29":0,"30":1},"b":{"0":[0],"1":[0,0],"2":[0,0],"3":[1,0],"4":[1],"5":[0,1],"6":[1,1],"7":[1,1],"8":[1,1],"9":[1,1],"10":[0,0],"11":[1,0],"12":[0,0],"13":[0,0],"14":[0,0],"15":[0,0],"16":[0,0,0],"17":[0,0],"18":[0,0],"19":[0,0],"20":[0,0],"21":[0,0],"22":[0],"23":[0],"24":[0,0],"25":[0,0],"26":[0,0],"27":[0,0],"28":[0,0],"29":[0,0],"30":[0,0],"31":[0,0],"32":[0,0],"33":[0,0],"34":[0,0],"35":[0,0],"36":[0,0],"37":[0,0],"38":[0,0],"39":[0,0],"40":[0,0],"41":[0,0],"42":[0,0],"43":[0,0],"44":[0,0],"45":[0,0],"46":[0,0],"47":[0,0],"48":[0,0],"49":[0,0],"50":[0,0],"51":[0,0],"52":[0,0],"53":[0,0],"54":[0,0,0,0,0,0],"55":[0,0],"56":[0,0],"57":[0,0],"58":[0,0],"59":[0,0],"60":[0,0]},"inputSourceMap":null,"_coverageSchema":"1a1c01bbd47fc00a2c39e90264f33305004495a9","hash":"a17eb9cf0f70fb416671f00f0e1288131e5dde06"}
,"/Users/izaakdias/Documents/Leaf-new/leaf-websocket-backend/services/kyc-service.js": {"path":"/Users/izaakdias/Documents/Leaf-new/leaf-websocket-backend/services/kyc-service.js","statementMap":{"0":{"start":{"line":12,"column":14},"end":{"line":12,"column":30}},"1":{"start":{"line":13,"column":25},"end":{"line":13,"column":48}},"2":{"start":{"line":14,"column":19},"end":{"line":14,"column":39}},"3":{"start":{"line":15,"column":14},"end":{"line":15,"column":39}},"4":{"start":{"line":16,"column":11},"end":{"line":16,"column":33}},"5":{"start":{"line":17,"column":13},"end":{"line":17,"column":28}},"6":{"start":{"line":18,"column":11},"end":{"line":18,"column":24}},"7":{"start":{"line":19,"column":36},"end":{"line":19,"column":62}},"8":{"start":{"line":22,"column":18},"end":{"line":22,"column":22}},"9":{"start":{"line":26,"column":4},"end":{"line":26,"column":23}},"10":{"start":{"line":27,"column":4},"end":{"line":27,"column":24}},"11":{"start":{"line":28,"column":4},"end":{"line":28,"column":29}},"12":{"start":{"line":32,"column":4},"end":{"line":32,"column":33}},"13":{"start":{"line":32,"column":26},"end":{"line":32,"column":33}},"14":{"start":{"line":34,"column":4},"end":{"line":47,"column":5}},"15":{"start":{"line":36,"column":6},"end":{"line":36,"column":46}},"16":{"start":{"line":37,"column":6},"end":{"line":37,"column":86}},"17":{"start":{"line":42,"column":6},"end":{"line":42,"column":115}},"18":{"start":{"line":43,"column":6},"end":{"line":43,"column":30}},"19":{"start":{"line":45,"column":6},"end":{"line":45,"column":85}},"20":{"start":{"line":46,"column":6},"end":{"line":46,"column":18}},"21":{"start":{"line":56,"column":4},"end":{"line":56,"column":28}},"22":{"start":{"line":56,"column":21},"end":{"line":56,"column":28}},"23":{"start":{"line":58,"column":4},"end":{"line":65,"column":5}},"24":{"start":{"line":60,"column":6},"end":{"line":60,"column":48}},"25":{"start":{"line":61,"column":6},"end":{"line":61,"column":98}},"26":{"start":{"line":63,"column":6},"end":{"line":63,"column":193}},"27":{"start":{"line":64,"column":6},"end":{"line":64,"column":25}},"28":{"start":{"line":74,"column":4},"end":{"line":100,"column":5}},"29":{"start":{"line":75,"column":6},"end":{"line":77,"column":7}},"30":{"start":{"line":76,"column":8},"end":{"line":76,"column":32}},"31":{"start":{"line":80,"column":33},"end":{"line":80,"column":71}},"32":{"start":{"line":83,"column":23},"end":{"line":83,"column":54}},"33":{"start":{"line":84,"column":23},"end":{"line":84,"column":43}},"34":{"start":{"line":85,"column":18},"end":{"line":85,"column":124}},"35":{"start":{"line":88,"column":24},"end":{"line":88,"column":91}},"36":{"start":{"line":89,"column":24},"end":{"line":89,"column":45}},"37":{"start":{"line":90,"column":19},"end":{"line":90,"column":50}},"38":{"start":{"line":92,"column":6},"end":{"line":96,"column":8}},"39":{"start":{"line":98,"column":6},"end":{"line":98,"column":82}},"40":{"start":{"line":99,"column":6},"end":{"line":99,"column":18}},"41":{"start":{"line":111,"column":4},"end":{"line":126,"column":5}},"42":{"start":{"line":114,"column":25},"end":{"line":120,"column":19}},"43":{"start":{"line":122,"column":6},"end":{"line":122,"column":24}},"44":{"start":{"line":124,"column":6},"end":{"line":124,"column":79}},"45":{"start":{"line":125,"column":6},"end":{"line":125,"column":18}},"46":{"start":{"line":138,"column":4},"end":{"line":138,"column":33}},"47":{"start":{"line":141,"column":4},"end":{"line":144,"column":5}},"48":{"start":{"line":142,"column":6},"end":{"line":142,"column":111}},"49":{"start":{"line":143,"column":6},"end":{"line":143,"column":54}},"50":{"start":{"line":146,"column":4},"end":{"line":154,"column":5}},"51":{"start":{"line":149,"column":24},"end":{"line":149,"column":67}},"52":{"start":{"line":150,"column":6},"end":{"line":150,"column":23}},"53":{"start":{"line":152,"column":6},"end":{"line":152,"column":135}},"54":{"start":{"line":153,"column":6},"end":{"line":153,"column":54}},"55":{"start":{"line":163,"column":19},"end":{"line":163,"column":36}},"56":{"start":{"line":164,"column":17},"end":{"line":164,"column":78}},"57":{"start":{"line":167,"column":22},"end":{"line":167,"column":24}},"58":{"start":{"line":168,"column":4},"end":{"line":171,"column":5}},"59":{"start":{"line":168,"column":17},"end":{"line":168,"column":18}},"60":{"start":{"line":169,"column":19},"end":{"line":169,"column":55}},"61":{"start":{"line":170,"column":6},"end":{"line":170,"column":43}},"62":{"start":{"line":173,"column":4},"end":{"line":173,"column":21}},"63":{"start":{"line":183,"column":4},"end":{"line":185,"column":5}},"64":{"start":{"line":184,"column":6},"end":{"line":184,"column":62}},"65":{"start":{"line":187,"column":17},"end":{"line":187,"column":41}},"66":{"start":{"line":188,"column":17},"end":{"line":188,"column":41}},"67":{"start":{"line":190,"column":23},"end":{"line":190,"column":60}},"68":{"start":{"line":191,"column":18},"end":{"line":191,"column":66}},"69":{"start":{"line":192,"column":18},"end":{"line":192,"column":66}},"70":{"start":{"line":194,"column":4},"end":{"line":194,"column":40}},"71":{"start":{"line":205,"column":4},"end":{"line":247,"column":5}},"72":{"start":{"line":206,"column":6},"end":{"line":206,"column":100}},"73":{"start":{"line":209,"column":22},"end":{"line":209,"column":60}},"74":{"start":{"line":210,"column":6},"end":{"line":210,"column":93}},"75":{"start":{"line":213,"column":28},"end":{"line":213,"column":67}},"76":{"start":{"line":214,"column":31},"end":{"line":214,"column":73}},"77":{"start":{"line":217,"column":27},"end":{"line":217,"column":74}},"78":{"start":{"line":218,"column":30},"end":{"line":218,"column":80}},"79":{"start":{"line":221,"column":25},"end":{"line":221,"column":86}},"80":{"start":{"line":222,"column":6},"end":{"line":222,"column":133}},"81":{"start":{"line":225,"column":32},"end":{"line":225,"column":36}},"82":{"start":{"line":226,"column":31},"end":{"line":226,"column":35}},"83":{"start":{"line":227,"column":23},"end":{"line":227,"column":54}},"84":{"start":{"line":228,"column":26},"end":{"line":228,"column":90}},"85":{"start":{"line":231,"column":27},"end":{"line":231,"column":31}},"86":{"start":{"line":232,"column":6},"end":{"line":234,"column":7}},"87":{"start":{"line":233,"column":8},"end":{"line":233,"column":96}},"88":{"start":{"line":236,"column":6},"end":{"line":243,"column":8}},"89":{"start":{"line":245,"column":6},"end":{"line":245,"column":96}},"90":{"start":{"line":246,"column":6},"end":{"line":246,"column":18}},"91":{"start":{"line":258,"column":4},"end":{"line":291,"column":5}},"92":{"start":{"line":259,"column":17},"end":{"line":259,"column":34}},"93":{"start":{"line":260,"column":22},"end":{"line":260,"column":37}},"94":{"start":{"line":263,"column":21},"end":{"line":263,"column":37}},"95":{"start":{"line":264,"column":23},"end":{"line":264,"column":65}},"96":{"start":{"line":265,"column":19},"end":{"line":265,"column":40}},"97":{"start":{"line":267,"column":6},"end":{"line":271,"column":9}},"98":{"start":{"line":274,"column":6},"end":{"line":274,"column":30}},"99":{"start":{"line":275,"column":24},"end":{"line":275,"column":83}},"100":{"start":{"line":278,"column":6},"end":{"line":284,"column":26}},"101":{"start":{"line":286,"column":6},"end":{"line":286,"column":113}},"102":{"start":{"line":287,"column":6},"end":{"line":287,"column":23}},"103":{"start":{"line":289,"column":6},"end":{"line":289,"column":90}},"104":{"start":{"line":290,"column":6},"end":{"line":290,"column":18}},"105":{"start":{"line":301,"column":4},"end":{"line":343,"column":5}},"106":{"start":{"line":303,"column":17},"end":{"line":303,"column":34}},"107":{"start":{"line":304,"column":24},"end":{"line":304,"column":74}},"108":{"start":{"line":306,"column":6},"end":{"line":308,"column":7}},"109":{"start":{"line":307,"column":8},"end":{"line":307,"column":52}},"110":{"start":{"line":310,"column":25},"end":{"line":310,"column":41}},"111":{"start":{"line":311,"column":6},"end":{"line":313,"column":7}},"112":{"start":{"line":312,"column":8},"end":{"line":312,"column":104}},"113":{"start":{"line":315,"column":30},"end":{"line":315,"column":53}},"114":{"start":{"line":318,"column":31},"end":{"line":318,"column":73}},"115":{"start":{"line":319,"column":30},"end":{"line":319,"column":80}},"116":{"start":{"line":322,"column":25},"end":{"line":322,"column":89}},"117":{"start":{"line":323,"column":6},"end":{"line":323,"column":135}},"118":{"start":{"line":325,"column":32},"end":{"line":325,"column":36}},"119":{"start":{"line":326,"column":23},"end":{"line":326,"column":54}},"120":{"start":{"line":329,"column":6},"end":{"line":334,"column":9}},"121":{"start":{"line":336,"column":6},"end":{"line":339,"column":8}},"122":{"start":{"line":341,"column":6},"end":{"line":341,"column":95}},"123":{"start":{"line":342,"column":6},"end":{"line":342,"column":18}},"124":{"start":{"line":350,"column":4},"end":{"line":353,"column":5}},"125":{"start":{"line":351,"column":6},"end":{"line":351,"column":36}},"126":{"start":{"line":352,"column":6},"end":{"line":352,"column":25}},"127":{"start":{"line":354,"column":4},"end":{"line":354,"column":29}},"128":{"start":{"line":359,"column":19},"end":{"line":359,"column":35}},"129":{"start":{"line":361,"column":0},"end":{"line":361,"column":28}}},"fnMap":{"0":{"name":"(anonymous_0)","decl":{"start":{"line":25,"column":2},"end":{"line":25,"column":3}},"loc":{"start":{"line":25,"column":16},"end":{"line":29,"column":3}},"line":25},"1":{"name":"(anonymous_1)","decl":{"start":{"line":31,"column":2},"end":{"line":31,"column":3}},"loc":{"start":{"line":31,"column":21},"end":{"line":48,"column":3}},"line":31},"2":{"name":"(anonymous_2)","decl":{"start":{"line":55,"column":2},"end":{"line":55,"column":3}},"loc":{"start":{"line":55,"column":26},"end":{"line":66,"column":3}},"line":55},"3":{"name":"(anonymous_3)","decl":{"start":{"line":73,"column":2},"end":{"line":73,"column":3}},"loc":{"start":{"line":73,"column":33},"end":{"line":101,"column":3}},"line":73},"4":{"name":"(anonymous_4)","decl":{"start":{"line":110,"column":2},"end":{"line":110,"column":3}},"loc":{"start":{"line":110,"column":34},"end":{"line":127,"column":3}},"line":110},"5":{"name":"(anonymous_5)","decl":{"start":{"line":136,"column":2},"end":{"line":136,"column":3}},"loc":{"start":{"line":136,"column":43},"end":{"line":155,"column":3}},"line":136},"6":{"name":"(anonymous_6)","decl":{"start":{"line":162,"column":2},"end":{"line":162,"column":3}},"loc":{"start":{"line":162,"column":38},"end":{"line":174,"column":3}},"line":162},"7":{"name":"(anonymous_7)","decl":{"start":{"line":182,"column":2},"end":{"line":182,"column":3}},"loc":{"start":{"line":182,"column":52},"end":{"line":195,"column":3}},"line":182},"8":{"name":"(anonymous_8)","decl":{"start":{"line":204,"column":2},"end":{"line":204,"column":3}},"loc":{"start":{"line":204,"column":67},"end":{"line":248,"column":3}},"line":204},"9":{"name":"(anonymous_9)","decl":{"start":{"line":257,"column":2},"end":{"line":257,"column":3}},"loc":{"start":{"line":257,"column":56},"end":{"line":292,"column":3}},"line":257},"10":{"name":"(anonymous_10)","decl":{"start":{"line":300,"column":2},"end":{"line":300,"column":3}},"loc":{"start":{"line":300,"column":52},"end":{"line":344,"column":3}},"line":300},"11":{"name":"(anonymous_11)","decl":{"start":{"line":349,"column":2},"end":{"line":349,"column":3}},"loc":{"start":{"line":349,"column":18},"end":{"line":355,"column":3}},"line":349}},"branchMap":{"0":{"loc":{"start":{"line":32,"column":4},"end":{"line":32,"column":33}},"type":"if","locations":[{"start":{"line":32,"column":4},"end":{"line":32,"column":33}},{"start":{},"end":{}}],"line":32},"1":{"loc":{"start":{"line":56,"column":4},"end":{"line":56,"column":28}},"type":"if","locations":[{"start":{"line":56,"column":4},"end":{"line":56,"column":28}},{"start":{},"end":{}}],"line":56},"2":{"loc":{"start":{"line":75,"column":6},"end":{"line":77,"column":7}},"type":"if","locations":[{"start":{"line":75,"column":6},"end":{"line":77,"column":7}},{"start":{},"end":{}}],"line":75},"3":{"loc":{"start":{"line":85,"column":18},"end":{"line":85,"column":124}},"type":"cond-expr","locations":[{"start":{"line":85,"column":29},"end":{"line":85,"column":117}},{"start":{"line":85,"column":120},"end":{"line":85,"column":124}}],"line":85},"4":{"loc":{"start":{"line":90,"column":19},"end":{"line":90,"column":50}},"type":"cond-expr","locations":[{"start":{"line":90,"column":31},"end":{"line":90,"column":43}},{"start":{"line":90,"column":46},"end":{"line":90,"column":50}}],"line":90},"5":{"loc":{"start":{"line":93,"column":14},"end":{"line":93,"column":24}},"type":"binary-expr","locations":[{"start":{"line":93,"column":14},"end":{"line":93,"column":18}},{"start":{"line":93,"column":22},"end":{"line":93,"column":24}}],"line":93},"6":{"loc":{"start":{"line":94,"column":13},"end":{"line":94,"column":22}},"type":"binary-expr","locations":[{"start":{"line":94,"column":13},"end":{"line":94,"column":16}},{"start":{"line":94,"column":20},"end":{"line":94,"column":22}}],"line":94},"7":{"loc":{"start":{"line":141,"column":4},"end":{"line":144,"column":5}},"type":"if","locations":[{"start":{"line":141,"column":4},"end":{"line":144,"column":5}},{"start":{},"end":{}}],"line":141},"8":{"loc":{"start":{"line":183,"column":4},"end":{"line":185,"column":5}},"type":"if","locations":[{"start":{"line":183,"column":4},"end":{"line":185,"column":5}},{"start":{},"end":{}}],"line":183},"9":{"loc":{"start":{"line":228,"column":26},"end":{"line":228,"column":90}},"type":"binary-expr","locations":[{"start":{"line":228,"column":26},"end":{"line":228,"column":56}},{"start":{"line":228,"column":60},"end":{"line":228,"column":90}}],"line":228},"10":{"loc":{"start":{"line":232,"column":6},"end":{"line":234,"column":7}},"type":"if","locations":[{"start":{"line":232,"column":6},"end":{"line":234,"column":7}},{"start":{},"end":{}}],"line":232},"11":{"loc":{"start":{"line":306,"column":6},"end":{"line":308,"column":7}},"type":"if","locations":[{"start":{"line":306,"column":6},"end":{"line":308,"column":7}},{"start":{},"end":{}}],"line":306},"12":{"loc":{"start":{"line":311,"column":6},"end":{"line":313,"column":7}},"type":"if","locations":[{"start":{"line":311,"column":6},"end":{"line":313,"column":7}},{"start":{},"end":{}}],"line":311},"13":{"loc":{"start":{"line":311,"column":10},"end":{"line":311,"column":64}},"type":"binary-expr","locations":[{"start":{"line":311,"column":10},"end":{"line":311,"column":36}},{"start":{"line":311,"column":40},"end":{"line":311,"column":64}}],"line":311},"14":{"loc":{"start":{"line":350,"column":4},"end":{"line":353,"column":5}},"type":"if","locations":[{"start":{"line":350,"column":4},"end":{"line":353,"column":5}},{"start":{},"end":{}}],"line":350}},"s":{"0":2,"1":2,"2":2,"3":2,"4":2,"5":2,"6":2,"7":2,"8":2,"9":2,"10":2,"11":2,"12":0,"13":0,"14":0,"15":0,"16":0,"17":0,"18":0,"19":0,"20":0,"21":0,"22":0,"23":0,"24":0,"25":0,"26":0,"27":0,"28":0,"29":0,"30":0,"31":0,"32":0,"33":0,"34":0,"35":0,"36":0,"37":0,"38":0,"39":0,"40":0,"41":0,"42":0,"43":0,"44":0,"45":0,"46":0,"47":0,"48":0,"49":0,"50":0,"51":0,"52":0,"53":0,"54":0,"55":0,"56":0,"57":0,"58":0,"59":0,"60":0,"61":0,"62":0,"63":1,"64":0,"65":1,"66":1,"67":1,"68":1,"69":1,"70":1,"71":0,"72":0,"73":0,"74":0,"75":0,"76":0,"77":0,"78":0,"79":0,"80":0,"81":0,"82":0,"83":0,"84":0,"85":0,"86":0,"87":0,"88":0,"89":0,"90":0,"91":0,"92":0,"93":0,"94":0,"95":0,"96":0,"97":0,"98":0,"99":0,"100":0,"101":0,"102":0,"103":0,"104":0,"105":0,"106":0,"107":0,"108":0,"109":0,"110":0,"111":0,"112":0,"113":0,"114":0,"115":0,"116":0,"117":0,"118":0,"119":0,"120":0,"121":0,"122":0,"123":0,"124":0,"125":0,"126":0,"127":0,"128":2,"129":2},"f":{"0":2,"1":0,"2":0,"3":0,"4":0,"5":0,"6":0,"7":1,"8":0,"9":0,"10":0,"11":0},"b":{"0":[0,0],"1":[0,0],"2":[0,0],"3":[0,0],"4":[0,0],"5":[0,0],"6":[0,0],"7":[0,0],"8":[0,1],"9":[0,0],"10":[0,0],"11":[0,0],"12":[0,0],"13":[0,0],"14":[0,0]},"inputSourceMap":null,"_coverageSchema":"1a1c01bbd47fc00a2c39e90264f33305004495a9","hash":"100f38ac0243d5feb727191a464193f8cea1b1d5"}
[...]
oc":{"start":{"line":152,"column":4},"end":{"line":162,"column":5}},"type":"if","locations":[{"start":{"line":152,"column":4},"end":{"line":162,"column":5}},{"start":{},"end":{}}],"line":152},"21":{"loc":{"start":{"line":152,"column":8},"end":{"line":152,"column":27}},"type":"binary-expr","locations":[{"start":{"line":152,"column":8},"end":{"line":152,"column":12}},{"start":{"line":152,"column":16},"end":{"line":152,"column":27}}],"line":152},"22":{"loc":{"start":{"line":158,"column":8},"end":{"line":160,"column":9}},"type":"if","locations":[{"start":{"line":158,"column":8},"end":{"line":160,"column":9}},{"start":{},"end":{}}],"line":158},"23":{"loc":{"start":{"line":168,"column":39},"end":{"line":168,"column":54}},"type":"default-arg","locations":[{"start":{"line":168,"column":52},"end":{"line":168,"column":54}}],"line":168},"24":{"loc":{"start":{"line":169,"column":4},"end":{"line":171,"column":5}},"type":"if","locations":[{"start":{"line":169,"column":4},"end":{"line":171,"column":5}},{"start":{},"end":{}}],"line":169},"25":{"loc":{"start":{"line":169,"column":8},"end":{"line":169,"column":27}},"type":"binary-expr","locations":[{"start":{"line":169,"column":8},"end":{"line":169,"column":12}},{"start":{"line":169,"column":16},"end":{"line":169,"column":27}}],"line":169}},"s":{"0":4,"1":4,"2":0,"3":0,"4":0,"5":0,"6":0,"7":0,"8":0,"9":0,"10":0,"11":0,"12":0,"13":0,"14":0,"15":0,"16":0,"17":0,"18":0,"19":0,"20":0,"21":0,"22":0,"23":0,"24":0,"25":0,"26":0,"27":0,"28":0,"29":0,"30":0,"31":0,"32":0,"33":0,"34":0,"35":0,"36":0,"37":0,"38":0,"39":0,"40":0,"41":4},"f":{"0":0,"1":0,"2":0,"3":0,"4":0,"5":0,"6":0,"7":0,"8":0,"9":0,"10":0},"b":{"0":[0],"1":[0,0,0,0],"2":[0,0],"3":[0,0],"4":[0,0],"5":[0],"6":[0,0,0],"7":[0,0],"8":[0],"9":[0,0,0],"10":[0,0],"11":[0],"12":[0,0],"13":[0],"14":[0],"15":[0],"16":[0,0],"17":[0,0],"18":[0,0],"19":[0],"20":[0,0],"21":[0,0],"22":[0,0],"23":[0],"24":[0,0],"25":[0,0]},"inputSourceMap":null,"_coverageSchema":"1a1c01bbd47fc00a2c39e90264f33305004495a9","hash":"3605cd7dc8362c4c94e71e9f632e48294143bf1f"}
,"/Users/izaakdias/Documents/Leaf-new/leaf-websocket-backend/utils/trace-context.js": {"path":"/Users/izaakdias/Documents/Leaf-new/leaf-websocket-backend/utils/trace-context.js","statementMap":{"0":{"start":{"line":9,"column":23},"end":{"line":9,"column":40}},"1":{"start":{"line":16,"column":8},"end":{"line":16,"column":34}},"2":{"start":{"line":25,"column":26},"end":{"line":25,"column":36}},"3":{"start":{"line":26,"column":23},"end":{"line":26,"column":51}},"4":{"start":{"line":27,"column":8},"end":{"line":27,"column":50}},"5":{"start":{"line":36,"column":8},"end":{"line":41,"column":9}},"6":{"start":{"line":37,"column":26},"end":{"line":37,"column":60}},"7":{"start":{"line":38,"column":12},"end":{"line":40,"column":13}},"8":{"start":{"line":39,"column":16},"end":{"line":39,"column":37}},"9":{"start":{"line":44,"column":8},"end":{"line":44,"column":46}},"10":{"start":{"line":51,"column":8},"end":{"line":53,"column":9}},"11":{"start":{"line":52,"column":12},"end":{"line":52,"column":63}},"12":{"start":{"line":56,"column":8},"end":{"line":56,"column":41}},"13":{"start":{"line":65,"column":29},"end":{"line":65,"column":62}},"14":{"start":{"line":67,"column":8},"end":{"line":74,"column":9}},"15":{"start":{"line":68,"column":42},"end":{"line":68,"column":64}},"16":{"start":{"line":69,"column":12},"end":{"line":71,"column":13}},"17":{"start":{"line":70,"column":16},"end":{"line":70,"column":65}},"18":{"start":{"line":73,"column":12},"end":{"line":73,"column":77}},"19":{"start":{"line":77,"column":27},"end":{"line":77,"column":49}},"20":{"start":{"line":78,"column":8},"end":{"line":78,"column":46}},"21":{"start":{"line":80,"column":8},"end":{"line":84,"column":9}},"22":{"start":{"line":81,"column":12},"end":{"line":81,"column":30}},"23":{"start":{"line":83,"column":12},"end":{"line":83,"column":48}},"24":{"start":{"line":93,"column":8},"end":{"line":95,"column":9}},"25":{"start":{"line":94,"column":12},"end":{"line":94,"column":32}},"26":{"start":{"line":98,"column":8},"end":{"line":100,"column":9}},"27":{"start":{"line":99,"column":12},"end":{"line":99,"column":41}},"28":{"start":{"line":103,"column":8},"end":{"line":105,"column":9}},"29":{"start":{"line":104,"column":12},"end":{"line":104,"column":41}},"30":{"start":{"line":108,"column":24},"end":{"line":108,"column":48}},"31":{"start":{"line":109,"column":8},"end":{"line":111,"column":9}},"32":{"start":{"line":110,"column":12},"end":{"line":110,"column":27}},"33":{"start":{"line":114,"column":8},"end":{"line":114,"column":38}},"34":{"start":{"line":119,"column":21},"end":{"line":119,"column":39}},"35":{"start":{"line":121,"column":0},"end":{"line":121,"column":30}}},"fnMap":{"0":{"name":"(anonymous_0)","decl":{"start":{"line":15,"column":4},"end":{"line":15,"column":5}},"loc":{"start":{"line":15,"column":18},"end":{"line":17,"column":5}},"line":15},"1":{"name":"(anonymous_1)","decl":{"start":{"line":24,"column":4},"end":{"line":24,"column":5}},"loc":{"start":{"line":24,"column":36},"end":{"line":28,"column":5}},"line":24},"2":{"name":"(anonymous_2)","decl":{"start":{"line":34,"column":4},"end":{"line":34,"column":5}},"loc":{"start":{"line":34,"column":24},"end":{"line":45,"column":5}},"line":34},"3":{"name":"(anonymous_3)","decl":{"start":{"line":50,"column":4},"end":{"line":50,"column":5}},"loc":{"start":{"line":50,"column":31},"end":{"line":57,"column":5}},"line":50},"4":{"name":"(anonymous_4)","decl":{"start":{"line":52,"column":53},"end":{"line":52,"column":54}},"loc":{"start":{"line":52,"column":59},"end":{"line":52,"column":61}},"line":52},"5":{"name":"(anonymous_5)","decl":{"start":{"line":64,"column":4},"end":{"line":64,"column":5}},"loc":{"start":{"line":64,"column":38},"end":{"line":85,"column":5}},"line":64},"6":{"name":"(anonymous_6)","decl":{"start":{"line":91,"column":4},"end":{"line":91,"column":5}},"loc":{"start":{"line":91,"column":39},"end":{"line":115,"column":5}},"line":91}},"branchMap":{"0":{"loc":{"start":{"line":24,"column":20},"end":{"line":24,"column":34}},"type":"default-arg","locations":[{"start":{"line":24,"column":29},"end":{"line":24,"column":34}}],"line":24},"1":{"loc":{"start":{"line":36,"column":8},"end":{"line":41,"column":9}},"type":"if","locations":[{"start":{"line":36,"column":8},"end":{"line":41,"column":9}},{"start":{},"end":{}}],"line":36},"2":{"loc":{"start":{"line":38,"column":12},"end":{"line":40,"column":13}},"type":"if","locations":[{"start":{"line":38,"column":12},"end":{"line":40,"column":13}},{"start":{},"end":{}}],"line":38},"3":{"loc":{"start":{"line":44,"column":15},"end":{"line":44,"column":45}},"type":"binary-expr","locations":[{"start":{"line":44,"column":15},"end":{"line":44,"column":37}},{"start":{"line":44,"column":41},"end":{"line":44,"column":45}}],"line":44},"4":{"loc":{"start":{"line":51,"column":8},"end":{"line":53,"column":9}},"type":"if","locations":[{"start":{"line":51,"column":8},"end":{"line":53,"column":9}},{"start":{},"end":{}}],"line":51},"5":{"loc":{"start":{"line":65,"column":29},"end":{"line":65,"column":62}},"type":"binary-expr","locations":[{"start":{"line":65,"column":29},"end":{"line":65,"column":36}},{"start":{"line":65,"column":40},"end":{"line":65,"column":62}}],"line":65},"6":{"loc":{"start":{"line":67,"column":8},"end":{"line":74,"column":9}},"type":"if","locations":[{"start":{"line":67,"column":8},"end":{"line":74,"column":9}},{"start":{},"end":{}}],"line":67},"7":{"loc":{"start":{"line":69,"column":12},"end":{"line":71,"column":13}},"type":"if","locations":[{"start":{"line":69,"column":12},"end":{"line":71,"column":13}},{"start":{},"end":{}}],"line":69},"8":{"loc":{"start":{"line":91,"column":25},"end":{"line":91,"column":37}},"type":"default-arg","locations":[{"start":{"line":91,"column":35},"end":{"line":91,"column":37}}],"line":91},"9":{"loc":{"start":{"line":93,"column":8},"end":{"line":95,"column":9}},"type":"if","locations":[{"start":{"line":93,"column":8},"end":{"line":95,"column":9}},{"start":{},"end":{}}],"line":93},"10":{"loc":{"start":{"line":98,"column":8},"end":{"line":100,"column":9}},"type":"if","locations":[{"start":{"line":98,"column":8},"end":{"line":100,"column":9}},{"start":{},"end":{}}],"line":98},"11":{"loc":{"start":{"line":103,"column":8},"end":{"line":105,"column":9}},"type":"if","locations":[{"start":{"line":103,"column":8},"end":{"line":105,"column":9}},{"start":{},"end":{}}],"line":103},"12":{"loc":{"start":{"line":109,"column":8},"end":{"line":111,"column":9}},"type":"if","locations":[{"start":{"line":109,"column":8},"end":{"line":111,"column":9}},{"start":{},"end":{}}],"line":109}},"s":{"0":9,"1":9,"2":0,"3":0,"4":0,"5":120,"6":0,"7":0,"8":0,"9":120,"10":0,"11":0,"12":0,"13":0,"14":0,"15":0,"16":0,"17":0,"18":0,"19":0,"20":0,"21":0,"22":0,"23":0,"24":0,"25":0,"26":0,"27":0,"28":0,"29":0,"30":0,"31":0,"32":0,"33":0,"34":9,"35":9},"f":{"0":9,"1":0,"2":120,"3":0,"4":0,"5":0,"6":0},"b":{"0":[0],"1":[0,120],"2":[0,0],"3":[120,120],"4":[0,0],"5":[0,0],"6":[0,0],"7":[0,0],"8":[0],"9":[0,0],"10":[0,0],"11":[0,0],"12":[0,0]},"inputSourceMap":null,"_coverageSchema":"1a1c01bbd47fc00a2c39e90264f33305004495a9","hash":"ca96e2fa927e9ef17ffe613ad02e0404d7c5b8cf"}
,"/Users/izaakdias/Documents/Leaf-new/leaf-websocket-backend/utils/tracer.js": {"path":"/Users/izaakdias/Documents/Leaf-new/leaf-websocket-backend/utils/tracer.js","statementMap":{"0":{"start":{"line":11,"column":18},"end":{"line":11,"column":47}},"1":{"start":{"line":12,"column":26},"end":{"line":12,"column":45}},"2":{"start":{"line":17,"column":0},"end":{"line":33,"column":1}},"3":{"start":{"line":18,"column":20},"end":{"line":18,"column":54}},"4":{"start":{"line":19,"column":4},"end":{"line":19,"column":54}},"5":{"start":{"line":21,"column":25},"end":{"line":21,"column":75}},"6":{"start":{"line":22,"column":4},"end":{"line":22,"column":55}},"7":{"start":{"line":23,"column":4},"end":{"line":23,"column":52}},"8":{"start":{"line":24,"column":32},"end":{"line":24,"column":78}},"9":{"start":{"line":25,"column":4},"end":{"line":25,"column":80}},"10":{"start":{"line":27,"column":4},"end":{"line":32,"column":7}},"11":{"start":{"line":37,"column":16},"end":{"line":37,"column":53}},"12":{"start":{"line":39,"column":4},"end":{"line":48,"column":5}},"13":{"start":{"line":42,"column":12},"end":{"line":42,"column":72}},"14":{"start":{"line":44,"column":12},"end":{"line":44,"column":24}},"15":{"start":{"line":47,"column":12},"end":{"line":47,"column":23}},"16":{"start":{"line":53,"column":4},"end":{"line":55,"column":5}},"17":{"start":{"line":54,"column":8},"end":{"line":54,"column":20}},"18":{"start":{"line":59,"column":8},"end":{"line":61,"column":59}},"19":{"start":{"line":63,"column":4},"end":{"line":67,"column":7}},"20":{"start":{"line":71,"column":10},"end":{"line":71,"column":14}},"21":{"start":{"line":74,"column":4},"end":{"line":76,"column":5}},"22":{"start":{"line":75,"column":8},"end":{"line":75,"column":47}},"23":{"start":{"line":79,"column":4},"end":{"line":86,"column":5}},"24":{"start":{"line":80,"column":8},"end":{"line":84,"column":11}},"25":{"start":{"line":85,"column":8},"end":{"line":85,"column":52}},"26":{"start":{"line":88,"column":25},"end":{"line":88,"column":42}},"27":{"start":{"line":89,"column":21},"end":{"line":89,"column":34}},"28":{"start":{"line":91,"column":4},"end":{"line":97,"column":5}},"29":{"start":{"line":92,"column":8},"end":{"line":95,"column":11}},"30":{"start":{"line":96,"column":8},"end":{"line":96,"column":56}},"31":{"start":{"line":100,"column":26},"end":{"line":100,"column":28}},"32":{"start":{"line":101,"column":4},"end":{"line":105,"column":5}},"33":{"start":{"line":102,"column":8},"end":{"line":102,"column":90}},"34":{"start":{"line":104,"column":8},"end":{"line":104,"column":65}},"35":{"start":{"line":106,"column":4},"end":{"line":110,"column":5}},"36":{"start":{"line":107,"column":8},"end":{"line":107,"column":103}},"37":{"start":{"line":109,"column":8},"end":{"line":109,"column":78}},"38":{"start":{"line":111,"column":4},"end":{"line":115,"column":5}},"39":{"start":{"line":112,"column":8},"end":{"line":112,"column":113}},"40":{"start":{"line":114,"column":8},"end":{"line":114,"column":88}},"41":{"start":{"line":117,"column":21},"end":{"line":117,"column":68}},"42":{"start":{"line":119,"column":4},"end":{"line":124,"column":7}},"43":{"start":{"line":126,"column":4},"end":{"line":141,"column":5}},"44":{"start":{"line":127,"column":8},"end":{"line":127,"column":20}},"45":{"start":{"line":129,"column":8},"end":{"line":133,"column":11}},"46":{"start":{"line":135,"column":8},"end":{"line":138,"column":11}},"47":{"start":{"line":139,"column":8},"end":{"line":139,"column":19}},"48":{"start":{"line":140,"column":8},"end":{"line":140,"column":52}},"49":{"start":{"line":143,"column":4},"end":{"line":143,"column":43}},"50":{"start":{"line":148,"column":4},"end":{"line":150,"column":5}},"51":{"start":{"line":149,"column":8},"end":{"line":149,"column":34}},"52":{"start":{"line":151,"column":4},"end":{"line":151,"column":43}},"53":{"start":{"line":156,"column":4},"end":{"line":158,"column":5}},"54":{"start":{"line":157,"column":8},"end":{"line":157,"column":30}},"55":{"start":{"line":159,"column":4},"end":{"line":159,"column":29}},"56":{"start":{"line":162,"column":0},"end":{"line":167,"column":2}}},"fnMap":{"0":{"name":"getSamplingRate","decl":{"start":{"line":36,"column":9},"end":{"line":36,"column":24}},"loc":{"start":{"line":36,"column":27},"end":{"line":49,"column":1}},"line":36},"1":{"name":"getExporter","decl":{"start":{"line":52,"column":9},"end":{"line":52,"column":20}},"loc":{"start":{"line":52,"column":23},"end":{"line":68,"column":1}},"line":52},"2":{"name":"initializeTracer","decl":{"start":{"line":73,"column":9},"end":{"line":73,"column":25}},"loc":{"start":{"line":73,"column":28},"end":{"line":144,"column":1}},"line":73},"3":{"name":"getTracer","decl":{"start":{"line":147,"column":9},"end":{"line":147,"column":18}},"loc":{"start":{"line":147,"column":21},"end":{"line":152,"column":1}},"line":147},"4":{"name":"shutdown","decl":{"start":{"line":155,"column":9},"end":{"line":155,"column":17}},"loc":{"start":{"line":155,"column":20},"end":{"line":160,"column":1}},"line":155}},"branchMap":{"0":{"loc":{"start":{"line":19,"column":14},"end":{"line":19,"column":53}},"type":"binary-expr","locations":[{"start":{"line":19,"column":14},"end":{"line":19,"column":34}},{"start":{"line":19,"column":38},"end":{"line":19,"column":53}}],"line":19},"1":{"loc":{"start":{"line":37,"column":16},"end":{"line":37,"column":53}},"type":"binary-expr","locations":[{"start":{"line":37,"column":16},"end":{"line":37,"column":36}},{"start":{"line":37,"column":40},"end":{"line":37,"column":53}}],"line":37},"2":{"loc":{"start":{"line":39,"column":4},"end":{"line":48,"column":5}},"type":"switch","locations":[{"start":{"line":40,"column":8},"end":{"line":42,"column":72}},{"start":{"line":43,"column":8},"end":{"line":44,"column":24}},{"start":{"line":45,"column":8},"end":{"line":45,"column":27}},{"start":{"line":46,"column":8},"end":{"line":47,"column":23}}],"line":39},"3":{"loc":{"start":{"line":42,"column":30},"end":{"line":42,"column":70}},"type":"binary-expr","locations":[{"start":{"line":42,"column":30},"end":{"line":42,"column":60}},{"start":{"line":42,"column":64},"end":{"line":42,"column":70}}],"line":42},"4":{"loc":{"start":{"line":53,"column":4},"end":{"line":55,"column":5}},"type":"if","locations":[{"start":{"line":53,"column":4},"end":{"line":55,"column":5}},{"start":{},"end":{}}],"line":53},"5":{"loc":{"start":{"line":59,"column":8},"end":{"line":61,"column":59}},"type":"binary-expr","locations":[{"start":{"line":59,"column":8},"end":{"line":59,"column":34}},{"start":{"line":60,"column":8},"end":{"line":60,"column":47}},{"start":{"line":61,"column":8},"end":{"line":61,"column":59}}],"line":59},"6":{"loc":{"start":{"line":61,"column":28},"end":{"line":61,"column":52}},"type":"binary-expr","locations":[{"start":{"line":61,"column":28},"end":{"line":61,"column":44}},{"start":{"line":61,"column":48},"end":{"line":61,"column":52}}],"line":61},"7":{"loc":{"start":{"line":74,"column":4},"end":{"line":76,"column":5}},"type":"if","locations":[{"start":{"line":74,"column":4},"end":{"line":76,"column":5}},{"start":{},"end":{}}],"line":74},"8":{"loc":{"start":{"line":79,"column":4},"end":{"line":86,"column":5}},"type":"if","locations":[{"start":{"line":79,"column":4},"end":{"line":86,"column":5}},{"start":{},"end":{}}],"line":79},"9":{"loc":{"start":{"line":79,"column":8},"end":{"line":79,"column":83}},"type":"binary-expr","locations":[{"start":{"line":79,"column":8},"end":{"line":79,"column":16}},{"start":{"line":79,"column":20},"end":{"line":79,"column":38}},{"start":{"line":79,"column":42},"end":{"line":79,"column":52}},{"start":{"line":79,"column":56},"end":{"line":79,"column":83}}],"line":79},"10":{"loc":{"start":{"line":91,"column":4},"end":{"line":97,"column":5}},"type":"if","locations":[{"start":{"line":91,"column":4},"end":{"line":97,"column":5}},{"start":{},"end":{}}],"line":91},"11":{"loc":{"start":{"line":101,"column":4},"end":{"line":105,"column":5}},"type":"if","locations":[{"start":{"line":101,"column":4},"end":{"line":105,"column":5}},{"start":{"line":103,"column":11},"end":{"line":105,"column":5}}],"line":101},"12":{"loc":{"start":{"line":106,"column":4},"end":{"line":110,"column":5}},"type":"if","locations":[{"start":{"line":106,"column":4},"end":{"line":110,"column":5}},{"start":{"line":108,"column":11},"end":{"line":110,"column":5}}],"line":106},"13":{"loc":{"start":{"line":107,"column":68},"end":{"line":107,"column":102}},"type":"binary-expr","locations":[{"start":{"line":107,"column":68},"end":{"line":107,"column":91}},{"start":{"line":107,"column":95},"end":{"line":107,"column":102}}],"line":107},"14":{"loc":{"start":{"line":109,"column":43},"end":{"line":109,"column":77}},"type":"binary-expr","locations":[{"start":{"line":109,"column":43},"end":{"line":109,"column":66}},{"start":{"line":109,"column":70},"end":{"line":109,"column":77}}],"line":109},"15":{"loc":{"start":{"line":111,"column":4},"end":{"line":115,"column":5}},"type":"if","locations":[{"start":{"line":111,"column":4},"end":{"line":115,"column":5}},{"start":{"line":113,"column":11},"end":{"line":115,"column":5}}],"line":111},"16":{"loc":{"start":{"line":112,"column":75},"end":{"line":112,"column":112}},"type":"binary-expr","locations":[{"start":{"line":112,"column":75},"end":{"line":112,"column":95}},{"start":{"line":112,"column":99},"end":{"line":112,"column":112}}],"line":112},"17":{"loc":{"start":{"line":114,"column":50},"end":{"line":114,"column":87}},"type":"binary-expr","locations":[{"start":{"line":114,"column":50},"end":{"line":114,"column":70}},{"start":{"line":114,"column":74},"end":{"line":114,"column":87}}],"line":114},"18":{"loc":{"start":{"line":148,"column":4},"end":{"line":150,"column":5}},"type":"if","locations":[{"start":{"line":148,"column":4},"end":{"line":150,"column":5}},{"start":{},"end":{}}],"line":148},"19":{"loc":{"start":{"line":156,"column":4},"end":{"line":158,"column":5}},"type":"if","locations":[{"start":{"line":156,"column":4},"end":{"line":158,"column":5}},{"start":{},"end":{}}],"line":156}},"s":{"0":8,"1":8,"2":8,"3":8,"4":8,"5":8,"6":8,"7":8,"8":8,"9":8,"10":0,"11":0,"12":0,"13":0,"14":0,"15":0,"16":0,"17":0,"18":0,"19":0,"20":8,"21":0,"22":0,"23":0,"24":0,"25":0,"26":0,"27":0,"28":0,"29":0,"30":0,"31":0,"32":0,"33":0,"34":0,"35":0,"36":0,"37":0,"38":0,"39":0,"40":0,"41":0,"42":0,"43":0,"44":0,"45":0,"46":0,"47":0,"48":0,"49":0,"50":0,"51":0,"52":0,"53":0,"54":0,"55":0,"56":8},"f":{"0":0,"1":0,"2":0,"3":0,"4":0},"b":{"0":[8,8],"1":[0,0],"2":[0,0,0,0],"3":[0,0],"4":[0,0],"5":[0,0,0],"6":[0,0],"7":[0,0],"8":[0,0],"9":[0,0,0,0],"10":[0,0],"11":[0,0],"12":[0,0],"13":[0,0],"14":[0,0],"15":[0,0],"16":[0,0],"17":[0,0],"18":[0,0],"19":[0,0]},"inputSourceMap":null,"_coverageSchema":"1a1c01bbd47fc00a2c39e90264f33305004495a9","hash":"bfa0f0ced0cd7a23471594f2b0735a15af9beab8"}
}
