{"/Users/izaakdias/Documents/Leaf-new/leaf-websocket-backend/services/fare-estimation-service.js": {"path":"/Users/izaakdias/Documents/Leaf-new/leaf-websocket-backend/services/fare-estimation-service.js","statementMap":{"0":{"start":{"line":1,"column":26},"end":{"line":1,"column":52}},"1":{"start":{"line":3,"column":19},"end":{"line":25,"column":1}},"2":{"start":{"line":27,"column":25},"end":{"line":27,"column":36}},"3":{"start":{"line":28,"column":17},"end":{"line":28,"column":22}},"4":{"start":{"line":31,"column":17},"end":{"line":35,"column":3}},"5":{"start":{"line":36,"column":2},"end":{"line":36,"column":53}},"6":{"start":{"line":40,"column":2},"end":{"line":40,"column":47}},"7":{"start":{"line":44,"column":21},"end":{"line":48,"column":11}},"8":{"start":{"line":50,"column":2},"end":{"line":50,"column":43}},"9":{"start":{"line":50,"column":19},"end":{"line":50,"column":43}},"10":{"start":{"line":51,"column":2},"end":{"line":51,"column":54}},"11":{"start":{"line":51,"column":35},"end":{"line":51,"column":54}},"12":{"start":{"line":52,"column":2},"end":{"line":52,"column":56}},"13":{"start":{"line":52,"column":36},"end":{"line":52,"column":56}},"14":{"start":{"line":53,"column":2},"end":{"line":53,"column":54}},"15":{"start":{"line":53,"column":35},"end":{"line":53,"column":54}},"16":{"start":{"line":54,"column":2},"end":{"line":54,"column":53}},"17":{"start":{"line":54,"column":34},"end":{"line":54,"column":53}},"18":{"start":{"line":55,"column":2},"end":{"line":55,"column":50}},"19":{"start":{"line":55,"column":30},"end":{"line":55,"column":50}},"20":{"start":{"line":56,"column":2},"end":{"line":56,"column":49}},"21":{"start":{"line":56,"column":30},"end":{"line":56,"column":49}},"22":{"start":{"line":57,"column":2},"end":{"line":57,"column":26}},"23":{"start":{"line":61,"column":16},"end":{"line":61,"column":50}},"24":{"start":{"line":61,"column":27},"end":{"line":61,"column":50}},"25":{"start":{"line":62,"column":24},"end":{"line":62,"column":28}},"26":{"start":{"line":63,"column":15},"end":{"line":63,"column":33}},"27":{"start":{"line":64,"column":15},"end":{"line":64,"column":33}},"28":{"start":{"line":66,"column":4},"end":{"line":68,"column":43}},"29":{"start":{"line":69,"column":12},"end":{"line":69,"column":58}},"30":{"start":{"line":70,"column":2},"end":{"line":70,"column":27}},"31":{"start":{"line":74,"column":20},"end":{"line":74,"column":54}},"32":{"start":{"line":75,"column":20},"end":{"line":75,"column":54}},"33":{"start":{"line":76,"column":25},"end":{"line":76,"column":64}},"34":{"start":{"line":77,"column":25},"end":{"line":77,"column":64}},"35":{"start":{"line":79,"column":2},"end":{"line":90,"column":3}},"36":{"start":{"line":85,"column":4},"end":{"line":89,"column":6}},"37":{"start":{"line":92,"column":29},"end":{"line":97,"column":3}},"38":{"start":{"line":98,"column":37},"end":{"line":100,"column":9}},"39":{"start":{"line":101,"column":26},"end":{"line":101,"column":95}},"40":{"start":{"line":102,"column":22},"end":{"line":102,"column":24}},"41":{"start":{"line":103,"column":21},"end":{"line":103,"column":86}},"42":{"start":{"line":105,"column":2},"end":{"line":109,"column":4}},"43":{"start":{"line":113,"column":23},"end":{"line":113,"column":54}},"44":{"start":{"line":114,"column":19},"end":{"line":114,"column":63}},"45":{"start":{"line":115,"column":19},"end":{"line":115,"column":82}},"46":{"start":{"line":116,"column":26},"end":{"line":116,"column":62}},"47":{"start":{"line":117,"column":16},"end":{"line":117,"column":54}},"48":{"start":{"line":118,"column":2},"end":{"line":118,"column":50}},"49":{"start":{"line":130,"column":28},"end":{"line":130,"column":53}},"50":{"start":{"line":131,"column":19},"end":{"line":131,"column":80}},"51":{"start":{"line":133,"column":29},"end":{"line":133,"column":57}},"52":{"start":{"line":134,"column":31},"end":{"line":134,"column":61}},"53":{"start":{"line":135,"column":34},"end":{"line":135,"column":84}},"54":{"start":{"line":137,"column":26},"end":{"line":140,"column":4}},"55":{"start":{"line":142,"column":30},"end":{"line":142,"column":103}},"56":{"start":{"line":143,"column":32},"end":{"line":143,"column":109}},"57":{"start":{"line":144,"column":27},"end":{"line":144,"column":47}},"58":{"start":{"line":146,"column":24},"end":{"line":151,"column":4}},"59":{"start":{"line":153,"column":21},"end":{"line":153,"column":53}},"60":{"start":{"line":154,"column":19},"end":{"line":154,"column":70}},"61":{"start":{"line":156,"column":2},"end":{"line":165,"column":3}},"62":{"start":{"line":157,"column":4},"end":{"line":164,"column":7}},"63":{"start":{"line":167,"column":2},"end":{"line":178,"column":4}},"64":{"start":{"line":181,"column":0},"end":{"line":185,"column":2}}},"fnMap":{"0":{"name":"toNumber","decl":{"start":{"line":30,"column":9},"end":{"line":30,"column":17}},"loc":{"start":{"line":30,"column":39},"end":{"line":37,"column":1}},"line":30},"1":{"name":"roundCurrency","decl":{"start":{"line":39,"column":9},"end":{"line":39,"column":22}},"loc":{"start":{"line":39,"column":30},"end":{"line":41,"column":1}},"line":39},"2":{"name":"normalizeCarType","decl":{"start":{"line":43,"column":9},"end":{"line":43,"column":25}},"loc":{"start":{"line":43,"column":35},"end":{"line":58,"column":1}},"line":43},"3":{"name":"haversineDistanceKm","decl":{"start":{"line":60,"column":9},"end":{"line":60,"column":28}},"loc":{"start":{"line":60,"column":53},"end":{"line":71,"column":1}},"line":60},"4":{"name":"(anonymous_4)","decl":{"start":{"line":61,"column":16},"end":{"line":61,"column":17}},"loc":{"start":{"line":61,"column":27},"end":{"line":61,"column":50}},"line":61},"5":{"name":"buildFallbackRouteMetrics","decl":{"start":{"line":73,"column":9},"end":{"line":73,"column":34}},"loc":{"start":{"line":73,"column":76},"end":{"line":110,"column":1}},"line":73},"6":{"name":"calculateFareWithRateCard","decl":{"start":{"line":112,"column":9},"end":{"line":112,"column":34}},"loc":{"start":{"line":112,"column":84},"end":{"line":119,"column":1}},"line":112},"7":{"name":"estimateRideFare","decl":{"start":{"line":121,"column":9},"end":{"line":121,"column":25}},"loc":{"start":{"line":129,"column":3},"end":{"line":179,"column":1}},"line":129}},"branchMap":{"0":{"loc":{"start":{"line":30,"column":25},"end":{"line":30,"column":37}},"type":"default-arg","locations":[{"start":{"line":30,"column":36},"end":{"line":30,"column":37}}],"line":30},"1":{"loc":{"start":{"line":32,"column":4},"end":{"line":34,"column":13}},"type":"cond-expr","locations":[{"start":{"line":33,"column":8},"end":{"line":33,"column":31}},{"start":{"line":34,"column":8},"end":{"line":34,"column":13}}],"line":32},"2":{"loc":{"start":{"line":36,"column":9},"end":{"line":36,"column":52}},"type":"cond-expr","locations":[{"start":{"line":36,"column":35},"end":{"line":36,"column":41}},{"start":{"line":36,"column":44},"end":{"line":36,"column":52}}],"line":36},"3":{"loc":{"start":{"line":44,"column":28},"end":{"line":44,"column":41}},"type":"binary-expr","locations":[{"start":{"line":44,"column":28},"end":{"line":44,"column":35}},{"start":{"line":44,"column":39},"end":{"line":44,"column":41}}],"line":44},"4":{"loc":{"start":{"line":50,"column":2},"end":{"line":50,"column":43}},"type":"if","locations":[{"start":{"line":50,"column":2},"end":{"line":50,"column":43}},{"start":{},"end":{}}],"line":50},"5":{"loc":{"start":{"line":51,"column":2},"end":{"line":51,"column":54}},"type":"if","locations":[{"start":{"line":51,"column":2},"end":{"line":51,"column":54}},{"start":{},"end":{}}],"line":51},"6":{"loc":{"start":{"line":52,"column":2},"end":{"line":52,"column":56}},"type":"if","locations":[{"start":{"line":52,"column":2},"end":{"line":52,"column":56}},{"start":{},"end":{}}],"line":52},"7":{"loc":{"start":{"line":53,"column":2},"end":{"line":53,"column":54}},"type":"if","locations":[{"start":{"line":53,"column":2},"end":{"line":53,"column":54}},{"start":{},"end":{}}],"line":53},"8":{"loc":{"start":{"line":54,"column":2},"end":{"line":54,"column":53}},"type":"if","locations":[{"start":{"line":54,"column":2},"end":{"line":54,"column":53}},{"start":{},"end":{}}],"line":54},"9":{"loc":{"start":{"line":55,"column":2},"end":{"line":55,"column":50}},"type":"if","locations":[{"start":{"line":55,"column":2},"end":{"line":55,"column":50}},{"start":{},"end":{}}],"line":55},"10":{"loc":{"start":{"line":56,"column":2},"end":{"line":56,"column":49}},"type":"if","locations":[{"start":{"line":56,"column":2},"end":{"line":56,"column":49}},{"start":{},"end":{}}],"line":56},"11":{"loc":{"start":{"line":79,"column":2},"end":{"line":90,"column":3}},"type":"if","locations":[{"start":{"line":79,"column":2},"end":{"line":90,"column":3}},{"start":{},"end":{}}],"line":79},"12":{"loc":{"start":{"line":80,"column":4},"end":{"line":83,"column":36}},"type":"binary-expr","locations":[{"start":{"line":80,"column":4},"end":{"line":80,"column":31}},{"start":{"line":81,"column":4},"end":{"line":81,"column":31}},{"start":{"line":82,"column":4},"end":{"line":82,"column":36}},{"start":{"line":83,"column":4},"end":{"line":83,"column":36}}],"line":80},"13":{"loc":{"start":{"line":98,"column":37},"end":{"line":100,"column":9}},"type":"cond-expr","locations":[{"start":{"line":99,"column":6},"end":{"line":99,"column":24}},{"start":{"line":100,"column":6},"end":{"line":100,"column":9}}],"line":98},"14":{"loc":{"start":{"line":98,"column":37},"end":{"line":98,"column":98}},"type":"binary-expr","locations":[{"start":{"line":98,"column":37},"end":{"line":98,"column":72}},{"start":{"line":98,"column":76},"end":{"line":98,"column":98}}],"line":98},"15":{"loc":{"start":{"line":131,"column":19},"end":{"line":131,"column":80}},"type":"binary-expr","locations":[{"start":{"line":131,"column":19},"end":{"line":131,"column":48}},{"start":{"line":131,"column":52},"end":{"line":131,"column":80}}],"line":131},"16":{"loc":{"start":{"line":135,"column":34},"end":{"line":135,"column":84}},"type":"binary-expr","locations":[{"start":{"line":135,"column":34},"end":{"line":135,"column":56}},{"start":{"line":135,"column":60},"end":{"line":135,"column":84}}],"line":135},"17":{"loc":{"start":{"line":142,"column":30},"end":{"line":142,"column":103}},"type":"cond-expr","locations":[{"start":{"line":142,"column":56},"end":{"line":142,"column":74}},{"start":{"line":142,"column":77},"end":{"line":142,"column":103}}],"line":142},"18":{"loc":{"start":{"line":143,"column":32},"end":{"line":143,"column":109}},"type":"cond-expr","locations":[{"start":{"line":143,"column":58},"end":{"line":143,"column":78}},{"start":{"line":143,"column":81},"end":{"line":143,"column":109}}],"line":143},"19":{"loc":{"start":{"line":156,"column":2},"end":{"line":165,"column":3}},"type":"if","locations":[{"start":{"line":156,"column":2},"end":{"line":165,"column":3}},{"start":{},"end":{}}],"line":156},"20":{"loc":{"start":{"line":156,"column":6},"end":{"line":156,"column":37}},"type":"binary-expr","locations":[{"start":{"line":156,"column":6},"end":{"line":156,"column":20}},{"start":{"line":156,"column":24},"end":{"line":156,"column":37}}],"line":156},"21":{"loc":{"start":{"line":163,"column":26},"end":{"line":163,"column":99}},"type":"cond-expr","locations":[{"start":{"line":163,"column":52},"end":{"line":163,"column":74}},{"start":{"line":163,"column":77},"end":{"line":163,"column":99}}],"line":163},"22":{"loc":{"start":{"line":173,"column":14},"end":{"line":173,"column":87}},"type":"cond-expr","locations":[{"start":{"line":173,"column":40},"end":{"line":173,"column":62}},{"start":{"line":173,"column":65},"end":{"line":173,"column":87}}],"line":173}},"s":{"0":1,"1":1,"2":1,"3":1,"4":16,"5":16,"6":10,"7":8,"8":8,"9":0,"10":8,"11":2,"12":6,"13":2,"14":4,"15":2,"16":2,"17":0,"18":2,"19":1,"20":1,"21":1,"22":0,"23":2,"24":8,"25":2,"26":2,"27":2,"28":2,"29":2,"30":2,"31":2,"32":2,"33":2,"34":2,"35":2,"36":0,"37":2,"38":2,"39":2,"40":2,"41":2,"42":2,"43":2,"44":2,"45":2,"46":2,"47":2,"48":2,"49":2,"50":2,"51":2,"52":2,"53":2,"54":2,"55":2,"56":2,"57":2,"58":2,"59":2,"60":2,"61":2,"62":0,"63":2,"64":1},"f":{"0":16,"1":10,"2":8,"3":2,"4":8,"5":2,"6":2,"7":2},"b":{"0":[0],"1":[0,16],"2":[13,3],"3":[8,0],"4":[0,8],"5":[2,6],"6":[2,4],"7":[2,2],"8":[0,2],"9":[1,1],"10":[1,0],"11":[0,2],"12":[2,2,2,2],"13":[2,0],"14":[2,2],"15":[2,0],"16":[2,1],"17":[1,1],"18":[1,1],"19":[0,2],"20":[2,0],"21":[0,0],"22":[1,1]},"inputSourceMap":null,"_coverageSchema":"1a1c01bbd47fc00a2c39e90264f33305004495a9","hash":"5d1806f74693e56d5eb7b94224b5d901ae9c70c4"}
,"/Users/izaakdias/Documents/Leaf-new/leaf-websocket-backend/utils/logger.js": {"path":"/Users/izaakdias/Documents/Leaf-new/leaf-websocket-backend/utils/logger.js","statementMap":{"0":{"start":{"line":1,"column":16},"end":{"line":1,"column":34}},"1":{"start":{"line":2,"column":13},"end":{"line":2,"column":28}},"2":{"start":{"line":3,"column":21},"end":{"line":3,"column":47}},"3":{"start":{"line":6,"column":15},"end":{"line":12,"column":1}},"4":{"start":{"line":14,"column":0},"end":{"line":14,"column":26}},"5":{"start":{"line":17,"column":18},"end":{"line":60,"column":1}},"6":{"start":{"line":24,"column":4},"end":{"line":29,"column":5}},"7":{"start":{"line":25,"column":29},"end":{"line":25,"column":61}},"8":{"start":{"line":26,"column":6},"end":{"line":28,"column":7}},"9":{"start":{"line":27,"column":8},"end":{"line":27,"column":38}},"10":{"start":{"line":32,"column":4},"end":{"line":32,"column":60}},"11":{"start":{"line":33,"column":4},"end":{"line":33,"column":50}},"12":{"start":{"line":35,"column":4},"end":{"line":35,"column":16}},"13":{"start":{"line":40,"column":21},"end":{"line":40,"column":58}},"14":{"start":{"line":41,"column":23},"end":{"line":41,"column":60}},"15":{"start":{"line":42,"column":14},"end":{"line":42,"column":90}},"16":{"start":{"line":45,"column":25},"end":{"line":45,"column":27}},"17":{"start":{"line":46,"column":4},"end":{"line":46,"column":55}},"18":{"start":{"line":46,"column":21},"end":{"line":46,"column":55}},"19":{"start":{"line":47,"column":4},"end":{"line":47,"column":64}},"20":{"start":{"line":47,"column":24},"end":{"line":47,"column":64}},"21":{"start":{"line":48,"column":4},"end":{"line":48,"column":61}},"22":{"start":{"line":48,"column":23},"end":{"line":48,"column":61}},"23":{"start":{"line":49,"column":4},"end":{"line":49,"column":67}},"24":{"start":{"line":49,"column":25},"end":{"line":49,"column":67}},"25":{"start":{"line":50,"column":4},"end":{"line":50,"column":64}},"26":{"start":{"line":50,"column":24},"end":{"line":50,"column":64}},"27":{"start":{"line":51,"column":4},"end":{"line":51,"column":58}},"28":{"start":{"line":51,"column":22},"end":{"line":51,"column":58}},"29":{"start":{"line":52,"column":4},"end":{"line":52,"column":61}},"30":{"start":{"line":52,"column":23},"end":{"line":52,"column":61}},"31":{"start":{"line":54,"column":4},"end":{"line":56,"column":5}},"32":{"start":{"line":55,"column":6},"end":{"line":55,"column":48}},"33":{"start":{"line":58,"column":4},"end":{"line":58,"column":15}},"34":{"start":{"line":63,"column":19},"end":{"line":107,"column":1}},"35":{"start":{"line":110,"column":15},"end":{"line":115,"column":2}},"36":{"start":{"line":118,"column":24},"end":{"line":136,"column":2}},"37":{"start":{"line":131,"column":10},"end":{"line":131,"column":79}},"38":{"start":{"line":138,"column":20},"end":{"line":156,"column":2}},"39":{"start":{"line":151,"column":10},"end":{"line":151,"column":75}},"40":{"start":{"line":158,"column":23},"end":{"line":176,"column":2}},"41":{"start":{"line":171,"column":10},"end":{"line":171,"column":78}},"42":{"start":{"line":179,"column":21},"end":{"line":184,"column":1}},"43":{"start":{"line":180,"column":2},"end":{"line":183,"column":5}},"44":{"start":{"line":186,"column":17},"end":{"line":193,"column":1}},"45":{"start":{"line":187,"column":18},"end":{"line":187,"column":50}},"46":{"start":{"line":188,"column":2},"end":{"line":192,"column":5}},"47":{"start":{"line":195,"column":20},"end":{"line":200,"column":1}},"48":{"start":{"line":196,"column":2},"end":{"line":199,"column":5}},"49":{"start":{"line":203,"column":23},"end":{"line":212,"column":1}},"50":{"start":{"line":204,"column":18},"end":{"line":204,"column":50}},"51":{"start":{"line":205,"column":2},"end":{"line":211,"column":5}},"52":{"start":{"line":215,"column":17},"end":{"line":223,"column":1}},"53":{"start":{"line":216,"column":18},"end":{"line":216,"column":50}},"54":{"start":{"line":217,"column":2},"end":{"line":222,"column":5}},"55":{"start":{"line":226,"column":22},"end":{"line":236,"column":1}},"56":{"start":{"line":227,"column":18},"end":{"line":227,"column":50}},"57":{"start":{"line":228,"column":25},"end":{"line":233,"column":3}},"58":{"start":{"line":235,"column":2},"end":{"line":235,"column":45}},"59":{"start":{"line":239,"column":19},"end":{"line":248,"column":1}},"60":{"start":{"line":240,"column":18},"end":{"line":240,"column":50}},"61":{"start":{"line":241,"column":2},"end":{"line":247,"column":5}},"62":{"start":{"line":251,"column":17},"end":{"line":259,"column":1}},"63":{"start":{"line":252,"column":18},"end":{"line":252,"column":50}},"64":{"start":{"line":253,"column":2},"end":{"line":258,"column":5}},"65":{"start":{"line":262,"column":20},"end":{"line":271,"column":1}},"66":{"start":{"line":263,"column":18},"end":{"line":263,"column":50}},"67":{"start":{"line":264,"column":2},"end":{"line":270,"column":5}},"68":{"start":{"line":273,"column":0},"end":{"line":287,"column":2}}},"fnMap":{"0":{"name":"(anonymous_0)","decl":{"start":{"line":22,"column":17},"end":{"line":22,"column":18}},"loc":{"start":{"line":22,"column":27},"end":{"line":36,"column":3}},"line":22},"1":{"name":"(anonymous_1)","decl":{"start":{"line":38,"column":24},"end":{"line":38,"column":25}},"loc":{"start":{"line":38,"column":98},"end":{"line":59,"column":3}},"line":38},"2":{"name":"(anonymous_2)","decl":{"start":{"line":130,"column":30},"end":{"line":130,"column":31}},"loc":{"start":{"line":130,"column":74},"end":{"line":132,"column":9}},"line":130},"3":{"name":"(anonymous_3)","decl":{"start":{"line":150,"column":30},"end":{"line":150,"column":31}},"loc":{"start":{"line":150,"column":74},"end":{"line":152,"column":9}},"line":150},"4":{"name":"(anonymous_4)","decl":{"start":{"line":170,"column":30},"end":{"line":170,"column":31}},"loc":{"start":{"line":170,"column":74},"end":{"line":172,"column":9}},"line":170},"5":{"name":"(anonymous_5)","decl":{"start":{"line":179,"column":21},"end":{"line":179,"column":22}},"loc":{"start":{"line":179,"column":52},"end":{"line":184,"column":1}},"line":179},"6":{"name":"(anonymous_6)","decl":{"start":{"line":186,"column":17},"end":{"line":186,"column":18}},"loc":{"start":{"line":186,"column":48},"end":{"line":193,"column":1}},"line":186},"7":{"name":"(anonymous_7)","decl":{"start":{"line":195,"column":20},"end":{"line":195,"column":21}},"loc":{"start":{"line":195,"column":51},"end":{"line":200,"column":1}},"line":195},"8":{"name":"(anonymous_8)","decl":{"start":{"line":203,"column":23},"end":{"line":203,"column":24}},"loc":{"start":{"line":203,"column":59},"end":{"line":212,"column":1}},"line":203},"9":{"name":"(anonymous_9)","decl":{"start":{"line":215,"column":17},"end":{"line":215,"column":18}},"loc":{"start":{"line":215,"column":42},"end":{"line":223,"column":1}},"line":215},"10":{"name":"(anonymous_10)","decl":{"start":{"line":226,"column":22},"end":{"line":226,"column":23}},"loc":{"start":{"line":226,"column":53},"end":{"line":236,"column":1}},"line":226},"11":{"name":"(anonymous_11)","decl":{"start":{"line":239,"column":19},"end":{"line":239,"column":20}},"loc":{"start":{"line":239,"column":65},"end":{"line":248,"column":1}},"line":239},"12":{"name":"(anonymous_12)","decl":{"start":{"line":251,"column":17},"end":{"line":251,"column":18}},"loc":{"start":{"line":251,"column":51},"end":{"line":259,"column":1}},"line":251},"13":{"name":"(anonymous_13)","decl":{"start":{"line":262,"column":20},"end":{"line":262,"column":21}},"loc":{"start":{"line":262,"column":66},"end":{"line":271,"column":1}},"line":262}},"branchMap":{"0":{"loc":{"start":{"line":24,"column":4},"end":{"line":29,"column":5}},"type":"if","locations":[{"start":{"line":24,"column":4},"end":{"line":29,"column":5}},{"start":{},"end":{}}],"line":24},"1":{"loc":{"start":{"line":26,"column":6},"end":{"line":28,"column":7}},"type":"if","locations":[{"start":{"line":26,"column":6},"end":{"line":28,"column":7}},{"start":{},"end":{}}],"line":26},"2":{"loc":{"start":{"line":32,"column":19},"end":{"line":32,"column":59}},"type":"binary-expr","locations":[{"start":{"line":32,"column":19},"end":{"line":32,"column":31}},{"start":{"line":32,"column":35},"end":{"line":32,"column":59}}],"line":32},"3":{"loc":{"start":{"line":33,"column":21},"end":{"line":33,"column":49}},"type":"binary-expr","locations":[{"start":{"line":33,"column":21},"end":{"line":33,"column":35}},{"start":{"line":33,"column":39},"end":{"line":33,"column":49}}],"line":33},"4":{"loc":{"start":{"line":40,"column":21},"end":{"line":40,"column":58}},"type":"cond-expr","locations":[{"start":{"line":40,"column":31},"end":{"line":40,"column":53}},{"start":{"line":40,"column":56},"end":{"line":40,"column":58}}],"line":40},"5":{"loc":{"start":{"line":41,"column":23},"end":{"line":41,"column":60}},"type":"cond-expr","locations":[{"start":{"line":41,"column":36},"end":{"line":41,"column":55}},{"start":{"line":41,"column":58},"end":{"line":41,"column":60}}],"line":41},"6":{"loc":{"start":{"line":46,"column":4},"end":{"line":46,"column":55}},"type":"if","locations":[{"start":{"line":46,"column":4},"end":{"line":46,"column":55}},{"start":{},"end":{}}],"line":46},"7":{"loc":{"start":{"line":47,"column":4},"end":{"line":47,"column":64}},"type":"if","locations":[{"start":{"line":47,"column":4},"end":{"line":47,"column":64}},{"start":{},"end":{}}],"line":47},"8":{"loc":{"start":{"line":48,"column":4},"end":{"line":48,"column":61}},"type":"if","locations":[{"start":{"line":48,"column":4},"end":{"line":48,"column":61}},{"start":{},"end":{}}],"line":48},"9":{"loc":{"start":{"line":49,"column":4},"end":{"line":49,"column":67}},"type":"if","locations":[{"start":{"line":49,"column":4},"end":{"line":49,"column":67}},{"start":{},"end":{}}],"line":49},"10":{"loc":{"start":{"line":50,"column":4},"end":{"line":50,"column":64}},"type":"if","locations":[{"start":{"line":50,"column":4},"end":{"line":50,"column":64}},{"start":{},"end":{}}],"line":50},"11":{"loc":{"start":{"line":51,"column":4},"end":{"line":51,"column":58}},"type":"if","locations":[{"start":{"line":51,"column":4},"end":{"line":51,"column":58}},{"start":{},"end":{}}],"line":51},"12":{"loc":{"start":{"line":52,"column":4},"end":{"line":52,"column":61}},"type":"if","locations":[{"start":{"line":52,"column":4},"end":{"line":52,"column":61}},{"start":{},"end":{}}],"line":52},"13":{"loc":{"start":{"line":54,"column":4},"end":{"line":56,"column":5}},"type":"if","locations":[{"start":{"line":54,"column":4},"end":{"line":56,"column":5}},{"start":{},"end":{}}],"line":54},"14":{"loc":{"start":{"line":70,"column":11},"end":{"line":70,"column":42}},"type":"binary-expr","locations":[{"start":{"line":70,"column":11},"end":{"line":70,"column":32}},{"start":{"line":70,"column":36},"end":{"line":70,"column":42}}],"line":70},"15":{"loc":{"start":{"line":111,"column":9},"end":{"line":111,"column":40}},"type":"binary-expr","locations":[{"start":{"line":111,"column":9},"end":{"line":111,"column":30}},{"start":{"line":111,"column":34},"end":{"line":111,"column":40}}],"line":111},"16":{"loc":{"start":{"line":179,"column":38},"end":{"line":179,"column":47}},"type":"default-arg","locations":[{"start":{"line":179,"column":45},"end":{"line":179,"column":47}}],"line":179},"17":{"loc":{"start":{"line":186,"column":34},"end":{"line":186,"column":43}},"type":"default-arg","locations":[{"start":{"line":186,"column":41},"end":{"line":186,"column":43}}],"line":186},"18":{"loc":{"start":{"line":195,"column":37},"end":{"line":195,"column":46}},"type":"default-arg","locations":[{"start":{"line":195,"column":44},"end":{"line":195,"column":46}}],"line":195},"19":{"loc":{"start":{"line":203,"column":45},"end":{"line":203,"column":54}},"type":"default-arg","locations":[{"start":{"line":203,"column":52},"end":{"line":203,"column":54}}],"line":203},"20":{"loc":{"start":{"line":215,"column":25},"end":{"line":215,"column":37}},"type":"default-arg","locations":[{"start":{"line":215,"column":35},"end":{"line":215,"column":37}}],"line":215},"21":{"loc":{"start":{"line":226,"column":39},"end":{"line":226,"column":48}},"type":"default-arg","locations":[{"start":{"line":226,"column":46},"end":{"line":226,"column":48}}],"line":226},"22":{"loc":{"start":{"line":239,"column":51},"end":{"line":239,"column":60}},"type":"default-arg","locations":[{"start":{"line":239,"column":58},"end":{"line":239,"column":60}}],"line":239},"23":{"loc":{"start":{"line":251,"column":37},"end":{"line":251,"column":46}},"type":"default-arg","locations":[{"start":{"line":251,"column":44},"end":{"line":251,"column":46}}],"line":251},"24":{"loc":{"start":{"line":262,"column":52},"end":{"line":262,"column":61}},"type":"default-arg","locations":[{"start":{"line":262,"column":59},"end":{"line":262,"column":61}}],"line":262}},"s":{"0":1,"1":1,"2":1,"3":1,"4":1,"5":1,"6":0,"7":0,"8":0,"9":0,"10":0,"11":0,"12":0,"13":0,"14":0,"15":0,"16":0,"17":0,"18":0,"19":0,"20":0,"21":0,"22":0,"23":0,"24":0,"25":0,"26":0,"27":0,"28":0,"29":0,"30":0,"31":0,"32":0,"33":0,"34":1,"35":1,"36":1,"37":0,"38":1,"39":0,"40":1,"41":0,"42":1,"43":0,"44":1,"45":0,"46":0,"47":1,"48":0,"49":1,"50":0,"51":0,"52":1,"53":0,"54":0,"55":1,"56":0,"57":0,"58":0,"59":1,"60":0,"61":0,"62":1,"63":0,"64":0,"65":1,"66":0,"67":0,"68":1},"f":{"0":0,"1":0,"2":0,"3":0,"4":0,"5":0,"6":0,"7":0,"8":0,"9":0,"10":0,"11":0,"12":0,"13":0},"b":{"0":[0,0],"1":[0,0],"2":[0,0],"3":[0,0],"4":[0,0],"5":[0,0],"6":[0,0],"7":[0,0],"8":[0,0],"9":[0,0],"10":[0,0],"11":[0,0],"12":[0,0],"13":[0,0],"14":[1,1],"15":[1,1],"16":[0],"17":[0],"18":[0],"19":[0],"20":[0],"21":[0],"22":[0],"23":[0],"24":[0]},"inputSourceMap":null,"_coverageSchema":"1a1c01bbd47fc00a2c39e90264f33305004495a9","hash":"3fb06f1892925ebdca68a7840061877290107efb"}
,"/Users/izaakdias/Documents/Leaf-new/leaf-websocket-backend/utils/trace-context.js": {"path":"/Users/izaakdias/Documents/Leaf-new/leaf-websocket-backend/utils/trace-context.js","statementMap":{"0":{"start":{"line":9,"column":23},"end":{"line":9,"column":40}},"1":{"start":{"line":16,"column":8},"end":{"line":16,"column":34}},"2":{"start":{"line":25,"column":26},"end":{"line":25,"column":36}},"3":{"start":{"line":26,"column":23},"end":{"line":26,"column":51}},"4":{"start":{"line":27,"column":8},"end":{"line":27,"column":50}},"5":{"start":{"line":36,"column":8},"end":{"line":41,"column":9}},"6":{"start":{"line":37,"column":26},"end":{"line":37,"column":60}},"7":{"start":{"line":38,"column":12},"end":{"line":40,"column":13}},"8":{"start":{"line":39,"column":16},"end":{"line":39,"column":37}},"9":{"start":{"line":44,"column":8},"end":{"line":44,"column":46}},"10":{"start":{"line":51,"column":8},"end":{"line":53,"column":9}},"11":{"start":{"line":52,"column":12},"end":{"line":52,"column":63}},"12":{"start":{"line":56,"column":8},"end":{"line":56,"column":41}},"13":{"start":{"line":65,"column":29},"end":{"line":65,"column":62}},"14":{"start":{"line":67,"column":8},"end":{"line":74,"column":9}},"15":{"start":{"line":68,"column":42},"end":{"line":68,"column":64}},"16":{"start":{"line":69,"column":12},"end":{"line":71,"column":13}},"17":{"start":{"line":70,"column":16},"end":{"line":70,"column":65}},"18":{"start":{"line":73,"column":12},"end":{"line":73,"column":77}},"19":{"start":{"line":77,"column":27},"end":{"line":77,"column":49}},"20":{"start":{"line":78,"column":8},"end":{"line":78,"column":46}},"21":{"start":{"line":80,"column":8},"end":{"line":84,"column":9}},"22":{"start":{"line":81,"column":12},"end":{"line":81,"column":30}},"23":{"start":{"line":83,"column":12},"end":{"line":83,"column":48}},"24":{"start":{"line":93,"column":8},"end":{"line":95,"column":9}},"25":{"start":{"line":94,"column":12},"end":{"line":94,"column":32}},"26":{"start":{"line":98,"column":8},"end":{"line":100,"column":9}},"27":{"start":{"line":99,"column":12},"end":{"line":99,"column":41}},"28":{"start":{"line":103,"column":8},"end":{"line":105,"column":9}},"29":{"start":{"line":104,"column":12},"end":{"line":104,"column":41}},"30":{"start":{"line":108,"column":24},"end":{"line":108,"column":48}},"31":{"start":{"line":109,"column":8},"end":{"line":111,"column":9}},"32":{"start":{"line":110,"column":12},"end":{"line":110,"column":27}},"33":{"start":{"line":114,"column":8},"end":{"line":114,"column":38}},"34":{"start":{"line":119,"column":21},"end":{"line":119,"column":39}},"35":{"start":{"line":121,"column":0},"end":{"line":121,"column":30}}},"fnMap":{"0":{"name":"(anonymous_0)","decl":{"start":{"line":15,"column":4},"end":{"line":15,"column":5}},"loc":{"start":{"line":15,"column":18},"end":{"line":17,"column":5}},"line":15},"1":{"name":"(anonymous_1)","decl":{"start":{"line":24,"column":4},"end":{"line":24,"column":5}},"loc":{"start":{"line":24,"column":36},"end":{"line":28,"column":5}},"line":24},"2":{"name":"(anonymous_2)","decl":{"start":{"line":34,"column":4},"end":{"line":34,"column":5}},"loc":{"start":{"line":34,"column":24},"end":{"line":45,"column":5}},"line":34},"3":{"name":"(anonymous_3)","decl":{"start":{"line":50,"column":4},"end":{"line":50,"column":5}},"loc":{"start":{"line":50,"column":31},"end":{"line":57,"column":5}},"line":50},"4":{"name":"(anonymous_4)","decl":{"start":{"line":52,"column":53},"end":{"line":52,"column":54}},"loc":{"start":{"line":52,"column":59},"end":{"line":52,"column":61}},"line":52},"5":{"name":"(anonymous_5)","decl":{"start":{"line":64,"column":4},"end":{"line":64,"column":5}},"loc":{"start":{"line":64,"column":38},"end":{"line":85,"column":5}},"line":64},"6":{"name":"(anonymous_6)","decl":{"start":{"line":91,"column":4},"end":{"line":91,"column":5}},"loc":{"start":{"line":91,"column":39},"end":{"line":115,"column":5}},"line":91}},"branchMap":{"0":{"loc":{"start":{"line":24,"column":20},"end":{"line":24,"column":34}},"type":"default-arg","locations":[{"start":{"line":24,"column":29},"end":{"line":24,"column":34}}],"line":24},"1":{"loc":{"start":{"line":36,"column":8},"end":{"line":41,"column":9}},"type":"if","locations":[{"start":{"line":36,"column":8},"end":{"line":41,"column":9}},{"start":{},"end":{}}],"line":36},"2":{"loc":{"start":{"line":38,"column":12},"end":{"line":40,"column":13}},"type":"if","locations":[{"start":{"line":38,"column":12},"end":{"line":40,"column":13}},{"start":{},"end":{}}],"line":38},"3":{"loc":{"start":{"line":44,"column":15},"end":{"line":44,"column":45}},"type":"binary-expr","locations":[{"start":{"line":44,"column":15},"end":{"line":44,"column":37}},{"start":{"line":44,"column":41},"end":{"line":44,"column":45}}],"line":44},"4":{"loc":{"start":{"line":51,"column":8},"end":{"line":53,"column":9}},"type":"if","locations":[{"start":{"line":51,"column":8},"end":{"line":53,"column":9}},{"start":{},"end":{}}],"line":51},"5":{"loc":{"start":{"line":65,"column":29},"end":{"line":65,"column":62}},"type":"binary-expr","locations":[{"start":{"line":65,"column":29},"end":{"line":65,"column":36}},{"start":{"line":65,"column":40},"end":{"line":65,"column":62}}],"line":65},"6":{"loc":{"start":{"line":67,"column":8},"end":{"line":74,"column":9}},"type":"if","locations":[{"start":{"line":67,"column":8},"end":{"line":74,"column":9}},{"start":{},"end":{}}],"line":67},"7":{"loc":{"start":{"line":69,"column":12},"end":{"line":71,"column":13}},"type":"if","locations":[{"start":{"line":69,"column":12},"end":{"line":71,"column":13}},{"start":{},"end":{}}],"line":69},"8":{"loc":{"start":{"line":91,"column":25},"end":{"line":91,"column":37}},"type":"default-arg","locations":[{"start":{"line":91,"column":35},"end":{"line":91,"column":37}}],"line":91},"9":{"loc":{"start":{"line":93,"column":8},"end":{"line":95,"column":9}},"type":"if","locations":[{"start":{"line":93,"column":8},"end":{"line":95,"column":9}},{"start":{},"end":{}}],"line":93},"10":{"loc":{"start":{"line":98,"column":8},"end":{"line":100,"column":9}},"type":"if","locations":[{"start":{"line":98,"column":8},"end":{"line":100,"column":9}},{"start":{},"end":{}}],"line":98},"11":{"loc":{"start":{"line":103,"column":8},"end":{"line":105,"column":9}},"type":"if","locations":[{"start":{"line":103,"column":8},"end":{"line":105,"column":9}},{"start":{},"end":{}}],"line":103},"12":{"loc":{"start":{"line":109,"column":8},"end":{"line":111,"column":9}},"type":"if","locations":[{"start":{"line":109,"column":8},"end":{"line":111,"column":9}},{"start":{},"end":{}}],"line":109}},"s":{"0":1,"1":1,"2":0,"3":0,"4":0,"5":0,"6":0,"7":0,"8":0,"9":0,"10":0,"11":0,"12":0,"13":0,"14":0,"15":0,"16":0,"17":0,"18":0,"19":0,"20":0,"21":0,"22":0,"23":0,"24":0,"25":0,"26":0,"27":0,"28":0,"29":0,"30":0,"31":0,"32":0,"33":0,"34":1,"35":1},"f":{"0":1,"1":0,"2":0,"3":0,"4":0,"5":0,"6":0},"b":{"0":[0],"1":[0,0],"2":[0,0],"3":[0,0],"4":[0,0],"5":[0,0],"6":[0,0],"7":[0,0],"8":[0],"9":[0,0],"10":[0,0],"11":[0,0],"12":[0,0]},"inputSourceMap":null,"_coverageSchema":"1a1c01bbd47fc00a2c39e90264f33305004495a9","hash":"ca96e2fa927e9ef17ffe613ad02e0404d7c5b8cf"}
}
