TN:
SF:services/fare-estimation-service.js
FN:30,toNumber
FN:39,roundCurrency
FN:43,normalizeCarType
FN:60,haversineDistanceKm
FN:61,(anonymous_4)
FN:73,buildFallbackRouteMetrics
FN:112,calculateFareWithRateCard
FN:121,estimateRideFare
FNF:8
FNH:8
FNDA:16,toNumber
FNDA:10,roundCurrency
FNDA:8,normalizeCarType
FNDA:2,haversineDistanceKm
FNDA:8,(anonymous_4)
FNDA:2,buildFallbackRouteMetrics
FNDA:2,calculateFareWithRateCard
FNDA:2,estimateRideFare
DA:1,1
DA:3,1
DA:27,1
DA:28,1
DA:31,16
DA:36,16
DA:40,10
DA:44,8
DA:50,8
DA:51,8
DA:52,6
DA:53,4
DA:54,2
DA:55,2
DA:56,1
DA:57,0
DA:61,8
DA:62,2
DA:63,2
DA:64,2
DA:66,2
DA:69,2
DA:70,2
DA:74,2
DA:75,2
DA:76,2
DA:77,2
DA:79,2
DA:85,0
DA:92,2
DA:98,2
DA:101,2
DA:102,2
DA:103,2
DA:105,2
DA:113,2
DA:114,2
DA:115,2
DA:116,2
DA:117,2
DA:118,2
DA:130,2
DA:131,2
DA:133,2
DA:134,2
DA:135,2
DA:137,2
DA:142,2
DA:143,2
DA:144,2
DA:146,2
DA:153,2
DA:154,2
DA:156,2
DA:157,0
DA:167,2
DA:181,1
LF:57
LH:54
BRDA:30,0,0,0
BRDA:32,1,0,0
BRDA:32,1,1,16
BRDA:36,2,0,13
BRDA:36,2,1,3
BRDA:44,3,0,8
BRDA:44,3,1,0
BRDA:50,4,0,0
BRDA:50,4,1,8
BRDA:51,5,0,2
BRDA:51,5,1,6
BRDA:52,6,0,2
BRDA:52,6,1,4
BRDA:53,7,0,2
BRDA:53,7,1,2
BRDA:54,8,0,0
BRDA:54,8,1,2
BRDA:55,9,0,1
BRDA:55,9,1,1
BRDA:56,10,0,1
BRDA:56,10,1,0
BRDA:79,11,0,0
BRDA:79,11,1,2
BRDA:80,12,0,2
BRDA:80,12,1,2
BRDA:80,12,2,2
BRDA:80,12,3,2
BRDA:98,13,0,2
BRDA:98,13,1,0
BRDA:98,14,0,2
BRDA:98,14,1,2
BRDA:131,15,0,2
BRDA:131,15,1,0
BRDA:135,16,0,2
BRDA:135,16,1,1
BRDA:142,17,0,1
BRDA:142,17,1,1
BRDA:143,18,0,1
BRDA:143,18,1,1
BRDA:156,19,0,0
BRDA:156,19,1,2
BRDA:156,20,0,2
BRDA:156,20,1,0
BRDA:163,21,0,0
BRDA:163,21,1,0
BRDA:173,22,0,1
BRDA:173,22,1,1
BRF:47
BRH:34
end_of_record
TN:
SF:utils/logger.js
FN:22,(anonymous_0)
FN:38,(anonymous_1)
FN:130,(anonymous_2)
FN:150,(anonymous_3)
FN:170,(anonymous_4)
FN:179,(anonymous_5)
FN:186,(anonymous_6)
FN:195,(anonymous_7)
FN:203,(anonymous_8)
FN:215,(anonymous_9)
FN:226,(anonymous_10)
FN:239,(anonymous_11)
FN:251,(anonymous_12)
FN:262,(anonymous_13)
FNF:14
FNH:0
FNDA:0,(anonymous_0)
FNDA:0,(anonymous_1)
FNDA:0,(anonymous_2)
FNDA:0,(anonymous_3)
FNDA:0,(anonymous_4)
FNDA:0,(anonymous_5)
FNDA:0,(anonymous_6)
FNDA:0,(anonymous_7)
FNDA:0,(anonymous_8)
FNDA:0,(anonymous_9)
FNDA:0,(anonymous_10)
FNDA:0,(anonymous_11)
FNDA:0,(anonymous_12)
FNDA:0,(anonymous_13)
DA:1,1
DA:2,1
DA:3,1
DA:6,1
DA:14,1
DA:17,1
DA:24,0
DA:25,0
DA:26,0
DA:27,0
DA:32,0
DA:33,0
DA:35,0
DA:40,0
DA:41,0
DA:42,0
DA:45,0
DA:46,0
DA:47,0
DA:48,0
DA:49,0
DA:50,0
DA:51,0
DA:52,0
DA:54,0
DA:55,0
DA:58,0
DA:63,1
DA:110,1
DA:118,1
DA:131,0
DA:138,1
DA:151,0
DA:158,1
DA:171,0
DA:179,1
DA:180,0
DA:186,1
DA:187,0
DA:188,0
DA:195,1
DA:196,0
DA:203,1
DA:204,0
DA:205,0
DA:215,1
DA:216,0
DA:217,0
DA:226,1
DA:227,0
DA:228,0
DA:235,0
DA:239,1
DA:240,0
DA:241,0
DA:251,1
DA:252,0
DA:253,0
DA:262,1
DA:263,0
DA:264,0
DA:273,1
LF:62
LH:21
BRDA:24,0,0,0
BRDA:24,0,1,0
BRDA:26,1,0,0
BRDA:26,1,1,0
BRDA:32,2,0,0
BRDA:32,2,1,0
BRDA:33,3,0,0
BRDA:33,3,1,0
BRDA:40,4,0,0
BRDA:40,4,1,0
BRDA:41,5,0,0
BRDA:41,5,1,0
BRDA:46,6,0,0
BRDA:46,6,1,0
BRDA:47,7,0,0
BRDA:47,7,1,0
BRDA:48,8,0,0
BRDA:48,8,1,0
BRDA:49,9,0,0
BRDA:49,9,1,0
BRDA:50,10,0,0
BRDA:50,10,1,0
BRDA:51,11,0,0
BRDA:51,11,1,0
BRDA:52,12,0,0
BRDA:52,12,1,0
BRDA:54,13,0,0
BRDA:54,13,1,0
BRDA:70,14,0,1
BRDA:70,14,1,1
BRDA:111,15,0,1
BRDA:111,15,1,1
BRDA:179,16,0,0
BRDA:186,17,0,0
BRDA:195,18,0,0
BRDA:203,19,0,0
BRDA:215,20,0,0
BRDA:226,21,0,0
BRDA:239,22,0,0
BRDA:251,23,0,0
BRDA:262,24,0,0
BRF:41
BRH:4
end_of_record
TN:
SF:utils/trace-context.js
FN:15,(anonymous_0)
FN:24,(anonymous_1)
FN:34,(anonymous_2)
FN:50,(anonymous_3)
FN:52,(anonymous_4)
FN:64,(anonymous_5)
FN:91,(anonymous_6)
FNF:7
FNH:1
FNDA:1,(anonymous_0)
FNDA:0,(anonymous_1)
FNDA:0,(anonymous_2)
FNDA:0,(anonymous_3)
FNDA:0,(anonymous_4)
FNDA:0,(anonymous_5)
FNDA:0,(anonymous_6)
DA:9,1
DA:16,1
DA:25,0
DA:26,0
DA:27,0
DA:36,0
DA:37,0
DA:38,0
DA:39,0
DA:44,0
DA:51,0
DA:52,0
DA:56,0
DA:65,0
DA:67,0
DA:68,0
DA:69,0
DA:70,0
DA:73,0
DA:77,0
DA:78,0
DA:80,0
DA:81,0
DA:83,0
DA:93,0
DA:94,0
DA:98,0
DA:99,0
DA:103,0
DA:104,0
DA:108,0
DA:109,0
DA:110,0
DA:114,0
DA:119,1
DA:121,1
LF:36
LH:4
BRDA:24,0,0,0
BRDA:36,1,0,0
BRDA:36,1,1,0
BRDA:38,2,0,0
BRDA:38,2,1,0
BRDA:44,3,0,0
BRDA:44,3,1,0
BRDA:51,4,0,0
BRDA:51,4,1,0
BRDA:65,5,0,0
BRDA:65,5,1,0
BRDA:67,6,0,0
BRDA:67,6,1,0
BRDA:69,7,0,0
BRDA:69,7,1,0
BRDA:91,8,0,0
BRDA:93,9,0,0
BRDA:93,9,1,0
BRDA:98,10,0,0
BRDA:98,10,1,0
BRDA:103,11,0,0
BRDA:103,11,1,0
BRDA:109,12,0,0
BRDA:109,12,1,0
BRF:24
BRH:0
end_of_record
