TN:
SF:services/circuit-breaker-service.js
FN:19,(anonymous_0)
FN:35,(anonymous_1)
FN:45,(anonymous_2)
FN:65,(anonymous_3)
FN:84,(anonymous_4)
FN:102,(anonymous_5)
FN:127,(anonymous_6)
FN:154,(anonymous_7)
FN:218,(anonymous_8)
FN:231,(anonymous_9)
FN:246,(anonymous_10)
FN:253,(anonymous_11)
FN:263,(anonymous_12)
FN:271,(anonymous_13)
FN:282,(anonymous_14)
FN:293,(anonymous_15)
FNF:16
FNH:1
FNDA:0,(anonymous_0)
FNDA:0,(anonymous_1)
FNDA:0,(anonymous_2)
FNDA:0,(anonymous_3)
FNDA:0,(anonymous_4)
FNDA:0,(anonymous_5)
FNDA:0,(anonymous_6)
FNDA:0,(anonymous_7)
FNDA:0,(anonymous_8)
FNDA:0,(anonymous_9)
FNDA:4,(anonymous_10)
FNDA:0,(anonymous_11)
FNDA:0,(anonymous_12)
FNDA:0,(anonymous_13)
FNDA:0,(anonymous_14)
FNDA:0,(anonymous_15)
DA:12,4
DA:13,4
DA:14,4
DA:15,4
DA:16,4
DA:20,0
DA:21,0
DA:22,0
DA:23,0
DA:24,0
DA:25,0
DA:26,0
DA:27,0
DA:28,0
DA:29,0
DA:36,0
DA:37,0
DA:38,0
DA:46,0
DA:47,0
DA:48,0
DA:49,0
DA:51,0
DA:52,0
DA:53,0
DA:54,0
DA:55,0
DA:58,0
DA:66,0
DA:67,0
DA:68,0
DA:69,0
DA:75,0
DA:77,0
DA:85,0
DA:87,0
DA:88,0
DA:89,0
DA:90,0
DA:91,0
DA:92,0
DA:94,0
DA:96,0
DA:103,0
DA:105,0
DA:106,0
DA:107,0
DA:108,0
DA:109,0
DA:110,0
DA:111,0
DA:112,0
DA:114,0
DA:115,0
DA:116,0
DA:117,0
DA:118,0
DA:128,0
DA:129,0
DA:130,0
DA:132,0
DA:134,0
DA:135,0
DA:136,0
DA:137,0
DA:138,0
DA:139,0
DA:141,0
DA:142,0
DA:143,0
DA:144,0
DA:145,0
DA:147,0
DA:156,0
DA:159,0
DA:160,0
DA:161,0
DA:162,0
DA:164,0
DA:169,0
DA:170,0
DA:171,0
DA:172,0
DA:173,0
DA:174,0
DA:175,0
DA:177,0
DA:178,0
DA:181,0
DA:183,0
DA:186,0
DA:188,0
DA:193,0
DA:196,0
DA:199,0
DA:202,0
DA:203,0
DA:204,0
DA:205,0
DA:206,0
DA:207,0
DA:210,0
DA:211,0
DA:219,0
DA:232,0
DA:233,0
DA:234,0
DA:235,0
DA:236,0
DA:237,0
DA:238,0
DA:247,4
DA:254,0
DA:255,0
DA:257,0
DA:264,0
DA:265,0
DA:272,0
DA:273,0
DA:274,0
DA:276,0
DA:283,0
DA:284,0
DA:285,0
DA:287,0
DA:294,0
DA:295,0
DA:296,0
DA:302,4
DA:303,4
LF:130
LH:8
BRDA:19,0,0,0
BRDA:21,1,0,0
BRDA:21,1,1,0
BRDA:22,2,0,0
BRDA:22,2,1,0
BRDA:23,3,0,0
BRDA:23,3,1,0
BRDA:36,4,0,0
BRDA:36,4,1,0
BRDA:51,5,0,0
BRDA:51,5,1,0
BRDA:51,6,0,0
BRDA:51,6,1,0
BRDA:52,7,0,0
BRDA:52,7,1,0
BRDA:53,8,0,0
BRDA:53,8,1,0
BRDA:54,9,0,0
BRDA:54,9,1,0
BRDA:55,10,0,0
BRDA:55,10,1,0
BRDA:72,11,0,0
BRDA:72,11,1,0
BRDA:73,12,0,0
BRDA:73,12,1,0
BRDA:85,13,0,0
BRDA:85,13,1,0
BRDA:87,14,0,0
BRDA:87,14,1,0
BRDA:87,15,0,0
BRDA:87,15,1,0
BRDA:103,16,0,0
BRDA:103,16,1,0
BRDA:112,17,0,0
BRDA:112,17,1,0
BRDA:114,18,0,0
BRDA:114,18,1,0
BRDA:115,19,0,0
BRDA:115,19,1,0
BRDA:116,20,0,0
BRDA:116,20,1,0
BRDA:132,21,0,0
BRDA:132,21,1,0
BRDA:139,22,0,0
BRDA:139,22,1,0
BRDA:139,23,0,0
BRDA:139,23,1,0
BRDA:154,24,0,0
BRDA:165,25,0,0
BRDA:165,25,1,0
BRDA:169,26,0,0
BRDA:169,26,1,0
BRDA:172,27,0,0
BRDA:172,27,1,0
BRDA:199,28,0,0
BRDA:199,28,1,0
BRDA:202,29,0,0
BRDA:202,29,1,0
BRDA:253,30,0,0
BRDA:254,31,0,0
BRDA:254,31,1,0
BRDA:263,32,0,0
BRDA:263,33,0,0
BRDA:273,34,0,0
BRDA:273,34,1,0
BRDA:284,35,0,0
BRDA:284,35,1,0
BRDA:295,36,0,0
BRDA:295,36,1,0
BRF:69
BRH:0
end_of_record
TN:
SF:services/fcm-service.js
FN:9,(anonymous_0)
FN:16,(anonymous_1)
FN:21,(anonymous_2)
FN:52,(anonymous_3)
FN:57,(anonymous_4)
FN:115,(anonymous_5)
FN:140,(anonymous_6)
FN:167,(anonymous_7)
FN:226,(anonymous_8)
FN:257,(anonymous_9)
FN:266,(anonymous_10)
FN:286,(anonymous_11)
FN:313,(anonymous_12)
FN:338,(anonymous_13)
FN:341,(anonymous_14)
FN:382,(anonymous_15)
FN:415,(anonymous_16)
FN:440,(anonymous_17)
FN:443,(anonymous_18)
FN:476,(anonymous_19)
FN:518,(anonymous_20)
FN:567,(anonymous_21)
FN:568,(anonymous_22)
FN:589,(anonymous_23)
FN:601,(anonymous_24)
FN:666,(anonymous_25)
FN:692,(anonymous_26)
FN:716,(anonymous_27)
FN:741,(anonymous_28)
FN:765,(anonymous_29)
FN:807,(anonymous_30)
FNF:31
FNH:5
FNDA:4,(anonymous_0)
FNDA:0,(anonymous_1)
FNDA:0,(anonymous_2)
FNDA:1,(anonymous_3)
FNDA:1,(anonymous_4)
FNDA:0,(anonymous_5)
FNDA:0,(anonymous_6)
FNDA:1,(anonymous_7)
FNDA:0,(anonymous_8)
FNDA:0,(anonymous_9)
FNDA:0,(anonymous_10)
FNDA:0,(anonymous_11)
FNDA:0,(anonymous_12)
FNDA:0,(anonymous_13)
FNDA:0,(anonymous_14)
FNDA:0,(anonymous_15)
FNDA:0,(anonymous_16)
FNDA:0,(anonymous_17)
FNDA:0,(anonymous_18)
FNDA:0,(anonymous_19)
FNDA:0,(anonymous_20)
FNDA:0,(anonymous_21)
FNDA:0,(anonymous_22)
FNDA:0,(anonymous_23)
FNDA:0,(anonymous_24)
FNDA:0,(anonymous_25)
FNDA:0,(anonymous_26)
FNDA:0,(anonymous_27)
FNDA:0,(anonymous_28)
FNDA:0,(anonymous_29)
FNDA:1,(anonymous_30)
DA:1,4
DA:2,4
DA:3,4
DA:4,4
DA:5,4
DA:6,4
DA:10,4
DA:11,4
DA:12,4
DA:13,4
DA:17,0
DA:22,0
DA:23,0
DA:25,0
DA:27,0
DA:29,0
DA:30,0
DA:34,0
DA:36,0
DA:37,0
DA:38,0
DA:42,0
DA:43,0
DA:46,0
DA:47,0
DA:53,1
DA:58,1
DA:59,1
DA:60,0
DA:65,0
DA:68,1
DA:83,1
DA:90,1
DA:93,1
DA:95,1
DA:101,1
DA:104,0
DA:110,0
DA:116,0
DA:117,0
DA:118,0
DA:120,0
DA:121,0
DA:122,0
DA:123,0
DA:124,0
DA:127,0
DA:131,0
DA:134,0
DA:135,0
DA:141,0
DA:143,0
DA:146,0
DA:148,0
DA:153,0
DA:156,0
DA:162,0
DA:168,1
DA:169,1
DA:170,1
DA:175,1
DA:179,0
DA:180,0
DA:185,0
DA:189,0
DA:191,0
DA:192,0
DA:197,0
DA:201,0
DA:202,0
DA:203,0
DA:204,0
DA:205,0
DA:212,0
DA:218,0
DA:226,0
DA:227,0
DA:235,0
DA:246,0
DA:252,0
DA:258,0
DA:259,0
DA:261,0
DA:262,0
DA:263,0
DA:266,0
DA:267,0
DA:269,0
DA:280,0
DA:281,0
DA:287,0
DA:288,0
DA:289,0
DA:292,0
DA:313,0
DA:336,0
DA:339,0
DA:343,0
DA:351,0
DA:353,0
DA:359,0
DA:362,0
DA:364,0
DA:367,0
DA:383,0
DA:384,0
DA:385,0
DA:389,0
DA:397,0
DA:415,0
DA:438,0
DA:441,0
DA:445,0
DA:453,0
DA:455,0
DA:461,0
DA:463,0
DA:465,0
DA:468,0
DA:477,0
DA:478,0
DA:479,0
DA:482,0
DA:497,0
DA:499,0
DA:501,0
DA:507,0
DA:508,0
DA:519,0
DA:520,0
DA:523,0
DA:524,0
DA:526,0
DA:527,0
DA:528,0
DA:529,0
DA:530,0
DA:534,0
DA:535,0
DA:536,0
DA:539,0
DA:552,0
DA:553,0
DA:555,0
DA:556,0
DA:557,0
DA:564,0
DA:565,0
DA:567,0
DA:568,0
DA:571,0
DA:573,0
DA:574,0
DA:575,0
DA:579,0
DA:580,0
DA:583,0
DA:584,0
DA:590,0
DA:591,0
DA:592,0
DA:595,0
DA:596,0
DA:602,0
DA:608,0
DA:610,0
DA:619,0
DA:628,0
DA:637,0
DA:646,0
DA:655,0
DA:667,0
DA:668,0
DA:683,0
DA:686,0
DA:687,0
DA:693,0
DA:694,0
DA:697,0
DA:698,0
DA:699,0
DA:703,0
DA:704,0
DA:706,0
DA:707,0
DA:711,0
DA:712,0
DA:717,0
DA:719,0
DA:722,0
DA:724,0
DA:725,0
DA:726,0
DA:727,0
DA:728,0
DA:729,0
DA:730,0
DA:736,0
DA:742,0
DA:743,0
DA:744,0
DA:746,0
DA:754,0
DA:755,0
DA:766,0
DA:767,0
DA:768,0
DA:770,0
DA:772,0
DA:773,0
DA:774,0
DA:776,0
DA:777,0
DA:778,0
DA:779,0
DA:781,0
DA:782,0
DA:786,0
DA:791,0
DA:792,0
DA:793,0
DA:795,0
DA:799,0
DA:802,0
DA:808,1
DA:809,1
DA:810,1
DA:811,1
DA:813,0
DA:818,4
LF:230
LH:28
BRDA:9,0,0,0
BRDA:25,1,0,0
BRDA:25,1,1,0
BRDA:32,2,0,0
BRDA:32,2,1,0
BRDA:53,3,0,1
BRDA:53,3,1,0
BRDA:57,4,0,1
BRDA:59,5,0,0
BRDA:59,5,1,1
BRDA:76,6,0,1
BRDA:76,6,1,1
BRDA:77,7,0,1
BRDA:77,7,1,1
BRDA:78,8,0,1
BRDA:78,8,1,1
BRDA:79,9,0,1
BRDA:79,9,1,1
BRDA:123,10,0,0
BRDA:123,10,1,0
BRDA:169,11,0,1
BRDA:169,11,1,0
BRDA:179,12,0,0
BRDA:179,12,1,0
BRDA:191,13,0,0
BRDA:191,13,1,0
BRDA:288,14,0,0
BRDA:288,14,1,0
BRDA:305,15,0,0
BRDA:305,15,1,0
BRDA:310,16,0,0
BRDA:310,16,1,0
BRDA:310,16,2,0
BRDA:316,17,0,0
BRDA:316,17,1,0
BRDA:325,18,0,0
BRDA:325,18,1,0
BRDA:327,19,0,0
BRDA:327,19,1,0
BRDA:362,20,0,0
BRDA:362,20,1,0
BRDA:362,21,0,0
BRDA:362,21,1,0
BRDA:382,22,0,0
BRDA:382,23,0,0
BRDA:384,24,0,0
BRDA:384,24,1,0
BRDA:394,25,0,0
BRDA:394,25,1,0
BRDA:407,26,0,0
BRDA:407,26,1,0
BRDA:414,27,0,0
BRDA:414,27,1,0
BRDA:418,28,0,0
BRDA:418,28,1,0
BRDA:427,29,0,0
BRDA:427,29,1,0
BRDA:429,30,0,0
BRDA:429,30,1,0
BRDA:463,31,0,0
BRDA:463,31,1,0
BRDA:463,32,0,0
BRDA:463,32,1,0
BRDA:478,33,0,0
BRDA:478,33,1,0
BRDA:520,34,0,0
BRDA:520,34,1,0
BRDA:526,35,0,0
BRDA:526,35,1,0
BRDA:527,36,0,0
BRDA:527,36,1,0
BRDA:528,37,0,0
BRDA:528,37,1,0
BRDA:530,38,0,0
BRDA:530,38,1,0
BRDA:530,39,0,0
BRDA:530,39,1,0
BRDA:534,40,0,0
BRDA:534,40,1,0
BRDA:541,41,0,0
BRDA:541,41,1,0
BRDA:542,42,0,0
BRDA:542,42,1,0
BRDA:543,43,0,0
BRDA:543,43,1,0
BRDA:544,44,0,0
BRDA:544,44,1,0
BRDA:545,45,0,0
BRDA:545,45,1,0
BRDA:546,46,0,0
BRDA:546,46,1,0
BRDA:547,47,0,0
BRDA:547,47,1,0
BRDA:548,48,0,0
BRDA:548,48,1,0
BRDA:552,49,0,0
BRDA:552,49,1,0
BRDA:553,50,0,0
BRDA:553,50,1,0
BRDA:574,51,0,0
BRDA:574,51,1,0
BRDA:574,52,0,0
BRDA:574,52,1,0
BRDA:603,53,0,0
BRDA:603,53,1,0
BRDA:608,54,0,0
BRDA:608,54,1,0
BRDA:608,54,2,0
BRDA:608,54,3,0
BRDA:608,54,4,0
BRDA:608,54,5,0
BRDA:697,55,0,0
BRDA:697,55,1,0
BRDA:703,56,0,0
BRDA:703,56,1,0
BRDA:706,57,0,0
BRDA:706,57,1,0
BRDA:727,58,0,0
BRDA:727,58,1,0
BRDA:781,59,0,0
BRDA:781,59,1,0
BRDA:791,60,0,0
BRDA:791,60,1,0
BRF:123
BRH:12
end_of_record
TN:
SF:services/kyc-service.js
FN:25,(anonymous_0)
FN:31,(anonymous_1)
FN:55,(anonymous_2)
FN:73,(anonymous_3)
FN:110,(anonymous_4)
FN:136,(anonymous_5)
FN:162,(anonymous_6)
FN:182,(anonymous_7)
FN:204,(anonymous_8)
FN:257,(anonymous_9)
FN:300,(anonymous_10)
FN:349,(anonymous_11)
FNF:12
FNH:2
FNDA:2,(anonymous_0)
FNDA:0,(anonymous_1)
FNDA:0,(anonymous_2)
FNDA:0,(anonymous_3)
FNDA:0,(anonymous_4)
FNDA:0,(anonymous_5)
FNDA:0,(anonymous_6)
FNDA:1,(anonymous_7)
FNDA:0,(anonymous_8)
FNDA:0,(anonymous_9)
FNDA:0,(anonymous_10)
FNDA:0,(anonymous_11)
DA:12,2
DA:13,2
DA:14,2
DA:15,2
DA:16,2
DA:17,2
DA:18,2
DA:19,2
DA:22,2
DA:26,2
DA:27,2
DA:28,2
DA:32,0
DA:34,0
DA:36,0
DA:37,0
DA:42,0
DA:43,0
DA:45,0
DA:46,0
DA:56,0
DA:58,0
DA:60,0
DA:61,0
DA:63,0
DA:64,0
DA:74,0
DA:75,0
DA:76,0
DA:80,0
DA:83,0
DA:84,0
DA:85,0
DA:88,0
DA:89,0
DA:90,0
DA:92,0
DA:98,0
DA:99,0
DA:111,0
DA:114,0
DA:122,0
DA:124,0
DA:125,0
DA:138,0
DA:141,0
DA:142,0
DA:143,0
DA:146,0
DA:149,0
DA:150,0
DA:152,0
DA:153,0
DA:163,0
DA:164,0
DA:167,0
DA:168,0
DA:169,0
DA:170,0
DA:173,0
DA:183,1
DA:184,0
DA:187,1
DA:188,1
DA:190,1
DA:191,1
DA:192,1
DA:194,1
DA:205,0
DA:206,0
DA:209,0
DA:210,0
DA:213,0
DA:214,0
DA:217,0
DA:218,0
DA:221,0
DA:222,0
DA:225,0
DA:226,0
DA:227,0
DA:228,0
DA:231,0
DA:232,0
DA:233,0
DA:236,0
DA:245,0
DA:246,0
DA:258,0
DA:259,0
DA:260,0
DA:263,0
DA:264,0
DA:265,0
DA:267,0
DA:274,0
DA:275,0
DA:278,0
DA:286,0
DA:287,0
DA:289,0
DA:290,0
DA:301,0
DA:303,0
DA:304,0
DA:306,0
DA:307,0
DA:310,0
DA:311,0
DA:312,0
DA:315,0
DA:318,0
DA:319,0
DA:322,0
DA:323,0
DA:325,0
DA:326,0
DA:329,0
DA:336,0
DA:341,0
DA:342,0
DA:350,0
DA:351,0
DA:352,0
DA:354,0
DA:359,2
DA:361,2
LF:127
LH:21
BRDA:32,0,0,0
BRDA:32,0,1,0
BRDA:56,1,0,0
BRDA:56,1,1,0
BRDA:75,2,0,0
BRDA:75,2,1,0
BRDA:85,3,0,0
BRDA:85,3,1,0
BRDA:90,4,0,0
BRDA:90,4,1,0
BRDA:93,5,0,0
BRDA:93,5,1,0
BRDA:94,6,0,0
BRDA:94,6,1,0
BRDA:141,7,0,0
BRDA:141,7,1,0
BRDA:183,8,0,0
BRDA:183,8,1,1
BRDA:228,9,0,0
BRDA:228,9,1,0
BRDA:232,10,0,0
BRDA:232,10,1,0
BRDA:306,11,0,0
BRDA:306,11,1,0
BRDA:311,12,0,0
BRDA:311,12,1,0
BRDA:311,13,0,0
BRDA:311,13,1,0
BRDA:350,14,0,0
BRDA:350,14,1,0
BRF:30
BRH:1
end_of_record
TN:
SF:utils/docker-detector.js
FN:12,(anonymous_0)
FN:38,(anonymous_1)
FN:66,(anonymous_2)
FN:90,(anonymous_3)
FN:109,(anonymous_4)
FN:127,(anonymous_5)
FNF:6
FNH:6
FNDA:8,(anonymous_0)
FNDA:8,(anonymous_1)
FNDA:16,(anonymous_2)
FNDA:8,(anonymous_3)
FNDA:8,(anonymous_4)
FNDA:8,(anonymous_5)
DA:8,8
DA:9,8
DA:13,8
DA:14,0
DA:17,8
DA:18,8
DA:19,8
DA:20,0
DA:23,8
DA:24,8
DA:31,0
DA:40,8
DA:41,0
DA:45,8
DA:46,8
DA:47,0
DA:48,0
DA:55,8
DA:56,0
DA:59,8
DA:68,16
DA:69,16
DA:72,0
DA:73,0
DA:74,0
DA:78,0
DA:79,0
DA:83,0
DA:92,8
DA:93,8
DA:96,0
DA:97,0
DA:98,0
DA:99,0
DA:102,0
DA:110,8
DA:111,8
DA:112,8
DA:113,8
DA:114,8
DA:116,8
DA:128,8
DA:129,8
DA:130,8
DA:132,8
DA:133,8
DA:134,8
DA:135,8
DA:139,8
LF:49
LH:31
BRDA:13,0,0,0
BRDA:13,0,1,8
BRDA:19,1,0,0
BRDA:19,1,1,8
BRDA:19,2,0,8
BRDA:19,2,1,0
BRDA:23,3,0,8
BRDA:23,3,1,0
BRDA:23,4,0,8
BRDA:23,4,1,0
BRDA:25,5,0,8
BRDA:25,5,1,0
BRDA:26,6,0,8
BRDA:26,6,1,0
BRDA:27,7,0,8
BRDA:27,7,1,0
BRDA:28,8,0,0
BRDA:28,8,1,8
BRDA:40,9,0,0
BRDA:40,9,1,8
BRDA:47,10,0,0
BRDA:47,10,1,0
BRDA:47,11,0,0
BRDA:47,11,1,0
BRDA:55,12,0,0
BRDA:55,12,1,8
BRDA:55,13,0,8
BRDA:55,13,1,8
BRDA:68,14,0,16
BRDA:68,14,1,0
BRDA:73,15,0,0
BRDA:73,15,1,0
BRDA:78,16,0,0
BRDA:78,16,1,0
BRDA:92,17,0,8
BRDA:92,17,1,0
BRDA:97,18,0,0
BRDA:97,18,1,0
BRDA:98,19,0,0
BRDA:98,19,1,0
BRDA:99,20,0,0
BRDA:99,20,1,0
BRDA:112,21,0,8
BRDA:112,21,1,0
BRDA:112,22,0,0
BRDA:112,22,1,0
BRDA:113,23,0,8
BRDA:113,23,1,0
BRDA:113,23,2,0
BRDA:114,24,0,8
BRDA:114,24,1,0
BRDA:114,25,0,0
BRDA:114,25,1,0
BRDA:133,26,0,0
BRDA:133,26,1,8
BRF:55
BRH:19
end_of_record
TN:
SF:utils/geohash-utils.js
FN:19,(anonymous_0)
FN:41,(anonymous_1)
FN:58,(anonymous_2)
FN:77,(anonymous_3)
FN:100,(anonymous_4)
FN:131,(anonymous_5)
FN:143,(anonymous_6)
FN:167,(anonymous_7)
FN:174,(anonymous_8)
FN:180,(anonymous_9)
FN:182,(anonymous_10)
FNF:11
FNH:9
FNDA:8,(anonymous_0)
FNDA:2,(anonymous_1)
FNDA:2,(anonymous_2)
FNDA:4,(anonymous_3)
FNDA:1,(anonymous_4)
FNDA:4,(anonymous_5)
FNDA:2,(anonymous_6)
FNDA:1,(anonymous_7)
FNDA:9,(anonymous_8)
FNDA:0,(anonymous_9)
FNDA:0,(anonymous_10)
DA:8,1
DA:9,1
DA:20,8
DA:21,8
DA:23,0
DA:31,0
DA:42,2
DA:43,2
DA:45,2
DA:46,0
DA:49,2
DA:59,2
DA:60,2
DA:61,2
DA:63,0
DA:68,0
DA:78,4
DA:79,4
DA:80,4
DA:85,0
DA:90,0
DA:101,1
DA:102,1
DA:103,1
DA:106,1
DA:107,1
DA:108,1
DA:110,1
DA:114,1
DA:115,1
DA:117,0
DA:123,0
DA:132,4
DA:144,2
DA:146,2
DA:147,2
DA:148,2
DA:150,0
DA:157,0
DA:168,1
DA:169,1
DA:170,1
DA:173,1
DA:174,9
DA:177,1
DA:180,0
DA:181,0
DA:182,0
DA:186,1
DA:188,0
DA:194,0
DA:199,1
LF:52
LH:36
BRDA:19,0,0,1
BRDA:41,1,0,2
BRDA:42,2,0,2
BRDA:42,2,1,1
BRDA:43,3,0,2
BRDA:43,3,1,1
BRDA:45,4,0,0
BRDA:45,4,1,2
BRDA:45,5,0,2
BRDA:45,5,1,2
BRDA:143,6,0,0
BRDA:177,7,0,0
BRDA:177,7,1,1
BRF:13
BRH:10
end_of_record
TN:
SF:utils/logger.js
FN:22,(anonymous_0)
FN:38,(anonymous_1)
FN:130,(anonymous_2)
FN:150,(anonymous_3)
FN:170,(anonymous_4)
FN:179,(anonymous_5)
FN:186,(anonymous_6)
FN:195,(anonymous_7)
FN:203,(anonymous_8)
FN:215,(anonymous_9)
FN:226,(anonymous_10)
FN:239,(anonymous_11)
FN:251,(anonymous_12)
FN:262,(anonymous_13)
FNF:14
FNH:7
FNDA:120,(anonymous_0)
FNDA:120,(anonymous_1)
FNDA:0,(anonymous_2)
FNDA:0,(anonymous_3)
FNDA:0,(anonymous_4)
FNDA:0,(anonymous_5)
FNDA:1,(anonymous_6)
FNDA:0,(anonymous_7)
FNDA:1,(anonymous_8)
FNDA:1,(anonymous_9)
FNDA:1,(anonymous_10)
FNDA:0,(anonymous_11)
FNDA:1,(anonymous_12)
FNDA:0,(anonymous_13)
DA:1,11
DA:2,11
DA:3,11
DA:6,11
DA:14,11
DA:17,11
DA:24,120
DA:25,120
DA:26,120
DA:27,0
DA:32,120
DA:33,120
DA:35,120
DA:40,120
DA:41,120
DA:42,120
DA:45,120
DA:46,120
DA:47,120
DA:48,120
DA:49,120
DA:50,120
DA:51,120
DA:52,120
DA:54,120
DA:55,0
DA:58,120
DA:63,11
DA:110,11
DA:118,11
DA:131,0
DA:138,11
DA:151,0
DA:158,11
DA:171,0
DA:179,11
DA:180,0
DA:186,11
DA:187,1
DA:188,1
DA:195,11
DA:196,0
DA:203,11
DA:204,1
DA:205,1
DA:215,11
DA:216,1
DA:217,1
DA:226,11
DA:227,1
DA:228,1
DA:235,1
DA:239,11
DA:240,0
DA:241,0
DA:251,11
DA:252,1
DA:253,1
DA:262,11
DA:263,0
DA:264,0
DA:273,11
LF:62
LH:51
BRDA:24,0,0,120
BRDA:24,0,1,0
BRDA:26,1,0,0
BRDA:26,1,1,120
BRDA:32,2,0,120
BRDA:32,2,1,24
BRDA:33,3,0,120
BRDA:33,3,1,0
BRDA:40,4,0,0
BRDA:40,4,1,120
BRDA:41,5,0,0
BRDA:41,5,1,120
BRDA:46,6,0,0
BRDA:46,6,1,120
BRDA:47,7,0,0
BRDA:47,7,1,120
BRDA:48,8,0,0
BRDA:48,8,1,120
BRDA:49,9,0,0
BRDA:49,9,1,120
BRDA:50,10,0,0
BRDA:50,10,1,120
BRDA:51,11,0,0
BRDA:51,11,1,120
BRDA:52,12,0,0
BRDA:52,12,1,120
BRDA:54,13,0,0
BRDA:54,13,1,120
BRDA:70,14,0,11
BRDA:70,14,1,11
BRDA:111,15,0,11
BRDA:111,15,1,11
BRDA:179,16,0,0
BRDA:186,17,0,0
BRDA:195,18,0,0
BRDA:203,19,0,0
BRDA:215,20,0,0
BRDA:226,21,0,0
BRDA:239,22,0,0
BRDA:251,23,0,0
BRDA:262,24,0,0
BRF:41
BRH:19
end_of_record
TN:
SF:utils/prometheus-metrics.js
FN:200,getMetrics
FN:209,(anonymous_1)
FN:216,(anonymous_2)
FN:220,(anonymous_3)
FN:228,(anonymous_4)
FN:235,(anonymous_5)
FN:244,(anonymous_6)
FN:250,(anonymous_7)
FN:255,(anonymous_8)
FN:263,(anonymous_9)
FN:267,(anonymous_10)
FN:271,(anonymous_11)
FN:275,(anonymous_12)
FN:280,(anonymous_13)
FN:285,(anonymous_14)
FN:290,(anonymous_15)
FN:295,(anonymous_16)
FNF:17
FNH:0
FNDA:0,getMetrics
FNDA:0,(anonymous_1)
FNDA:0,(anonymous_2)
FNDA:0,(anonymous_3)
FNDA:0,(anonymous_4)
FNDA:0,(anonymous_5)
FNDA:0,(anonymous_6)
FNDA:0,(anonymous_7)
FNDA:0,(anonymous_8)
FNDA:0,(anonymous_9)
FNDA:0,(anonymous_10)
FNDA:0,(anonymous_11)
FNDA:0,(anonymous_12)
FNDA:0,(anonymous_13)
FNDA:0,(anonymous_14)
FNDA:0,(anonymous_15)
FNDA:0,(anonymous_16)
DA:7,8
DA:10,8
DA:13,8
DA:18,8
DA:27,8
DA:37,8
DA:45,8
DA:53,8
DA:64,8
DA:73,8
DA:83,8
DA:92,8
DA:102,8
DA:110,8
DA:120,8
DA:130,8
DA:138,8
DA:146,8
DA:154,8
DA:162,8
DA:171,8
DA:180,8
DA:188,8
DA:201,0
DA:207,8
DA:210,0
DA:211,0
DA:212,0
DA:217,0
DA:221,0
DA:222,0
DA:223,0
DA:229,0
DA:230,0
DA:231,0
DA:236,0
DA:237,0
DA:238,0
DA:239,0
DA:246,0
DA:247,0
DA:251,0
DA:256,0
DA:257,0
DA:264,0
DA:268,0
DA:272,0
DA:276,0
DA:281,0
DA:286,0
DA:291,0
DA:296,0
DA:300,8
LF:53
LH:25
BRDA:210,0,0,0
BRDA:210,0,1,0
BRDA:222,1,0,0
BRDA:222,1,1,0
BRDA:229,2,0,0
BRDA:229,2,1,0
BRDA:236,3,0,0
BRDA:236,3,1,0
BRDA:238,4,0,0
BRDA:238,4,1,0
BRDA:246,5,0,0
BRDA:246,5,1,0
BRDA:246,6,0,0
BRDA:246,6,1,0
BRDA:256,7,0,0
BRDA:256,7,1,0
BRDA:263,8,0,0
BRDA:263,9,0,0
BRDA:267,10,0,0
BRDA:267,11,0,0
BRDA:271,12,0,0
BRDA:271,13,0,0
BRDA:275,14,0,0
BRDA:275,15,0,0
BRDA:280,16,0,0
BRDA:285,17,0,0
BRDA:290,18,0,0
BRDA:295,19,0,0
BRF:28
BRH:0
end_of_record
TN:
SF:utils/redis-pool.js
FN:11,(anonymous_0)
FN:17,(anonymous_1)
FN:67,(anonymous_2)
FN:87,(anonymous_3)
FN:88,(anonymous_4)
FN:94,(anonymous_5)
FN:100,(anonymous_6)
FN:120,(anonymous_7)
FN:130,(anonymous_8)
FN:138,(anonymous_9)
FN:147,(anonymous_10)
FN:148,(anonymous_11)
FN:192,(anonymous_12)
FN:200,(anonymous_13)
FN:242,(anonymous_14)
FN:260,(anonymous_15)
FN:261,(anonymous_16)
FN:265,(anonymous_17)
FN:270,(anonymous_18)
FN:285,(anonymous_19)
FN:306,(anonymous_20)
FN:318,(anonymous_21)
FN:328,(anonymous_22)
FN:329,(anonymous_23)
FNF:24
FNH:7
FNDA:8,(anonymous_0)
FNDA:8,(anonymous_1)
FNDA:0,(anonymous_2)
FNDA:8,(anonymous_3)
FNDA:0,(anonymous_4)
FNDA:0,(anonymous_5)
FNDA:0,(anonymous_6)
FNDA:0,(anonymous_7)
FNDA:0,(anonymous_8)
FNDA:0,(anonymous_9)
FNDA:12,(anonymous_10)
FNDA:0,(anonymous_11)
FNDA:1,(anonymous_12)
FNDA:0,(anonymous_13)
FNDA:0,(anonymous_14)
FNDA:0,(anonymous_15)
FNDA:0,(anonymous_16)
FNDA:0,(anonymous_17)
FNDA:0,(anonymous_18)
FNDA:1,(anonymous_19)
FNDA:1,(anonymous_20)
FNDA:0,(anonymous_21)
FNDA:0,(anonymous_22)
FNDA:0,(anonymous_23)
DA:1,8
DA:2,8
DA:3,8
DA:4,8
DA:5,8
DA:6,8
DA:7,8
DA:8,8
DA:12,8
DA:13,8
DA:14,8
DA:18,8
DA:20,8
DA:21,8
DA:22,8
DA:28,8
DA:31,8
DA:33,8
DA:36,8
DA:68,0
DA:69,0
DA:70,0
DA:72,0
DA:73,0
DA:74,0
DA:78,8
DA:79,8
DA:82,0
DA:83,0
DA:88,8
DA:89,0
DA:94,8
DA:95,0
DA:100,8
DA:101,0
DA:102,0
DA:103,0
DA:105,0
DA:112,0
DA:113,0
DA:120,8
DA:121,0
DA:122,0
DA:123,0
DA:125,0
DA:130,8
DA:131,0
DA:132,0
DA:134,0
DA:138,8
DA:139,0
DA:140,0
DA:142,0
DA:148,12
DA:149,0
DA:150,0
DA:151,0
DA:152,0
DA:155,0
DA:164,0
DA:166,0
DA:169,0
DA:170,0
DA:171,0
DA:172,0
DA:174,0
DA:177,0
DA:178,0
DA:179,0
DA:180,0
DA:181,0
DA:182,0
DA:184,0
DA:186,0
DA:193,1
DA:194,0
DA:198,1
DA:199,0
DA:200,0
DA:201,0
DA:206,1
DA:208,1
DA:209,1
DA:210,1
DA:211,1
DA:212,1
DA:213,1
DA:214,1
DA:215,1
DA:216,1
DA:217,1
DA:218,1
DA:219,1
DA:222,1
DA:223,1
DA:224,1
DA:225,1
DA:226,1
DA:227,1
DA:228,1
DA:229,1
DA:230,1
DA:231,1
DA:232,1
DA:233,1
DA:235,1
DA:238,1
DA:243,0
DA:244,0
DA:245,0
DA:248,0
DA:249,0
DA:252,0
DA:253,0
DA:254,0
DA:255,0
DA:259,0
DA:260,0
DA:261,0
DA:262,0
DA:265,0
DA:266,0
DA:267,0
DA:270,0
DA:271,0
DA:272,0
DA:277,0
DA:279,0
DA:280,0
DA:286,1
DA:287,1
DA:288,1
DA:289,1
DA:291,1
DA:297,0
DA:307,1
DA:319,0
DA:320,0
DA:323,0
DA:324,0
DA:326,0
DA:327,0
DA:328,0
DA:329,0
DA:331,0
DA:334,0
DA:336,0
DA:337,0
DA:339,0
DA:346,8
DA:348,8
LF:151
LH:65
BRDA:21,0,0,8
BRDA:21,0,1,8
BRDA:33,1,0,8
BRDA:33,1,1,0
BRDA:68,2,0,0
BRDA:68,2,1,0
BRDA:101,3,0,0
BRDA:101,3,1,0
BRDA:101,4,0,0
BRDA:101,4,1,0
BRDA:101,4,2,0
BRDA:112,5,0,0
BRDA:112,5,1,0
BRDA:112,6,0,0
BRDA:112,6,1,0
BRDA:121,7,0,0
BRDA:121,7,1,0
BRDA:131,8,0,0
BRDA:131,8,1,0
BRDA:139,9,0,0
BRDA:139,9,1,0
BRDA:159,10,0,0
BRDA:159,10,1,0
BRDA:193,11,0,0
BRDA:193,11,1,1
BRDA:198,12,0,0
BRDA:198,12,1,1
BRDA:198,13,0,1
BRDA:198,13,1,1
BRDA:198,13,2,1
BRDA:206,14,0,1
BRDA:206,14,1,0
BRDA:244,15,0,0
BRDA:244,15,1,0
BRDA:248,16,0,0
BRDA:248,16,1,0
BRDA:252,17,0,0
BRDA:252,17,1,0
BRDA:252,18,0,0
BRDA:252,18,1,0
BRDA:259,19,0,0
BRDA:259,19,1,0
BRDA:259,20,0,0
BRDA:259,20,1,0
BRDA:318,21,0,0
BRDA:319,22,0,0
BRDA:319,22,1,0
BRDA:324,23,0,0
BRDA:324,23,1,0
BRDA:327,24,0,0
BRDA:327,24,1,0
BRDA:327,25,0,0
BRDA:327,25,1,0
BRDA:327,25,2,0
BRF:54
BRH:9
end_of_record
TN:
SF:utils/span-helpers.js
FN:20,createSocketSpan
FN:49,createCommandSpan
FN:72,createEventSpan
FN:92,createListenerSpan
FN:107,createRedisSpan
FN:122,createCircuitBreakerSpan
FN:138,endSpanSuccess
FN:151,endSpanError
FN:168,addSpanEvent
FN:177,runInSpan
FN:182,(anonymous_10)
FNF:11
FNH:0
FNDA:0,createSocketSpan
FNDA:0,createCommandSpan
FNDA:0,createEventSpan
FNDA:0,createListenerSpan
FNDA:0,createRedisSpan
FNDA:0,createCircuitBreakerSpan
FNDA:0,endSpanSuccess
FNDA:0,endSpanError
FNDA:0,addSpanEvent
FNDA:0,runInSpan
FNDA:0,(anonymous_10)
DA:11,4
DA:12,4
DA:21,0
DA:24,0
DA:26,0
DA:37,0
DA:38,0
DA:41,0
DA:51,0
DA:53,0
DA:63,0
DA:74,0
DA:76,0
DA:86,0
DA:93,0
DA:101,0
DA:108,0
DA:116,0
DA:123,0
DA:132,0
DA:139,0
DA:140,0
DA:141,0
DA:142,0
DA:144,0
DA:152,0
DA:153,0
DA:157,0
DA:158,0
DA:159,0
DA:161,0
DA:169,0
DA:170,0
DA:178,0
DA:180,0
DA:183,0
DA:184,0
DA:185,0
DA:186,0
DA:188,0
DA:189,0
DA:195,4
LF:42
LH:3
BRDA:20,0,0,0
BRDA:24,1,0,0
BRDA:24,1,1,0
BRDA:24,1,2,0
BRDA:24,1,3,0
BRDA:29,2,0,0
BRDA:29,2,1,0
BRDA:31,3,0,0
BRDA:31,3,1,0
BRDA:37,4,0,0
BRDA:37,4,1,0
BRDA:49,5,0,0
BRDA:51,6,0,0
BRDA:51,6,1,0
BRDA:51,6,2,0
BRDA:58,7,0,0
BRDA:58,7,1,0
BRDA:72,8,0,0
BRDA:74,9,0,0
BRDA:74,9,1,0
BRDA:74,9,2,0
BRDA:81,10,0,0
BRDA:81,10,1,0
BRDA:92,11,0,0
BRDA:94,12,0,0
BRDA:94,12,1,0
BRDA:107,13,0,0
BRDA:122,14,0,0
BRDA:138,15,0,0
BRDA:139,16,0,0
BRDA:139,16,1,0
BRDA:139,17,0,0
BRDA:139,17,1,0
BRDA:141,18,0,0
BRDA:141,18,1,0
BRDA:151,19,0,0
BRDA:152,20,0,0
BRDA:152,20,1,0
BRDA:152,21,0,0
BRDA:152,21,1,0
BRDA:158,22,0,0
BRDA:158,22,1,0
BRDA:168,23,0,0
BRDA:169,24,0,0
BRDA:169,24,1,0
BRDA:169,25,0,0
BRDA:169,25,1,0
BRF:47
BRH:0
end_of_record
TN:
SF:utils/trace-context.js
FN:15,(anonymous_0)
FN:24,(anonymous_1)
FN:34,(anonymous_2)
FN:50,(anonymous_3)
FN:52,(anonymous_4)
FN:64,(anonymous_5)
FN:91,(anonymous_6)
FNF:7
FNH:2
FNDA:9,(anonymous_0)
FNDA:0,(anonymous_1)
FNDA:120,(anonymous_2)
FNDA:0,(anonymous_3)
FNDA:0,(anonymous_4)
FNDA:0,(anonymous_5)
FNDA:0,(anonymous_6)
DA:9,9
DA:16,9
DA:25,0
DA:26,0
DA:27,0
DA:36,120
DA:37,0
DA:38,0
DA:39,0
DA:44,120
DA:51,0
DA:52,0
DA:56,0
DA:65,0
DA:67,0
DA:68,0
DA:69,0
DA:70,0
DA:73,0
DA:77,0
DA:78,0
DA:80,0
DA:81,0
DA:83,0
DA:93,0
DA:94,0
DA:98,0
DA:99,0
DA:103,0
DA:104,0
DA:108,0
DA:109,0
DA:110,0
DA:114,0
DA:119,9
DA:121,9
LF:36
LH:6
BRDA:24,0,0,0
BRDA:36,1,0,0
BRDA:36,1,1,120
BRDA:38,2,0,0
BRDA:38,2,1,0
BRDA:44,3,0,120
BRDA:44,3,1,120
BRDA:51,4,0,0
BRDA:51,4,1,0
BRDA:65,5,0,0
BRDA:65,5,1,0
BRDA:67,6,0,0
BRDA:67,6,1,0
BRDA:69,7,0,0
BRDA:69,7,1,0
BRDA:91,8,0,0
BRDA:93,9,0,0
BRDA:93,9,1,0
BRDA:98,10,0,0
BRDA:98,10,1,0
BRDA:103,11,0,0
BRDA:103,11,1,0
BRDA:109,12,0,0
BRDA:109,12,1,0
BRF:24
BRH:3
end_of_record
TN:
SF:utils/tracer.js
FN:36,getSamplingRate
FN:52,getExporter
FN:73,initializeTracer
FN:147,getTracer
FN:155,shutdown
FNF:5
FNH:0
FNDA:0,getSamplingRate
FNDA:0,getExporter
FNDA:0,initializeTracer
FNDA:0,getTracer
FNDA:0,shutdown
DA:11,8
DA:12,8
DA:17,8
DA:18,8
DA:19,8
DA:21,8
DA:22,8
DA:23,8
DA:24,8
DA:25,8
DA:27,0
DA:37,0
DA:39,0
DA:42,0
DA:44,0
DA:47,0
DA:53,0
DA:54,0
DA:59,0
DA:63,0
DA:71,8
DA:74,0
DA:75,0
DA:79,0
DA:80,0
DA:85,0
DA:88,0
DA:89,0
DA:91,0
DA:92,0
DA:96,0
DA:100,0
DA:101,0
DA:102,0
DA:104,0
DA:106,0
DA:107,0
DA:109,0
DA:111,0
DA:112,0
DA:114,0
DA:117,0
DA:119,0
DA:126,0
DA:127,0
DA:129,0
DA:135,0
DA:139,0
DA:140,0
DA:143,0
DA:148,0
DA:149,0
DA:151,0
DA:156,0
DA:157,0
DA:159,0
DA:162,8
LF:57
LH:12
BRDA:19,0,0,8
BRDA:19,0,1,8
BRDA:37,1,0,0
BRDA:37,1,1,0
BRDA:39,2,0,0
BRDA:39,2,1,0
BRDA:39,2,2,0
BRDA:39,2,3,0
BRDA:42,3,0,0
BRDA:42,3,1,0
BRDA:53,4,0,0
BRDA:53,4,1,0
BRDA:59,5,0,0
BRDA:59,5,1,0
BRDA:59,5,2,0
BRDA:61,6,0,0
BRDA:61,6,1,0
BRDA:74,7,0,0
BRDA:74,7,1,0
BRDA:79,8,0,0
BRDA:79,8,1,0
BRDA:79,9,0,0
BRDA:79,9,1,0
BRDA:79,9,2,0
BRDA:79,9,3,0
BRDA:91,10,0,0
BRDA:91,10,1,0
BRDA:101,11,0,0
BRDA:101,11,1,0
BRDA:106,12,0,0
BRDA:106,12,1,0
BRDA:107,13,0,0
BRDA:107,13,1,0
BRDA:109,14,0,0
BRDA:109,14,1,0
BRDA:111,15,0,0
BRDA:111,15,1,0
BRDA:112,16,0,0
BRDA:112,16,1,0
BRDA:114,17,0,0
BRDA:114,17,1,0
BRDA:148,18,0,0
BRDA:148,18,1,0
BRDA:156,19,0,0
BRDA:156,19,1,0
BRF:45
BRH:2
end_of_record
