{"/Users/izaakdias/Documents/Leaf-new/leaf-websocket-backend/utils/docker-detector.js": {"path":"/Users/izaakdias/Documents/Leaf-new/leaf-websocket-backend/utils/docker-detector.js","statementMap":{"0":{"start":{"line":8,"column":11},"end":{"line":8,"column":24}},"1":{"start":{"line":9,"column":19},"end":{"line":9,"column":38}},"2":{"start":{"line":13,"column":8},"end":{"line":15,"column":9}},"3":{"start":{"line":14,"column":12},"end":{"line":14,"column":24}},"4":{"start":{"line":17,"column":8},"end":{"line":34,"column":9}},"5":{"start":{"line":18,"column":24},"end":{"line":18,"column":54}},"6":{"start":{"line":19,"column":12},"end":{"line":21,"column":13}},"7":{"start":{"line":20,"column":16},"end":{"line":20,"column":28}},"8":{"start":{"line":23,"column":31},"end":{"line":23,"column":77}},"9":{"start":{"line":24,"column":12},"end":{"line":31,"column":14}},"10":{"start":{"line":33,"column":12},"end":{"line":33,"column":24}},"11":{"start":{"line":42,"column":8},"end":{"line":44,"column":9}},"12":{"start":{"line":43,"column":12},"end":{"line":43,"column":24}},"13":{"start":{"line":47,"column":8},"end":{"line":54,"column":9}},"14":{"start":{"line":48,"column":27},"end":{"line":48,"column":71}},"15":{"start":{"line":49,"column":12},"end":{"line":51,"column":13}},"16":{"start":{"line":50,"column":16},"end":{"line":50,"column":28}},"17":{"start":{"line":57,"column":8},"end":{"line":59,"column":9}},"18":{"start":{"line":58,"column":12},"end":{"line":58,"column":24}},"19":{"start":{"line":61,"column":8},"end":{"line":61,"column":21}},"20":{"start":{"line":70,"column":8},"end":{"line":72,"column":9}},"21":{"start":{"line":71,"column":12},"end":{"line":71,"column":42}},"22":{"start":{"line":74,"column":23},"end":{"line":74,"column":43}},"23":{"start":{"line":75,"column":8},"end":{"line":77,"column":9}},"24":{"start":{"line":76,"column":12},"end":{"line":76,"column":31}},"25":{"start":{"line":80,"column":8},"end":{"line":82,"column":9}},"26":{"start":{"line":81,"column":12},"end":{"line":81,"column":27}},"27":{"start":{"line":85,"column":8},"end":{"line":85,"column":27}},"28":{"start":{"line":94,"column":8},"end":{"line":96,"column":9}},"29":{"start":{"line":95,"column":12},"end":{"line":95,"column":41}},"30":{"start":{"line":98,"column":21},"end":{"line":98,"column":40}},"31":{"start":{"line":99,"column":21},"end":{"line":99,"column":53}},"32":{"start":{"line":100,"column":25},"end":{"line":100,"column":72}},"33":{"start":{"line":101,"column":19},"end":{"line":101,"column":46}},"34":{"start":{"line":104,"column":8},"end":{"line":104,"column":60}},"35":{"start":{"line":112,"column":23},"end":{"line":112,"column":43}},"36":{"start":{"line":113,"column":21},"end":{"line":113,"column":40}},"37":{"start":{"line":114,"column":21},"end":{"line":114,"column":79}},"38":{"start":{"line":115,"column":25},"end":{"line":115,"column":92}},"39":{"start":{"line":116,"column":25},"end":{"line":116,"column":84}},"40":{"start":{"line":117,"column":19},"end":{"line":117,"column":99}},"41":{"start":{"line":118,"column":25},"end":{"line":118,"column":132}},"42":{"start":{"line":119,"column":27},"end":{"line":119,"column":116}},"43":{"start":{"line":120,"column":35},"end":{"line":120,"column":120}},"44":{"start":{"line":122,"column":23},"end":{"line":128,"column":9}},"45":{"start":{"line":130,"column":8},"end":{"line":134,"column":9}},"46":{"start":{"line":131,"column":12},"end":{"line":133,"column":14}},"47":{"start":{"line":136,"column":8},"end":{"line":136,"column":22}},"48":{"start":{"line":143,"column":25},"end":{"line":143,"column":49}},"49":{"start":{"line":144,"column":26},"end":{"line":144,"column":45}},"50":{"start":{"line":145,"column":25},"end":{"line":145,"column":43}},"51":{"start":{"line":147,"column":8},"end":{"line":147,"column":46}},"52":{"start":{"line":148,"column":8},"end":{"line":148,"column":66}},"53":{"start":{"line":149,"column":8},"end":{"line":149,"column":51}},"54":{"start":{"line":150,"column":8},"end":{"line":150,"column":79}},"55":{"start":{"line":154,"column":0},"end":{"line":154,"column":32}}},"fnMap":{"0":{"name":"(anonymous_0)","decl":{"start":{"line":12,"column":4},"end":{"line":12,"column":5}},"loc":{"start":{"line":12,"column":27},"end":{"line":35,"column":5}},"line":12},"1":{"name":"(anonymous_1)","decl":{"start":{"line":40,"column":4},"end":{"line":40,"column":5}},"loc":{"start":{"line":40,"column":31},"end":{"line":62,"column":5}},"line":40},"2":{"name":"(anonymous_2)","decl":{"start":{"line":68,"column":4},"end":{"line":68,"column":5}},"loc":{"start":{"line":68,"column":26},"end":{"line":86,"column":5}},"line":68},"3":{"name":"(anonymous_3)","decl":{"start":{"line":92,"column":4},"end":{"line":92,"column":5}},"loc":{"start":{"line":92,"column":25},"end":{"line":105,"column":5}},"line":92},"4":{"name":"(anonymous_4)","decl":{"start":{"line":111,"column":4},"end":{"line":111,"column":5}},"loc":{"start":{"line":111,"column":28},"end":{"line":137,"column":5}},"line":111},"5":{"name":"(anonymous_5)","decl":{"start":{"line":142,"column":4},"end":{"line":142,"column":5}},"loc":{"start":{"line":142,"column":28},"end":{"line":151,"column":5}},"line":142}},"branchMap":{"0":{"loc":{"start":{"line":13,"column":8},"end":{"line":15,"column":9}},"type":"if","locations":[{"start":{"line":13,"column":8},"end":{"line":15,"column":9}},{"start":{},"end":{}}],"line":13},"1":{"loc":{"start":{"line":19,"column":12},"end":{"line":21,"column":13}},"type":"if","locations":[{"start":{"line":19,"column":12},"end":{"line":21,"column":13}},{"start":{},"end":{}}],"line":19},"2":{"loc":{"start":{"line":19,"column":16},"end":{"line":19,"column":71}},"type":"binary-expr","locations":[{"start":{"line":19,"column":16},"end":{"line":19,"column":41}},{"start":{"line":19,"column":45},"end":{"line":19,"column":71}}],"line":19},"3":{"loc":{"start":{"line":23,"column":31},"end":{"line":23,"column":77}},"type":"binary-expr","locations":[{"start":{"line":23,"column":31},"end":{"line":23,"column":70}},{"start":{"line":23,"column":74},"end":{"line":23,"column":77}}],"line":23},"4":{"loc":{"start":{"line":23,"column":32},"end":{"line":23,"column":52}},"type":"binary-expr","locations":[{"start":{"line":23,"column":32},"end":{"line":23,"column":44}},{"start":{"line":23,"column":48},"end":{"line":23,"column":52}}],"line":23},"5":{"loc":{"start":{"line":25,"column":22},"end":{"line":25,"column":42}},"type":"binary-expr","locations":[{"start":{"line":25,"column":22},"end":{"line":25,"column":34}},{"start":{"line":25,"column":38},"end":{"line":25,"column":42}}],"line":25},"6":{"loc":{"start":{"line":26,"column":22},"end":{"line":26,"column":62}},"type":"cond-expr","locations":[{"start":{"line":26,"column":33},"end":{"line":26,"column":55}},{"start":{"line":26,"column":58},"end":{"line":26,"column":62}}],"line":26},"7":{"loc":{"start":{"line":27,"column":26},"end":{"line":27,"column":80}},"type":"cond-expr","locations":[{"start":{"line":27,"column":41},"end":{"line":27,"column":73}},{"start":{"line":27,"column":76},"end":{"line":27,"column":80}}],"line":27},"8":{"loc":{"start":{"line":28,"column":26},"end":{"line":28,"column":80}},"type":"cond-expr","locations":[{"start":{"line":28,"column":41},"end":{"line":28,"column":73}},{"start":{"line":28,"column":76},"end":{"line":28,"column":80}}],"line":28},"9":{"loc":{"start":{"line":30,"column":20},"end":{"line":30,"column":89}},"type":"cond-expr","locations":[{"start":{"line":30,"column":61},"end":{"line":30,"column":62}},{"start":{"line":30,"column":65},"end":{"line":30,"column":89}}],"line":30},"10":{"loc":{"start":{"line":42,"column":8},"end":{"line":44,"column":9}},"type":"if","locations":[{"start":{"line":42,"column":8},"end":{"line":44,"column":9}},{"start":{},"end":{}}],"line":42},"11":{"loc":{"start":{"line":49,"column":12},"end":{"line":51,"column":13}},"type":"if","locations":[{"start":{"line":49,"column":12},"end":{"line":51,"column":13}},{"start":{},"end":{}}],"line":49},"12":{"loc":{"start":{"line":49,"column":16},"end":{"line":49,"column":74}},"type":"binary-expr","locations":[{"start":{"line":49,"column":16},"end":{"line":49,"column":41}},{"start":{"line":49,"column":45},"end":{"line":49,"column":74}}],"line":49},"13":{"loc":{"start":{"line":57,"column":8},"end":{"line":59,"column":9}},"type":"if","locations":[{"start":{"line":57,"column":8},"end":{"line":59,"column":9}},{"start":{},"end":{}}],"line":57},"14":{"loc":{"start":{"line":57,"column":12},"end":{"line":57,"column":87}},"type":"binary-expr","locations":[{"start":{"line":57,"column":12},"end":{"line":57,"column":51}},{"start":{"line":57,"column":55},"end":{"line":57,"column":87}}],"line":57},"15":{"loc":{"start":{"line":70,"column":8},"end":{"line":72,"column":9}},"type":"if","locations":[{"start":{"line":70,"column":8},"end":{"line":72,"column":9}},{"start":{},"end":{}}],"line":70},"16":{"loc":{"start":{"line":75,"column":8},"end":{"line":77,"column":9}},"type":"if","locations":[{"start":{"line":75,"column":8},"end":{"line":77,"column":9}},{"start":{},"end":{}}],"line":75},"17":{"loc":{"start":{"line":80,"column":8},"end":{"line":82,"column":9}},"type":"if","locations":[{"start":{"line":80,"column":8},"end":{"line":82,"column":9}},{"start":{},"end":{}}],"line":80},"18":{"loc":{"start":{"line":94,"column":8},"end":{"line":96,"column":9}},"type":"if","locations":[{"start":{"line":94,"column":8},"end":{"line":96,"column":9}},{"start":{},"end":{}}],"line":94},"19":{"loc":{"start":{"line":99,"column":21},"end":{"line":99,"column":53}},"type":"binary-expr","locations":[{"start":{"line":99,"column":21},"end":{"line":99,"column":43}},{"start":{"line":99,"column":47},"end":{"line":99,"column":53}}],"line":99},"20":{"loc":{"start":{"line":100,"column":25},"end":{"line":100,"column":72}},"type":"binary-expr","locations":[{"start":{"line":100,"column":25},"end":{"line":100,"column":51}},{"start":{"line":100,"column":55},"end":{"line":100,"column":72}}],"line":100},"21":{"loc":{"start":{"line":101,"column":19},"end":{"line":101,"column":46}},"type":"binary-expr","locations":[{"start":{"line":101,"column":19},"end":{"line":101,"column":39}},{"start":{"line":101,"column":43},"end":{"line":101,"column":46}}],"line":101},"22":{"loc":{"start":{"line":114,"column":21},"end":{"line":114,"column":79}},"type":"binary-expr","locations":[{"start":{"line":114,"column":21},"end":{"line":114,"column":33}},{"start":{"line":114,"column":37},"end":{"line":114,"column":79}}],"line":114},"23":{"loc":{"start":{"line":114,"column":46},"end":{"line":114,"column":78}},"type":"binary-expr","locations":[{"start":{"line":114,"column":46},"end":{"line":114,"column":68}},{"start":{"line":114,"column":72},"end":{"line":114,"column":78}}],"line":114},"24":{"loc":{"start":{"line":115,"column":25},"end":{"line":115,"column":92}},"type":"binary-expr","locations":[{"start":{"line":115,"column":25},"end":{"line":115,"column":41}},{"start":{"line":115,"column":45},"end":{"line":115,"column":71}},{"start":{"line":115,"column":75},"end":{"line":115,"column":92}}],"line":115},"25":{"loc":{"start":{"line":116,"column":25},"end":{"line":116,"column":84}},"type":"binary-expr","locations":[{"start":{"line":116,"column":25},"end":{"line":116,"column":41}},{"start":{"line":116,"column":45},"end":{"line":116,"column":71}},{"start":{"line":116,"column":75},"end":{"line":116,"column":84}}],"line":116},"26":{"loc":{"start":{"line":117,"column":19},"end":{"line":117,"column":99}},"type":"cond-expr","locations":[{"start":{"line":117,"column":50},"end":{"line":117,"column":59}},{"start":{"line":117,"column":62},"end":{"line":117,"column":99}}],"line":117},"27":{"loc":{"start":{"line":117,"column":71},"end":{"line":117,"column":98}},"type":"binary-expr","locations":[{"start":{"line":117,"column":71},"end":{"line":117,"column":91}},{"start":{"line":117,"column":95},"end":{"line":117,"column":98}}],"line":117},"28":{"loc":{"start":{"line":118,"column":25},"end":{"line":118,"column":132}},"type":"binary-expr","locations":[{"start":{"line":118,"column":25},"end":{"line":118,"column":41}},{"start":{"line":118,"column":46},"end":{"line":118,"column":131}}],"line":118},"29":{"loc":{"start":{"line":118,"column":46},"end":{"line":118,"column":131}},"type":"cond-expr","locations":[{"start":{"line":118,"column":113},"end":{"line":118,"column":121}},{"start":{"line":118,"column":124},"end":{"line":118,"column":131}}],"line":118},"30":{"loc":{"start":{"line":118,"column":53},"end":{"line":118,"column":84}},"type":"binary-expr","locations":[{"start":{"line":118,"column":53},"end":{"line":118,"column":78}},{"start":{"line":118,"column":82},"end":{"line":118,"column":84}}],"line":118},"31":{"loc":{"start":{"line":119,"column":27},"end":{"line":119,"column":116}},"type":"binary-expr","locations":[{"start":{"line":119,"column":27},"end":{"line":119,"column":48}},{"start":{"line":119,"column":52},"end":{"line":119,"column":116}}],"line":119},"32":{"loc":{"start":{"line":119,"column":59},"end":{"line":119,"column":90}},"type":"binary-expr","locations":[{"start":{"line":119,"column":59},"end":{"line":119,"column":84}},{"start":{"line":119,"column":88},"end":{"line":119,"column":90}}],"line":119},"33":{"loc":{"start":{"line":120,"column":42},"end":{"line":120,"column":93}},"type":"binary-expr","locations":[{"start":{"line":120,"column":42},"end":{"line":120,"column":83}},{"start":{"line":120,"column":87},"end":{"line":120,"column":93}}],"line":120},"34":{"loc":{"start":{"line":130,"column":8},"end":{"line":134,"column":9}},"type":"if","locations":[{"start":{"line":130,"column":8},"end":{"line":134,"column":9}},{"start":{},"end":{}}],"line":130},"35":{"loc":{"start":{"line":148,"column":34},"end":{"line":148,"column":62}},"type":"cond-expr","locations":[{"start":{"line":148,"column":45},"end":{"line":148,"column":52}},{"start":{"line":148,"column":55},"end":{"line":148,"column":62}}],"line":148}},"s":{"0":1,"1":1,"2":1,"3":0,"4":1,"5":1,"6":1,"7":0,"8":1,"9":1,"10":0,"11":1,"12":0,"13":1,"14":1,"15":0,"16":0,"17":1,"18":0,"19":1,"20":2,"21":2,"22":0,"23":0,"24":0,"25":0,"26":0,"27":0,"28":1,"29":1,"30":0,"31":0,"32":0,"33":0,"34":0,"35":1,"36":1,"37":1,"38":1,"39":1,"40":1,"41":1,"42":1,"43":1,"44":1,"45":1,"46":0,"47":1,"48":1,"49":1,"50":1,"51":1,"52":1,"53":1,"54":1,"55":1},"f":{"0":1,"1":1,"2":2,"3":1,"4":1,"5":1},"b":{"0":[0,1],"1":[0,1],"2":[1,0],"3":[1,0],"4":[1,0],"5":[1,0],"6":[1,0],"7":[0,1],"8":[1,0],"9":[0,1],"10":[0,1],"11":[0,0],"12":[0,0],"13":[0,1],"14":[1,1],"15":[2,0],"16":[0,0],"17":[0,0],"18":[1,0],"19":[0,0],"20":[0,0],"21":[0,0],"22":[1,0],"23":[0,0],"24":[1,0,0],"25":[1,1,1],"26":[1,0],"27":[0,0],"28":[1,0],"29":[0,0],"30":[0,0],"31":[1,1],"32":[1,1],"33":[1,1],"34":[0,1],"35":[0,1]},"inputSourceMap":null,"_coverageSchema":"1a1c01bbd47fc00a2c39e90264f33305004495a9","hash":"ffd1b300a838f0bdd8c06bd562d0808422aa0f9f"}
,"/Users/izaakdias/Documents/Leaf-new/leaf-websocket-backend/utils/logger.js": {"path":"/Users/izaakdias/Documents/Leaf-new/leaf-websocket-backend/utils/logger.js","statementMap":{"0":{"start":{"line":1,"column":16},"end":{"line":1,"column":34}},"1":{"start":{"line":2,"column":13},"end":{"line":2,"column":28}},"2":{"start":{"line":3,"column":21},"end":{"line":3,"column":47}},"3":{"start":{"line":6,"column":15},"end":{"line":12,"column":1}},"4":{"start":{"line":14,"column":0},"end":{"line":14,"column":26}},"5":{"start":{"line":17,"column":18},"end":{"line":60,"column":1}},"6":{"start":{"line":24,"column":4},"end":{"line":29,"column":5}},"7":{"start":{"line":25,"column":29},"end":{"line":25,"column":61}},"8":{"start":{"line":26,"column":6},"end":{"line":28,"column":7}},"9":{"start":{"line":27,"column":8},"end":{"line":27,"column":38}},"10":{"start":{"line":32,"column":4},"end":{"line":32,"column":60}},"11":{"start":{"line":33,"column":4},"end":{"line":33,"column":50}},"12":{"start":{"line":35,"column":4},"end":{"line":35,"column":16}},"13":{"start":{"line":40,"column":21},"end":{"line":40,"column":58}},"14":{"start":{"line":41,"column":23},"end":{"line":41,"column":60}},"15":{"start":{"line":42,"column":14},"end":{"line":42,"column":90}},"16":{"start":{"line":45,"column":25},"end":{"line":45,"column":27}},"17":{"start":{"line":46,"column":4},"end":{"line":46,"column":55}},"18":{"start":{"line":46,"column":21},"end":{"line":46,"column":55}},"19":{"start":{"line":47,"column":4},"end":{"line":47,"column":64}},"20":{"start":{"line":47,"column":24},"end":{"line":47,"column":64}},"21":{"start":{"line":48,"column":4},"end":{"line":48,"column":61}},"22":{"start":{"line":48,"column":23},"end":{"line":48,"column":61}},"23":{"start":{"line":49,"column":4},"end":{"line":49,"column":67}},"24":{"start":{"line":49,"column":25},"end":{"line":49,"column":67}},"25":{"start":{"line":50,"column":4},"end":{"line":50,"column":64}},"26":{"start":{"line":50,"column":24},"end":{"line":50,"column":64}},"27":{"start":{"line":51,"column":4},"end":{"line":51,"column":58}},"28":{"start":{"line":51,"column":22},"end":{"line":51,"column":58}},"29":{"start":{"line":52,"column":4},"end":{"line":52,"column":61}},"30":{"start":{"line":52,"column":23},"end":{"line":52,"column":61}},"31":{"start":{"line":54,"column":4},"end":{"line":56,"column":5}},"32":{"start":{"line":55,"column":6},"end":{"line":55,"column":48}},"33":{"start":{"line":58,"column":4},"end":{"line":58,"column":15}},"34":{"start":{"line":63,"column":19},"end":{"line":107,"column":1}},"35":{"start":{"line":110,"column":15},"end":{"line":115,"column":2}},"36":{"start":{"line":118,"column":24},"end":{"line":136,"column":2}},"37":{"start":{"line":131,"column":10},"end":{"line":131,"column":79}},"38":{"start":{"line":138,"column":20},"end":{"line":156,"column":2}},"39":{"start":{"line":151,"column":10},"end":{"line":151,"column":75}},"40":{"start":{"line":158,"column":23},"end":{"line":176,"column":2}},"41":{"start":{"line":171,"column":10},"end":{"line":171,"column":78}},"42":{"start":{"line":179,"column":21},"end":{"line":184,"column":1}},"43":{"start":{"line":180,"column":2},"end":{"line":183,"column":5}},"44":{"start":{"line":186,"column":17},"end":{"line":193,"column":1}},"45":{"start":{"line":187,"column":18},"end":{"line":187,"column":50}},"46":{"start":{"line":188,"column":2},"end":{"line":192,"column":5}},"47":{"start":{"line":195,"column":20},"end":{"line":200,"column":1}},"48":{"start":{"line":196,"column":2},"end":{"line":199,"column":5}},"49":{"start":{"line":203,"column":23},"end":{"line":212,"column":1}},"50":{"start":{"line":204,"column":18},"end":{"line":204,"column":50}},"51":{"start":{"line":205,"column":2},"end":{"line":211,"column":5}},"52":{"start":{"line":215,"column":17},"end":{"line":223,"column":1}},"53":{"start":{"line":216,"column":18},"end":{"line":216,"column":50}},"54":{"start":{"line":217,"column":2},"end":{"line":222,"column":5}},"55":{"start":{"line":226,"column":22},"end":{"line":236,"column":1}},"56":{"start":{"line":227,"column":18},"end":{"line":227,"column":50}},"57":{"start":{"line":228,"column":25},"end":{"line":233,"column":3}},"58":{"start":{"line":235,"column":2},"end":{"line":235,"column":45}},"59":{"start":{"line":239,"column":19},"end":{"line":248,"column":1}},"60":{"start":{"line":240,"column":18},"end":{"line":240,"column":50}},"61":{"start":{"line":241,"column":2},"end":{"line":247,"column":5}},"62":{"start":{"line":251,"column":17},"end":{"line":259,"column":1}},"63":{"start":{"line":252,"column":18},"end":{"line":252,"column":50}},"64":{"start":{"line":253,"column":2},"end":{"line":258,"column":5}},"65":{"start":{"line":262,"column":20},"end":{"line":271,"column":1}},"66":{"start":{"line":263,"column":18},"end":{"line":263,"column":50}},"67":{"start":{"line":264,"column":2},"end":{"line":270,"column":5}},"68":{"start":{"line":273,"column":0},"end":{"line":287,"column":2}}},"fnMap":{"0":{"name":"(anonymous_0)","decl":{"start":{"line":22,"column":17},"end":{"line":22,"column":18}},"loc":{"start":{"line":22,"column":27},"end":{"line":36,"column":3}},"line":22},"1":{"name":"(anonymous_1)","decl":{"start":{"line":38,"column":24},"end":{"line":38,"column":25}},"loc":{"start":{"line":38,"column":98},"end":{"line":59,"column":3}},"line":38},"2":{"name":"(anonymous_2)","decl":{"start":{"line":130,"column":30},"end":{"line":130,"column":31}},"loc":{"start":{"line":130,"column":74},"end":{"line":132,"column":9}},"line":130},"3":{"name":"(anonymous_3)","decl":{"start":{"line":150,"column":30},"end":{"line":150,"column":31}},"loc":{"start":{"line":150,"column":74},"end":{"line":152,"column":9}},"line":150},"4":{"name":"(anonymous_4)","decl":{"start":{"line":170,"column":30},"end":{"line":170,"column":31}},"loc":{"start":{"line":170,"column":74},"end":{"line":172,"column":9}},"line":170},"5":{"name":"(anonymous_5)","decl":{"start":{"line":179,"column":21},"end":{"line":179,"column":22}},"loc":{"start":{"line":179,"column":52},"end":{"line":184,"column":1}},"line":179},"6":{"name":"(anonymous_6)","decl":{"start":{"line":186,"column":17},"end":{"line":186,"column":18}},"loc":{"start":{"line":186,"column":48},"end":{"line":193,"column":1}},"line":186},"7":{"name":"(anonymous_7)","decl":{"start":{"line":195,"column":20},"end":{"line":195,"column":21}},"loc":{"start":{"line":195,"column":51},"end":{"line":200,"column":1}},"line":195},"8":{"name":"(anonymous_8)","decl":{"start":{"line":203,"column":23},"end":{"line":203,"column":24}},"loc":{"start":{"line":203,"column":59},"end":{"line":212,"column":1}},"line":203},"9":{"name":"(anonymous_9)","decl":{"start":{"line":215,"column":17},"end":{"line":215,"column":18}},"loc":{"start":{"line":215,"column":42},"end":{"line":223,"column":1}},"line":215},"10":{"name":"(anonymous_10)","decl":{"start":{"line":226,"column":22},"end":{"line":226,"column":23}},"loc":{"start":{"line":226,"column":53},"end":{"line":236,"column":1}},"line":226},"11":{"name":"(anonymous_11)","decl":{"start":{"line":239,"column":19},"end":{"line":239,"column":20}},"loc":{"start":{"line":239,"column":65},"end":{"line":248,"column":1}},"line":239},"12":{"name":"(anonymous_12)","decl":{"start":{"line":251,"column":17},"end":{"line":251,"column":18}},"loc":{"start":{"line":251,"column":51},"end":{"line":259,"column":1}},"line":251},"13":{"name":"(anonymous_13)","decl":{"start":{"line":262,"column":20},"end":{"line":262,"column":21}},"loc":{"start":{"line":262,"column":66},"end":{"line":271,"column":1}},"line":262}},"branchMap":{"0":{"loc":{"start":{"line":24,"column":4},"end":{"line":29,"column":5}},"type":"if","locations":[{"start":{"line":24,"column":4},"end":{"line":29,"column":5}},{"start":{},"end":{}}],"line":24},"1":{"loc":{"start":{"line":26,"column":6},"end":{"line":28,"column":7}},"type":"if","locations":[{"start":{"line":26,"column":6},"end":{"line":28,"column":7}},{"start":{},"end":{}}],"line":26},"2":{"loc":{"start":{"line":32,"column":19},"end":{"line":32,"column":59}},"type":"binary-expr","locations":[{"start":{"line":32,"column":19},"end":{"line":32,"column":31}},{"start":{"line":32,"column":35},"end":{"line":32,"column":59}}],"line":32},"3":{"loc":{"start":{"line":33,"column":21},"end":{"line":33,"column":49}},"type":"binary-expr","locations":[{"start":{"line":33,"column":21},"end":{"line":33,"column":35}},{"start":{"line":33,"column":39},"end":{"line":33,"column":49}}],"line":33},"4":{"loc":{"start":{"line":40,"column":21},"end":{"line":40,"column":58}},"type":"cond-expr","locations":[{"start":{"line":40,"column":31},"end":{"line":40,"column":53}},{"start":{"line":40,"column":56},"end":{"line":40,"column":58}}],"line":40},"5":{"loc":{"start":{"line":41,"column":23},"end":{"line":41,"column":60}},"type":"cond-expr","locations":[{"start":{"line":41,"column":36},"end":{"line":41,"column":55}},{"start":{"line":41,"column":58},"end":{"line":41,"column":60}}],"line":41},"6":{"loc":{"start":{"line":46,"column":4},"end":{"line":46,"column":55}},"type":"if","locations":[{"start":{"line":46,"column":4},"end":{"line":46,"column":55}},{"start":{},"end":{}}],"line":46},"7":{"loc":{"start":{"line":47,"column":4},"end":{"line":47,"column":64}},"type":"if","locations":[{"start":{"line":47,"column":4},"end":{"line":47,"column":64}},{"start":{},"end":{}}],"line":47},"8":{"loc":{"start":{"line":48,"column":4},"end":{"line":48,"column":61}},"type":"if","locations":[{"start":{"line":48,"column":4},"end":{"line":48,"column":61}},{"start":{},"end":{}}],"line":48},"9":{"loc":{"start":{"line":49,"column":4},"end":{"line":49,"column":67}},"type":"if","locations":[{"start":{"line":49,"column":4},"end":{"line":49,"column":67}},{"start":{},"end":{}}],"line":49},"10":{"loc":{"start":{"line":50,"column":4},"end":{"line":50,"column":64}},"type":"if","locations":[{"start":{"line":50,"column":4},"end":{"line":50,"column":64}},{"start":{},"end":{}}],"line":50},"11":{"loc":{"start":{"line":51,"column":4},"end":{"line":51,"column":58}},"type":"if","locations":[{"start":{"line":51,"column":4},"end":{"line":51,"column":58}},{"start":{},"end":{}}],"line":51},"12":{"loc":{"start":{"line":52,"column":4},"end":{"line":52,"column":61}},"type":"if","locations":[{"start":{"line":52,"column":4},"end":{"line":52,"column":61}},{"start":{},"end":{}}],"line":52},"13":{"loc":{"start":{"line":54,"column":4},"end":{"line":56,"column":5}},"type":"if","locations":[{"start":{"line":54,"column":4},"end":{"line":56,"column":5}},{"start":{},"end":{}}],"line":54},"14":{"loc":{"start":{"line":70,"column":11},"end":{"line":70,"column":42}},"type":"binary-expr","locations":[{"start":{"line":70,"column":11},"end":{"line":70,"column":32}},{"start":{"line":70,"column":36},"end":{"line":70,"column":42}}],"line":70},"15":{"loc":{"start":{"line":111,"column":9},"end":{"line":111,"column":40}},"type":"binary-expr","locations":[{"start":{"line":111,"column":9},"end":{"line":111,"column":30}},{"start":{"line":111,"column":34},"end":{"line":111,"column":40}}],"line":111},"16":{"loc":{"start":{"line":179,"column":38},"end":{"line":179,"column":47}},"type":"default-arg","locations":[{"start":{"line":179,"column":45},"end":{"line":179,"column":47}}],"line":179},"17":{"loc":{"start":{"line":186,"column":34},"end":{"line":186,"column":43}},"type":"default-arg","locations":[{"start":{"line":186,"column":41},"end":{"line":186,"column":43}}],"line":186},"18":{"loc":{"start":{"line":195,"column":37},"end":{"line":195,"column":46}},"type":"default-arg","locations":[{"start":{"line":195,"column":44},"end":{"line":195,"column":46}}],"line":195},"19":{"loc":{"start":{"line":203,"column":45},"end":{"line":203,"column":54}},"type":"default-arg","locations":[{"start":{"line":203,"column":52},"end":{"line":203,"column":54}}],"line":203},"20":{"loc":{"start":{"line":215,"column":25},"end":{"line":215,"column":37}},"type":"default-arg","locations":[{"start":{"line":215,"column":35},"end":{"line":215,"column":37}}],"line":215},"21":{"loc":{"start":{"line":226,"column":39},"end":{"line":226,"column":48}},"type":"default-arg","locations":[{"start":{"line":226,"column":46},"end":{"line":226,"column":48}}],"line":226},"22":{"loc":{"start":{"line":239,"column":51},"end":{"line":239,"column":60}},"type":"default-arg","locations":[{"start":{"line":239,"column":58},"end":{"line":239,"column":60}}],"line":239},"23":{"loc":{"start":{"line":251,"column":37},"end":{"line":251,"column":46}},"type":"default-arg","locations":[{"start":{"line":251,"column":44},"end":{"line":251,"column":46}}],"line":251},"24":{"loc":{"start":{"line":262,"column":52},"end":{"line":262,"column":61}},"type":"default-arg","locations":[{"start":{"line":262,"column":59},"end":{"line":262,"column":61}}],"line":262}},"s":{"0":1,"1":1,"2":1,"3":1,"4":1,"5":1,"6":62,"7":62,"8":62,"9":0,"10":62,"11":62,"12":62,"13":62,"14":62,"15":62,"16":62,"17":62,"18":0,"19":62,"20":0,"21":62,"22":0,"23":62,"24":0,"25":62,"26":0,"27":62,"28":0,"29":62,"30":0,"31":62,"32":0,"33":62,"34":1,"35":1,"36":1,"37":0,"38":1,"39":6,"40":1,"41":0,"42":1,"43":0,"44":1,"45":6,"46":6,"47":1,"48":0,"49":1,"50":0,"51":0,"52":1,"53":0,"54":0,"55":1,"56":1,"57":1,"58":1,"59":1,"60":0,"61":0,"62":1,"63":0,"64":0,"65":1,"66":0,"67":0,"68":1},"f":{"0":62,"1":62,"2":0,"3":6,"4":0,"5":0,"6":6,"7":0,"8":0,"9":0,"10":1,"11":0,"12":0,"13":0},"b":{"0":[62,0],"1":[0,62],"2":[62,10],"3":[62,0],"4":[0,62],"5":[0,62],"6":[0,62],"7":[0,62],"8":[0,62],"9":[0,62],"10":[0,62],"11":[0,62],"12":[0,62],"13":[0,62],"14":[1,1],"15":[1,1],"16":[0],"17":[0],"18":[0],"19":[0],"20":[0],"21":[0],"22":[0],"23":[0],"24":[0]},"inputSourceMap":null,"_coverageSchema":"1a1c01bbd47fc00a2c39e90264f33305004495a9","hash":"3fb06f1892925ebdca68a7840061877290107efb"}
,"/Users/izaakdias/Documents/Leaf-new/leaf-websocket-backend/utils/prometheus-metrics.js": {"path":"/Users/izaakdias/Documents/Leaf-new/leaf-websocket-backend/utils/prometheus-metrics.js","statementMap":{"0":{"start":{"line":7,"column":19},"end":{"line":7,"column":41}},"1":{"start":{"line":10,"column":17},"end":{"line":10,"column":42}},"2":{"start":{"line":13,"column":0},"end":{"line":13,"column":47}},"3":{"start":{"line":18,"column":24},"end":{"line":24,"column":2}},"4":{"start":{"line":27,"column":21},"end":{"line":32,"column":2}},"5":{"start":{"line":37,"column":23},"end":{"line":42,"column":2}},"6":{"start":{"line":45,"column":22},"end":{"line":50,"column":2}},"7":{"start":{"line":53,"column":17},"end":{"line":59,"column":2}},"8":{"start":{"line":64,"column":25},"end":{"line":70,"column":2}},"9":{"start":{"line":73,"column":22},"end":{"line":78,"column":2}},"10":{"start":{"line":83,"column":22},"end":{"line":89,"column":2}},"11":{"start":{"line":92,"column":20},"end":{"line":97,"column":2}},"12":{"start":{"line":102,"column":28},"end":{"line":107,"column":2}},"13":{"start":{"line":110,"column":31},"end":{"line":115,"column":2}},"14":{"start":{"line":120,"column":25},"end":{"line":125,"column":2}},"15":{"start":{"line":130,"column":23},"end":{"line":135,"column":2}},"16":{"start":{"line":138,"column":22},"end":{"line":143,"column":2}},"17":{"start":{"line":146,"column":23},"end":{"line":151,"column":2}},"18":{"start":{"line":154,"column":23},"end":{"line":159,"column":2}},"19":{"start":{"line":162,"column":21},"end":{"line":168,"column":2}},"20":{"start":{"line":171,"column":26},"end":{"line":177,"column":2}},"21":{"start":{"line":180,"column":21},"end":{"line":185,"column":2}},"22":{"start":{"line":188,"column":22},"end":{"line":193,"column":2}},"23":{"start":{"line":201,"column":4},"end":{"line":201,"column":36}},"24":{"start":{"line":207,"column":16},"end":{"line":298,"column":1}},"25":{"start":{"line":210,"column":23},"end":{"line":210,"column":54}},"26":{"start":{"line":211,"column":8},"end":{"line":211,"column":88}},"27":{"start":{"line":212,"column":8},"end":{"line":212,"column":64}},"28":{"start":{"line":217,"column":8},"end":{"line":217,"column":54}},"29":{"start":{"line":221,"column":8},"end":{"line":221,"column":82}},"30":{"start":{"line":222,"column":8},"end":{"line":224,"column":9}},"31":{"start":{"line":223,"column":12},"end":{"line":223,"column":97}},"32":{"start":{"line":229,"column":23},"end":{"line":229,"column":54}},"33":{"start":{"line":230,"column":8},"end":{"line":230,"column":91}},"34":{"start":{"line":231,"column":8},"end":{"line":231,"column":67}},"35":{"start":{"line":236,"column":23},"end":{"line":236,"column":54}},"36":{"start":{"line":237,"column":8},"end":{"line":237,"column":70}},"37":{"start":{"line":238,"column":8},"end":{"line":240,"column":9}},"38":{"start":{"line":239,"column":12},"end":{"line":239,"column":43}},"39":{"start":{"line":246,"column":27},"end":{"line":246,"column":76}},"40":{"start":{"line":247,"column":8},"end":{"line":247,"column":75}},"41":{"start":{"line":251,"column":8},"end":{"line":251,"column":66}},"42":{"start":{"line":256,"column":23},"end":{"line":256,"column":43}},"43":{"start":{"line":257,"column":8},"end":{"line":257,"column":52}},"44":{"start":{"line":264,"column":8},"end":{"line":264,"column":64}},"45":{"start":{"line":268,"column":8},"end":{"line":268,"column":63}},"46":{"start":{"line":272,"column":8},"end":{"line":272,"column":45}},"47":{"start":{"line":276,"column":8},"end":{"line":276,"column":64}},"48":{"start":{"line":281,"column":8},"end":{"line":281,"column":48}},"49":{"start":{"line":286,"column":8},"end":{"line":286,"column":53}},"50":{"start":{"line":291,"column":8},"end":{"line":291,"column":59}},"51":{"start":{"line":296,"column":8},"end":{"line":296,"column":62}},"52":{"start":{"line":300,"column":0},"end":{"line":304,"column":2}}},"fnMap":{"0":{"name":"getMetrics","decl":{"start":{"line":200,"column":15},"end":{"line":200,"column":25}},"loc":{"start":{"line":200,"column":28},"end":{"line":202,"column":1}},"line":200},"1":{"name":"(anonymous_1)","decl":{"start":{"line":209,"column":19},"end":{"line":209,"column":20}},"loc":{"start":{"line":209,"column":62},"end":{"line":213,"column":5}},"line":209},"2":{"name":"(anonymous_2)","decl":{"start":{"line":216,"column":26},"end":{"line":216,"column":27}},"loc":{"start":{"line":216,"column":41},"end":{"line":218,"column":5}},"line":216},"3":{"name":"(anonymous_3)","decl":{"start":{"line":220,"column":25},"end":{"line":220,"column":26}},"loc":{"start":{"line":220,"column":66},"end":{"line":225,"column":5}},"line":220},"4":{"name":"(anonymous_4)","decl":{"start":{"line":228,"column":20},"end":{"line":228,"column":21}},"loc":{"start":{"line":228,"column":64},"end":{"line":232,"column":5}},"line":228},"5":{"name":"(anonymous_5)","decl":{"start":{"line":235,"column":17},"end":{"line":235,"column":18}},"loc":{"start":{"line":235,"column":58},"end":{"line":241,"column":5}},"line":235},"6":{"name":"(anonymous_6)","decl":{"start":{"line":244,"column":28},"end":{"line":244,"column":29}},"loc":{"start":{"line":244,"column":52},"end":{"line":248,"column":5}},"line":244},"7":{"name":"(anonymous_7)","decl":{"start":{"line":250,"column":33},"end":{"line":250,"column":34}},"loc":{"start":{"line":250,"column":50},"end":{"line":252,"column":5}},"line":250},"8":{"name":"(anonymous_8)","decl":{"start":{"line":255,"column":23},"end":{"line":255,"column":24}},"loc":{"start":{"line":255,"column":43},"end":{"line":258,"column":5}},"line":255},"9":{"name":"(anonymous_9)","decl":{"start":{"line":263,"column":25},"end":{"line":263,"column":26}},"loc":{"start":{"line":263,"column":73},"end":{"line":265,"column":5}},"line":263},"10":{"name":"(anonymous_10)","decl":{"start":{"line":267,"column":24},"end":{"line":267,"column":25}},"loc":{"start":{"line":267,"column":72},"end":{"line":269,"column":5}},"line":267},"11":{"name":"(anonymous_11)","decl":{"start":{"line":271,"column":25},"end":{"line":271,"column":26}},"loc":{"start":{"line":271,"column":67},"end":{"line":273,"column":5}},"line":271},"12":{"name":"(anonymous_12)","decl":{"start":{"line":275,"column":25},"end":{"line":275,"column":26}},"loc":{"start":{"line":275,"column":73},"end":{"line":277,"column":5}},"line":275},"13":{"name":"(anonymous_13)","decl":{"start":{"line":280,"column":24},"end":{"line":280,"column":25}},"loc":{"start":{"line":280,"column":55},"end":{"line":282,"column":5}},"line":280},"14":{"name":"(anonymous_14)","decl":{"start":{"line":285,"column":29},"end":{"line":285,"column":30}},"loc":{"start":{"line":285,"column":60},"end":{"line":287,"column":5}},"line":285},"15":{"name":"(anonymous_15)","decl":{"start":{"line":290,"column":21},"end":{"line":290,"column":22}},"loc":{"start":{"line":290,"column":51},"end":{"line":292,"column":5}},"line":290},"16":{"name":"(anonymous_16)","decl":{"start":{"line":295,"column":22},"end":{"line":295,"column":23}},"loc":{"start":{"line":295,"column":58},"end":{"line":297,"column":5}},"line":295}},"branchMap":{"0":{"loc":{"start":{"line":210,"column":23},"end":{"line":210,"column":54}},"type":"cond-expr","locations":[{"start":{"line":210,"column":33},"end":{"line":210,"column":42}},{"start":{"line":210,"column":45},"end":{"line":210,"column":54}}],"line":210},"1":{"loc":{"start":{"line":222,"column":8},"end":{"line":224,"column":9}},"type":"if","locations":[{"start":{"line":222,"column":8},"end":{"line":224,"column":9}},{"start":{},"end":{}}],"line":222},"2":{"loc":{"start":{"line":229,"column":23},"end":{"line":229,"column":54}},"type":"cond-expr","locations":[{"start":{"line":229,"column":33},"end":{"line":229,"column":42}},{"start":{"line":229,"column":45},"end":{"line":229,"column":54}}],"line":229},"3":{"loc":{"start":{"line":236,"column":23},"end":{"line":236,"column":54}},"type":"cond-expr","locations":[{"start":{"line":236,"column":33},"end":{"line":236,"column":42}},{"start":{"line":236,"column":45},"end":{"line":236,"column":54}}],"line":236},"4":{"loc":{"start":{"line":238,"column":8},"end":{"line":240,"column":9}},"type":"if","locations":[{"start":{"line":238,"column":8},"end":{"line":240,"column":9}},{"start":{},"end":{}}],"line":238},"5":{"loc":{"start":{"line":246,"column":27},"end":{"line":246,"column":76}},"type":"cond-expr","locations":[{"start":{"line":246,"column":48},"end":{"line":246,"column":49}},{"start":{"line":246,"column":52},"end":{"line":246,"column":76}}],"line":246},"6":{"loc":{"start":{"line":246,"column":52},"end":{"line":246,"column":76}},"type":"cond-expr","locations":[{"start":{"line":246,"column":71},"end":{"line":246,"column":72}},{"start":{"line":246,"column":75},"end":{"line":246,"column":76}}],"line":246},"7":{"loc":{"start":{"line":256,"column":23},"end":{"line":256,"column":43}},"type":"cond-expr","locations":[{"start":{"line":256,"column":29},"end":{"line":256,"column":34}},{"start":{"line":256,"column":37},"end":{"line":256,"column":43}}],"line":256},"8":{"loc":{"start":{"line":263,"column":26},"end":{"line":263,"column":42}},"type":"default-arg","locations":[{"start":{"line":263,"column":33},"end":{"line":263,"column":42}}],"line":263},"9":{"loc":{"start":{"line":263,"column":44},"end":{"line":263,"column":68}},"type":"default-arg","locations":[{"start":{"line":263,"column":58},"end":{"line":263,"column":68}}],"line":263},"10":{"loc":{"start":{"line":267,"column":25},"end":{"line":267,"column":41}},"type":"default-arg","locations":[{"start":{"line":267,"column":32},"end":{"line":267,"column":41}}],"line":267},"11":{"loc":{"start":{"line":267,"column":43},"end":{"line":267,"column":67}},"type":"default-arg","locations":[{"start":{"line":267,"column":57},"end":{"line":267,"column":67}}],"line":267},"12":{"loc":{"start":{"line":271,"column":26},"end":{"line":271,"column":42}},"type":"default-arg","locations":[{"start":{"line":271,"column":33},"end":{"line":271,"column":42}}],"line":271},"13":{"loc":{"start":{"line":271,"column":44},"end":{"line":271,"column":62}},"type":"default-arg","locations":[{"start":{"line":271,"column":53},"end":{"line":271,"column":62}}],"line":271},"14":{"loc":{"start":{"line":275,"column":26},"end":{"line":275,"column":42}},"type":"default-arg","locations":[{"start":{"line":275,"column":33},"end":{"line":275,"column":42}}],"line":275},"15":{"loc":{"start":{"line":275,"column":44},"end":{"line":275,"column":68}},"type":"default-arg","locations":[{"start":{"line":275,"column":58},"end":{"line":275,"column":68}}],"line":275},"16":{"loc":{"start":{"line":280,"column":34},"end":{"line":280,"column":50}},"type":"default-arg","locations":[{"start":{"line":280,"column":41},"end":{"line":280,"column":50}}],"line":280},"17":{"loc":{"start":{"line":285,"column":39},"end":{"line":285,"column":55}},"type":"default-arg","locations":[{"start":{"line":285,"column":46},"end":{"line":285,"column":55}}],"line":285},"18":{"loc":{"start":{"line":290,"column":29},"end":{"line":290,"column":46}},"type":"default-arg","locations":[{"start":{"line":290,"column":41},"end":{"line":290,"column":46}}],"line":290},"19":{"loc":{"start":{"line":295,"column":30},"end":{"line":295,"column":53}},"type":"default-arg","locations":[{"start":{"line":295,"column":43},"end":{"line":295,"column":53}}],"line":295}},"s":{"0":1,"1":1,"2":1,"3":1,"4":1,"5":1,"6":1,"7":1,"8":1,"9":1,"10":1,"11":1,"12":1,"13":1,"14":1,"15":1,"16":1,"17":1,"18":1,"19":1,"20":1,"21":1,"22":1,"23":0,"24":1,"25":0,"26":0,"27":0,"28":0,"29":0,"30":0,"31":0,"32":0,"33":0,"34":0,"35":1,"36":1,"37":1,"38":1,"39":0,"40":0,"41":0,"42":0,"43":0,"44":0,"45":0,"46":0,"47":0,"48":0,"49":0,"50":0,"51":0,"52":1},"f":{"0":0,"1":0,"2":0,"3":0,"4":0,"5":1,"6":0,"7":0,"8":0,"9":0,"10":0,"11":0,"12":0,"13":0,"14":0,"15":0,"16":0},"b":{"0":[0,0],"1":[0,0],"2":[0,0],"3":[0,1],"4":[1,0],"5":[0,0],"6":[0,0],"7":[0,0],"8":[0],"9":[0],"10":[0],"11":[0],"12":[0],"13":[0],"14":[0],"15":[0],"16":[0],"17":[0],"18":[0],"19":[0]},"inputSourceMap":null,"_coverageSchema":"1a1c01bbd47fc00a2c39e90264f33305004495a9","hash":"2c0ad674494fdcb31a7d70f4b09297f308125623"}
,"/Users/izaakdias/Documents/Leaf-new/leaf-websocket-backend/utils/redis-pool.js": {"path":"/Users/izaakdias/Documents/Leaf-new/leaf-websocket-backend/utils/redis-pool.js","statementMap":{"0":{"start":{"line":1,"column":14},"end":{"line":1,"column":32}},"1":{"start":{"line":2,"column":13},"end":{"line":2,"column":28}},"2":{"start":{"line":3,"column":22},"end":{"line":3,"column":41}},"3":{"start":{"line":4,"column":34},"end":{"line":4,"column":63}},"4":{"start":{"line":5,"column":29},"end":{"line":5,"column":48}},"5":{"start":{"line":6,"column":23},"end":{"line":6,"column":51}},"6":{"start":{"line":7,"column":21},"end":{"line":7,"column":47}},"7":{"start":{"line":8,"column":20},"end":{"line":8,"column":51}},"8":{"start":{"line":12,"column":8},"end":{"line":12,"column":25}},"9":{"start":{"line":13,"column":8},"end":{"line":13,"column":36}},"10":{"start":{"line":14,"column":8},"end":{"line":14,"column":30}},"11":{"start":{"line":18,"column":8},"end":{"line":92,"column":9}},"12":{"start":{"line":20,"column":12},"end":{"line":25,"column":13}},"13":{"start":{"line":21,"column":32},"end":{"line":21,"column":90}},"14":{"start":{"line":22,"column":16},"end":{"line":22,"column":60}},"15":{"start":{"line":28,"column":32},"end":{"line":28,"column":63}},"16":{"start":{"line":31,"column":12},"end":{"line":31,"column":44}},"17":{"start":{"line":33,"column":12},"end":{"line":33,"column":146}},"18":{"start":{"line":37,"column":16},"end":{"line":39,"column":93}},"19":{"start":{"line":41,"column":12},"end":{"line":84,"column":15}},"20":{"start":{"line":73,"column":20},"end":{"line":75,"column":21}},"21":{"start":{"line":74,"column":24},"end":{"line":74,"column":36}},"22":{"start":{"line":76,"column":20},"end":{"line":79,"column":21}},"23":{"start":{"line":77,"column":24},"end":{"line":77,"column":90}},"24":{"start":{"line":78,"column":24},"end":{"line":78,"column":36}},"25":{"start":{"line":80,"column":34},"end":{"line":80,"column":61}},"26":{"start":{"line":81,"column":20},"end":{"line":81,"column":90}},"27":{"start":{"line":82,"column":20},"end":{"line":82,"column":33}},"28":{"start":{"line":86,"column":12},"end":{"line":86,"column":38}},"29":{"start":{"line":87,"column":12},"end":{"line":87,"column":83}},"30":{"start":{"line":90,"column":12},"end":{"line":90,"column":79}},"31":{"start":{"line":91,"column":12},"end":{"line":91,"column":24}},"32":{"start":{"line":96,"column":8},"end":{"line":100,"column":11}},"33":{"start":{"line":97,"column":12},"end":{"line":99,"column":15}},"34":{"start":{"line":102,"column":8},"end":{"line":106,"column":11}},"35":{"start":{"line":103,"column":12},"end":{"line":105,"column":15}},"36":{"start":{"line":108,"column":8},"end":{"line":126,"column":11}},"37":{"start":{"line":109,"column":12},"end":{"line":112,"column":13}},"38":{"start":{"line":110,"column":16},"end":{"line":110,"column":93}},"39":{"start":{"line":111,"column":16},"end":{"line":111,"column":23}},"40":{"start":{"line":113,"column":12},"end":{"line":118,"column":15}},"41":{"start":{"line":120,"column":12},"end":{"line":125,"column":13}},"42":{"start":{"line":121,"column":16},"end":{"line":124,"column":19}},"43":{"start":{"line":128,"column":8},"end":{"line":136,"column":11}},"44":{"start":{"line":129,"column":12},"end":{"line":132,"column":13}},"45":{"start":{"line":130,"column":16},"end":{"line":130,"column":67}},"46":{"start":{"line":131,"column":16},"end":{"line":131,"column":23}},"47":{"start":{"line":133,"column":12},"end":{"line":135,"column":15}},"48":{"start":{"line":138,"column":8},"end":{"line":143,"column":11}},"49":{"start":{"line":139,"column":12},"end":{"line":141,"column":13}},"50":{"start":{"line":140,"column":16},"end":{"line":140,"column":23}},"51":{"start":{"line":142,"column":12},"end":{"line":142,"column":77}},"52":{"start":{"line":146,"column":8},"end":{"line":151,"column":11}},"53":{"start":{"line":147,"column":12},"end":{"line":149,"column":13}},"54":{"start":{"line":148,"column":16},"end":{"line":148,"column":23}},"55":{"start":{"line":150,"column":12},"end":{"line":150,"column":54}},"56":{"start":{"line":156,"column":8},"end":{"line":208,"column":10}},"57":{"start":{"line":157,"column":30},"end":{"line":157,"column":40}},"58":{"start":{"line":158,"column":27},"end":{"line":158,"column":38}},"59":{"start":{"line":159,"column":29},"end":{"line":159,"column":33}},"60":{"start":{"line":160,"column":12},"end":{"line":164,"column":13}},"61":{"start":{"line":161,"column":16},"end":{"line":161,"column":51}},"62":{"start":{"line":163,"column":16},"end":{"line":163,"column":34}},"63":{"start":{"line":167,"column":25},"end":{"line":176,"column":22}},"64":{"start":{"line":178,"column":12},"end":{"line":207,"column":13}},"65":{"start":{"line":180,"column":31},"end":{"line":180,"column":74}},"66":{"start":{"line":183,"column":33},"end":{"line":183,"column":64}},"67":{"start":{"line":184,"column":16},"end":{"line":187,"column":17}},"68":{"start":{"line":185,"column":20},"end":{"line":185,"column":64}},"69":{"start":{"line":186,"column":20},"end":{"line":186,"column":76}},"70":{"start":{"line":188,"column":16},"end":{"line":188,"column":63}},"71":{"start":{"line":190,"column":16},"end":{"line":190,"column":30}},"72":{"start":{"line":193,"column":33},"end":{"line":193,"column":64}},"73":{"start":{"line":194,"column":16},"end":{"line":199,"column":17}},"74":{"start":{"line":195,"column":20},"end":{"line":195,"column":48}},"75":{"start":{"line":196,"column":20},"end":{"line":196,"column":91}},"76":{"start":{"line":197,"column":20},"end":{"line":197,"column":76}},"77":{"start":{"line":198,"column":20},"end":{"line":198,"column":68}},"78":{"start":{"line":200,"column":16},"end":{"line":200,"column":64}},"79":{"start":{"line":202,"column":16},"end":{"line":202,"column":28}},"80":{"start":{"line":204,"column":16},"end":{"line":206,"column":17}},"81":{"start":{"line":205,"column":20},"end":{"line":205,"column":31}},"82":{"start":{"line":213,"column":8},"end":{"line":215,"column":9}},"83":{"start":{"line":214,"column":12},"end":{"line":214,"column":29}},"84":{"start":{"line":218,"column":8},"end":{"line":223,"column":9}},"85":{"start":{"line":219,"column":12},"end":{"line":219,"column":73}},"86":{"start":{"line":220,"column":12},"end":{"line":222,"column":15}},"87":{"start":{"line":221,"column":16},"end":{"line":221,"column":75}},"88":{"start":{"line":226,"column":8},"end":{"line":256,"column":9}},"89":{"start":{"line":228,"column":33},"end":{"line":228,"column":63}},"90":{"start":{"line":229,"column":36},"end":{"line":229,"column":69}},"91":{"start":{"line":230,"column":33},"end":{"line":230,"column":63}},"92":{"start":{"line":231,"column":32},"end":{"line":231,"column":61}},"93":{"start":{"line":232,"column":32},"end":{"line":232,"column":61}},"94":{"start":{"line":233,"column":32},"end":{"line":233,"column":61}},"95":{"start":{"line":234,"column":35},"end":{"line":234,"column":67}},"96":{"start":{"line":235,"column":38},"end":{"line":235,"column":73}},"97":{"start":{"line":236,"column":33},"end":{"line":236,"column":63}},"98":{"start":{"line":237,"column":33},"end":{"line":237,"column":63}},"99":{"start":{"line":238,"column":35},"end":{"line":238,"column":67}},"100":{"start":{"line":239,"column":33},"end":{"line":239,"column":63}},"101":{"start":{"line":242,"column":12},"end":{"line":242,"column":76}},"102":{"start":{"line":243,"column":12},"end":{"line":243,"column":85}},"103":{"start":{"line":244,"column":12},"end":{"line":244,"column":76}},"104":{"start":{"line":245,"column":12},"end":{"line":245,"column":73}},"105":{"start":{"line":246,"column":12},"end":{"line":246,"column":73}},"106":{"start":{"line":247,"column":12},"end":{"line":247,"column":73}},"107":{"start":{"line":248,"column":12},"end":{"line":248,"column":82}},"108":{"start":{"line":249,"column":12},"end":{"line":249,"column":91}},"109":{"start":{"line":250,"column":12},"end":{"line":250,"column":76}},"110":{"start":{"line":251,"column":12},"end":{"line":251,"column":76}},"111":{"start":{"line":252,"column":12},"end":{"line":252,"column":82}},"112":{"start":{"line":253,"column":12},"end":{"line":253,"column":76}},"113":{"start":{"line":255,"column":12},"end":{"line":255,"column":43}},"114":{"start":{"line":258,"column":8},"end":{"line":258,"column":25}},"115":{"start":{"line":263,"column":8},"end":{"line":301,"column":9}},"116":{"start":{"line":264,"column":12},"end":{"line":266,"column":13}},"117":{"start":{"line":265,"column":16},"end":{"line":265,"column":63}},"118":{"start":{"line":268,"column":12},"end":{"line":270,"column":13}},"119":{"start":{"line":269,"column":16},"end":{"line":269,"column":28}},"120":{"start":{"line":272,"column":12},"end":{"line":276,"column":13}},"121":{"start":{"line":273,"column":16},"end":{"line":273,"column":56}},"122":{"start":{"line":274,"column":16},"end":{"line":274,"column":42}},"123":{"start":{"line":275,"column":16},"end":{"line":275,"column":28}},"124":{"start":{"line":279,"column":12},"end":{"line":295,"column":13}},"125":{"start":{"line":280,"column":16},"end":{"line":294,"column":19}},"126":{"start":{"line":281,"column":36},"end":{"line":283,"column":29}},"127":{"start":{"line":282,"column":24},"end":{"line":282,"column":78}},"128":{"start":{"line":285,"column":20},"end":{"line":288,"column":23}},"129":{"start":{"line":286,"column":24},"end":{"line":286,"column":46}},"130":{"start":{"line":287,"column":24},"end":{"line":287,"column":38}},"131":{"start":{"line":290,"column":20},"end":{"line":293,"column":23}},"132":{"start":{"line":291,"column":24},"end":{"line":291,"column":46}},"133":{"start":{"line":292,"column":24},"end":{"line":292,"column":36}},"134":{"start":{"line":297,"column":12},"end":{"line":297,"column":25}},"135":{"start":{"line":299,"column":12},"end":{"line":299,"column":79}},"136":{"start":{"line":300,"column":12},"end":{"line":300,"column":24}},"137":{"start":{"line":306,"column":8},"end":{"line":322,"column":9}},"138":{"start":{"line":307,"column":26},"end":{"line":307,"column":36}},"139":{"start":{"line":308,"column":12},"end":{"line":308,"column":35}},"140":{"start":{"line":309,"column":28},"end":{"line":309,"column":46}},"141":{"start":{"line":311,"column":12},"end":{"line":315,"column":14}},"142":{"start":{"line":317,"column":12},"end":{"line":321,"column":14}},"143":{"start":{"line":327,"column":8},"end":{"line":335,"column":10}},"144":{"start":{"line":339,"column":8},"end":{"line":341,"column":9}},"145":{"start":{"line":340,"column":12},"end":{"line":340,"column":19}},"146":{"start":{"line":343,"column":8},"end":{"line":343,"column":35}},"147":{"start":{"line":344,"column":26},"end":{"line":344,"column":74}},"148":{"start":{"line":346,"column":8},"end":{"line":361,"column":9}},"149":{"start":{"line":347,"column":12},"end":{"line":352,"column":13}},"150":{"start":{"line":348,"column":39},"end":{"line":350,"column":17}},"151":{"start":{"line":349,"column":20},"end":{"line":349,"column":92}},"152":{"start":{"line":349,"column":37},"end":{"line":349,"column":80}},"153":{"start":{"line":351,"column":16},"end":{"line":351,"column":71}},"154":{"start":{"line":354,"column":12},"end":{"line":354,"column":82}},"155":{"start":{"line":356,"column":12},"end":{"line":360,"column":13}},"156":{"start":{"line":357,"column":16},"end":{"line":357,"column":44}},"157":{"start":{"line":359,"column":16},"end":{"line":359,"column":94}},"158":{"start":{"line":366,"column":18},"end":{"line":366,"column":33}},"159":{"start":{"line":368,"column":0},"end":{"line":368,"column":27}}},"fnMap":{"0":{"name":"(anonymous_0)","decl":{"start":{"line":11,"column":4},"end":{"line":11,"column":5}},"loc":{"start":{"line":11,"column":18},"end":{"line":15,"column":5}},"line":11},"1":{"name":"(anonymous_1)","decl":{"start":{"line":17,"column":4},"end":{"line":17,"column":5}},"loc":{"start":{"line":17,"column":21},"end":{"line":93,"column":5}},"line":17},"2":{"name":"(anonymous_2)","decl":{"start":{"line":72,"column":31},"end":{"line":72,"column":32}},"loc":{"start":{"line":72,"column":42},"end":{"line":83,"column":17}},"line":72},"3":{"name":"(anonymous_3)","decl":{"start":{"line":95,"column":4},"end":{"line":95,"column":5}},"loc":{"start":{"line":95,"column":25},"end":{"line":152,"column":5}},"line":95},"4":{"name":"(anonymous_4)","decl":{"start":{"line":96,"column":32},"end":{"line":96,"column":33}},"loc":{"start":{"line":96,"column":38},"end":{"line":100,"column":9}},"line":96},"5":{"name":"(anonymous_5)","decl":{"start":{"line":102,"column":30},"end":{"line":102,"column":31}},"loc":{"start":{"line":102,"column":36},"end":{"line":106,"column":9}},"line":102},"6":{"name":"(anonymous_6)","decl":{"start":{"line":108,"column":30},"end":{"line":108,"column":31}},"loc":{"start":{"line":108,"column":41},"end":{"line":126,"column":9}},"line":108},"7":{"name":"(anonymous_7)","decl":{"start":{"line":128,"column":30},"end":{"line":128,"column":31}},"loc":{"start":{"line":128,"column":36},"end":{"line":136,"column":9}},"line":128},"8":{"name":"(anonymous_8)","decl":{"start":{"line":138,"column":37},"end":{"line":138,"column":38}},"loc":{"start":{"line":138,"column":48},"end":{"line":143,"column":9}},"line":138},"9":{"name":"(anonymous_9)","decl":{"start":{"line":146,"column":28},"end":{"line":146,"column":29}},"loc":{"start":{"line":146,"column":34},"end":{"line":151,"column":9}},"line":146},"10":{"name":"(anonymous_10)","decl":{"start":{"line":155,"column":4},"end":{"line":155,"column":5}},"loc":{"start":{"line":155,"column":51},"end":{"line":209,"column":5}},"line":155},"11":{"name":"(anonymous_11)","decl":{"start":{"line":156,"column":15},"end":{"line":156,"column":16}},"loc":{"start":{"line":156,"column":34},"end":{"line":208,"column":9}},"line":156},"12":{"name":"(anonymous_12)","decl":{"start":{"line":212,"column":4},"end":{"line":212,"column":5}},"loc":{"start":{"line":212,"column":20},"end":{"line":259,"column":5}},"line":212},"13":{"name":"(anonymous_13)","decl":{"start":{"line":220,"column":38},"end":{"line":220,"column":39}},"loc":{"start":{"line":220,"column":45},"end":{"line":222,"column":13}},"line":220},"14":{"name":"(anonymous_14)","decl":{"start":{"line":262,"column":4},"end":{"line":262,"column":5}},"loc":{"start":{"line":262,"column":29},"end":{"line":302,"column":5}},"line":262},"15":{"name":"(anonymous_15)","decl":{"start":{"line":280,"column":35},"end":{"line":280,"column":36}},"loc":{"start":{"line":280,"column":56},"end":{"line":294,"column":17}},"line":280},"16":{"name":"(anonymous_16)","decl":{"start":{"line":281,"column":47},"end":{"line":281,"column":48}},"loc":{"start":{"line":281,"column":53},"end":{"line":283,"column":21}},"line":281},"17":{"name":"(anonymous_17)","decl":{"start":{"line":285,"column":44},"end":{"line":285,"column":45}},"loc":{"start":{"line":285,"column":50},"end":{"line":288,"column":21}},"line":285},"18":{"name":"(anonymous_18)","decl":{"start":{"line":290,"column":44},"end":{"line":290,"column":45}},"loc":{"start":{"line":290,"column":53},"end":{"line":293,"column":21}},"line":290},"19":{"name":"(anonymous_19)","decl":{"start":{"line":305,"column":4},"end":{"line":305,"column":5}},"loc":{"start":{"line":305,"column":24},"end":{"line":323,"column":5}},"line":305},"20":{"name":"(anonymous_20)","decl":{"start":{"line":326,"column":4},"end":{"line":326,"column":5}},"loc":{"start":{"line":326,"column":19},"end":{"line":336,"column":5}},"line":326},"21":{"name":"(anonymous_21)","decl":{"start":{"line":338,"column":4},"end":{"line":338,"column":5}},"loc":{"start":{"line":338,"column":33},"end":{"line":362,"column":5}},"line":338},"22":{"name":"(anonymous_22)","decl":{"start":{"line":348,"column":51},"end":{"line":348,"column":52}},"loc":{"start":{"line":349,"column":20},"end":{"line":349,"column":92}},"line":349},"23":{"name":"(anonymous_23)","decl":{"start":{"line":349,"column":31},"end":{"line":349,"column":32}},"loc":{"start":{"line":349,"column":37},"end":{"line":349,"column":80}},"line":349}},"branchMap":{"0":{"loc":{"start":{"line":21,"column":32},"end":{"line":21,"column":90}},"type":"binary-expr","locations":[{"start":{"line":21,"column":32},"end":{"line":21,"column":52}},{"start":{"line":21,"column":56},"end":{"line":21,"column":90}}],"line":21},"1":{"loc":{"start":{"line":33,"column":90},"end":{"line":33,"column":142}},"type":"cond-expr","locations":[{"start":{"line":33,"column":113},"end":{"line":33,"column":126}},{"start":{"line":33,"column":129},"end":{"line":33,"column":142}}],"line":33},"2":{"loc":{"start":{"line":37,"column":16},"end":{"line":39,"column":93}},"type":"binary-expr","locations":[{"start":{"line":37,"column":16},"end":{"line":37,"column":47}},{"start":{"line":38,"column":19},"end":{"line":38,"column":59}},{"start":{"line":39,"column":19},"end":{"line":39,"column":93}}],"line":37},"3":{"loc":{"start":{"line":39,"column":26},"end":{"line":39,"column":67}},"type":"binary-expr","locations":[{"start":{"line":39,"column":26},"end":{"line":39,"column":61}},{"start":{"line":39,"column":65},"end":{"line":39,"column":67}}],"line":39},"4":{"loc":{"start":{"line":45,"column":38},"end":{"line":45,"column":55}},"type":"cond-expr","locations":[{"start":{"line":45,"column":50},"end":{"line":45,"column":51}},{"start":{"line":45,"column":54},"end":{"line":45,"column":55}}],"line":45},"5":{"loc":{"start":{"line":63,"column":38},"end":{"line":63,"column":55}},"type":"cond-expr","locations":[{"start":{"line":63,"column":50},"end":{"line":63,"column":51}},{"start":{"line":63,"column":54},"end":{"line":63,"column":55}}],"line":63},"6":{"loc":{"start":{"line":73,"column":20},"end":{"line":75,"column":21}},"type":"if","locations":[{"start":{"line":73,"column":20},"end":{"line":75,"column":21}},{"start":{},"end":{}}],"line":73},"7":{"loc":{"start":{"line":73,"column":24},"end":{"line":73,"column":56}},"type":"binary-expr","locations":[{"start":{"line":73,"column":24},"end":{"line":73,"column":43}},{"start":{"line":73,"column":47},"end":{"line":73,"column":56}}],"line":73},"8":{"loc":{"start":{"line":76,"column":20},"end":{"line":79,"column":21}},"type":"if","locations":[{"start":{"line":76,"column":20},"end":{"line":79,"column":21}},{"start":{},"end":{}}],"line":76},"9":{"loc":{"start":{"line":109,"column":12},"end":{"line":112,"column":13}},"type":"if","locations":[{"start":{"line":109,"column":12},"end":{"line":112,"column":13}},{"start":{},"end":{}}],"line":109},"10":{"loc":{"start":{"line":109,"column":16},"end":{"line":109,"column":103}},"type":"binary-expr","locations":[{"start":{"line":109,"column":16},"end":{"line":109,"column":35}},{"start":{"line":109,"column":40},"end":{"line":109,"column":68}},{"start":{"line":109,"column":72},"end":{"line":109,"column":102}}],"line":109},"11":{"loc":{"start":{"line":120,"column":12},"end":{"line":125,"column":13}},"type":"if","locations":[{"start":{"line":120,"column":12},"end":{"line":125,"column":13}},{"start":{},"end":{}}],"line":120},"12":{"loc":{"start":{"line":120,"column":16},"end":{"line":120,"column":75}},"type":"binary-expr","locations":[{"start":{"line":120,"column":16},"end":{"line":120,"column":45}},{"start":{"line":120,"column":49},"end":{"line":120,"column":75}}],"line":120},"13":{"loc":{"start":{"line":129,"column":12},"end":{"line":132,"column":13}},"type":"if","locations":[{"start":{"line":129,"column":12},"end":{"line":132,"column":13}},{"start":{},"end":{}}],"line":129},"14":{"loc":{"start":{"line":139,"column":12},"end":{"line":141,"column":13}},"type":"if","locations":[{"start":{"line":139,"column":12},"end":{"line":141,"column":13}},{"start":{},"end":{}}],"line":139},"15":{"loc":{"start":{"line":147,"column":12},"end":{"line":149,"column":13}},"type":"if","locations":[{"start":{"line":147,"column":12},"end":{"line":149,"column":13}},{"start":{},"end":{}}],"line":147},"16":{"loc":{"start":{"line":167,"column":25},"end":{"line":176,"column":22}},"type":"cond-expr","locations":[{"start":{"line":168,"column":18},"end":{"line":175,"column":18}},{"start":{"line":176,"column":18},"end":{"line":176,"column":22}}],"line":167},"17":{"loc":{"start":{"line":167,"column":25},"end":{"line":167,"column":73}},"type":"binary-expr","locations":[{"start":{"line":167,"column":25},"end":{"line":167,"column":31}},{"start":{"line":167,"column":35},"end":{"line":167,"column":73}}],"line":167},"18":{"loc":{"start":{"line":169,"column":28},"end":{"line":169,"column":51}},"type":"binary-expr","locations":[{"start":{"line":169,"column":28},"end":{"line":169,"column":38}},{"start":{"line":169,"column":42},"end":{"line":169,"column":51}}],"line":169},"19":{"loc":{"start":{"line":172,"column":37},"end":{"line":172,"column":57}},"type":"binary-expr","locations":[{"start":{"line":172,"column":37},"end":{"line":172,"column":44}},{"start":{"line":172,"column":48},"end":{"line":172,"column":57}}],"line":172},"20":{"loc":{"start":{"line":184,"column":16},"end":{"line":187,"column":17}},"type":"if","locations":[{"start":{"line":184,"column":16},"end":{"line":187,"column":17}},{"start":{},"end":{}}],"line":184},"21":{"loc":{"start":{"line":194,"column":16},"end":{"line":199,"column":17}},"type":"if","locations":[{"start":{"line":194,"column":16},"end":{"line":199,"column":17}},{"start":{},"end":{}}],"line":194},"22":{"loc":{"start":{"line":204,"column":16},"end":{"line":206,"column":17}},"type":"if","locations":[{"start":{"line":204,"column":16},"end":{"line":206,"column":17}},{"start":{},"end":{}}],"line":204},"23":{"loc":{"start":{"line":213,"column":8},"end":{"line":215,"column":9}},"type":"if","locations":[{"start":{"line":213,"column":8},"end":{"line":215,"column":9}},{"start":{},"end":{}}],"line":213},"24":{"loc":{"start":{"line":218,"column":8},"end":{"line":223,"column":9}},"type":"if","locations":[{"start":{"line":218,"column":8},"end":{"line":223,"column":9}},{"start":{},"end":{}}],"line":218},"25":{"loc":{"start":{"line":218,"column":12},"end":{"line":218,"column":85}},"type":"binary-expr","locations":[{"start":{"line":218,"column":12},"end":{"line":218,"column":21}},{"start":{"line":218,"column":26},"end":{"line":218,"column":52}},{"start":{"line":218,"column":56},"end":{"line":218,"column":84}}],"line":218},"26":{"loc":{"start":{"line":226,"column":8},"end":{"line":256,"column":9}},"type":"if","locations":[{"start":{"line":226,"column":8},"end":{"line":256,"column":9}},{"start":{},"end":{}}],"line":226},"27":{"loc":{"start":{"line":264,"column":12},"end":{"line":266,"column":13}},"type":"if","locations":[{"start":{"line":264,"column":12},"end":{"line":266,"column":13}},{"start":{},"end":{}}],"line":264},"28":{"loc":{"start":{"line":268,"column":12},"end":{"line":270,"column":13}},"type":"if","locations":[{"start":{"line":268,"column":12},"end":{"line":270,"column":13}},{"start":{},"end":{}}],"line":268},"29":{"loc":{"start":{"line":272,"column":12},"end":{"line":276,"column":13}},"type":"if","locations":[{"start":{"line":272,"column":12},"end":{"line":276,"column":13}},{"start":{},"end":{}}],"line":272},"30":{"loc":{"start":{"line":272,"column":16},"end":{"line":272,"column":74}},"type":"binary-expr","locations":[{"start":{"line":272,"column":16},"end":{"line":272,"column":42}},{"start":{"line":272,"column":46},"end":{"line":272,"column":74}}],"line":272},"31":{"loc":{"start":{"line":279,"column":12},"end":{"line":295,"column":13}},"type":"if","locations":[{"start":{"line":279,"column":12},"end":{"line":295,"column":13}},{"start":{},"end":{}}],"line":279},"32":{"loc":{"start":{"line":279,"column":16},"end":{"line":279,"column":83}},"type":"binary-expr","locations":[{"start":{"line":279,"column":16},"end":{"line":279,"column":49}},{"start":{"line":279,"column":53},"end":{"line":279,"column":83}}],"line":279},"33":{"loc":{"start":{"line":338,"column":19},"end":{"line":338,"column":31}},"type":"default-arg","locations":[{"start":{"line":338,"column":29},"end":{"line":338,"column":31}}],"line":338},"34":{"loc":{"start":{"line":339,"column":8},"end":{"line":341,"column":9}},"type":"if","locations":[{"start":{"line":339,"column":8},"end":{"line":341,"column":9}},{"start":{},"end":{}}],"line":339},"35":{"loc":{"start":{"line":344,"column":42},"end":{"line":344,"column":69}},"type":"binary-expr","locations":[{"start":{"line":344,"column":42},"end":{"line":344,"column":59}},{"start":{"line":344,"column":63},"end":{"line":344,"column":69}}],"line":344},"36":{"loc":{"start":{"line":347,"column":12},"end":{"line":352,"column":13}},"type":"if","locations":[{"start":{"line":347,"column":12},"end":{"line":352,"column":13}},{"start":{},"end":{}}],"line":347},"37":{"loc":{"start":{"line":347,"column":16},"end":{"line":347,"column":115}},"type":"binary-expr","locations":[{"start":{"line":347,"column":16},"end":{"line":347,"column":44}},{"start":{"line":347,"column":48},"end":{"line":347,"column":78}},{"start":{"line":347,"column":82},"end":{"line":347,"column":115}}],"line":347}},"s":{"0":1,"1":1,"2":1,"3":1,"4":1,"5":1,"6":1,"7":1,"8":1,"9":1,"10":1,"11":1,"12":1,"13":1,"14":1,"15":1,"16":1,"17":1,"18":1,"19":1,"20":2,"21":2,"22":0,"23":0,"24":0,"25":0,"26":0,"27":0,"28":1,"29":1,"30":0,"31":0,"32":1,"33":0,"34":1,"35":0,"36":1,"37":2,"38":0,"39":0,"40":2,"41":2,"42":2,"43":1,"44":2,"45":0,"46":0,"47":2,"48":1,"49":0,"50":0,"51":0,"52":1,"53":2,"54":0,"55":2,"56":12,"57":1,"58":1,"59":1,"60":1,"61":1,"62":0,"63":1,"64":1,"65":1,"66":0,"67":0,"68":0,"69":0,"70":0,"71":0,"72":1,"73":1,"74":1,"75":1,"76":1,"77":1,"78":1,"79":1,"80":1,"81":1,"82":1,"83":0,"84":1,"85":1,"86":1,"87":1,"88":1,"89":1,"90":1,"91":1,"92":1,"93":1,"94":1,"95":1,"96":1,"97":1,"98":1,"99":1,"100":1,"101":1,"102":1,"103":1,"104":1,"105":1,"106":1,"107":1,"108":1,"109":1,"110":1,"111":1,"112":1,"113":1,"114":1,"115":0,"116":0,"117":0,"118":0,"119":0,"120":0,"121":0,"122":0,"123":0,"124":0,"125":0,"126":0,"127":0,"128":0,"129":0,"130":0,"131":0,"132":0,"133":0,"134":0,"135":0,"136":0,"137":0,"138":0,"139":0,"140":0,"141":0,"142":0,"143":0,"144":0,"145":0,"146":0,"147":0,"148":0,"149":0,"150":0,"151":0,"152":0,"153":0,"154":0,"155":0,"156":0,"157":0,"158":1,"159":1},"f":{"0":1,"1":1,"2":2,"3":1,"4":0,"5":0,"6":2,"7":2,"8":0,"9":2,"10":12,"11":1,"12":1,"13":1,"14":0,"15":0,"16":0,"17":0,"18":0,"19":0,"20":0,"21":0,"22":0,"23":0},"b":{"0":[1,1],"1":[1,0],"2":[1,0,0],"3":[0,0],"4":[1,0],"5":[1,0],"6":[2,0],"7":[2,2],"8":[0,0],"9":[0,2],"10":[2,0,0],"11":[2,0],"12":[2,0],"13":[0,2],"14":[0,0],"15":[0,2],"16":[1,0],"17":[1,1],"18":[1,1],"19":[1,0],"20":[0,0],"21":[1,0],"22":[1,0],"23":[0,1],"24":[1,0],"25":[1,1,0],"26":[1,0],"27":[0,0],"28":[0,0],"29":[0,0],"30":[0,0],"31":[0,0],"32":[0,0],"33":[0],"34":[0,0],"35":[0,0],"36":[0,0],"37":[0,0,0]},"inputSourceMap":null,"_coverageSchema":"1a1c01bbd47fc00a2c39e90264f33305004495a9","hash":"ced2e50881741b21993576dd13a6009d70e28366"}
,"/Users/izaakdias/Documents/Leaf-new/leaf-websocket-backend/utils/trace-context.js": {"path":"/Users/izaakdias/Documents/Leaf-new/leaf-websocket-backend/utils/trace-context.js","statementMap":{"0":{"start":{"line":9,"column":23},"end":{"line":9,"column":40}},"1":{"start":{"line":16,"column":8},"end":{"line":16,"column":34}},"2":{"start":{"line":25,"column":26},"end":{"line":25,"column":36}},"3":{"start":{"line":26,"column":23},"end":{"line":26,"column":51}},"4":{"start":{"line":27,"column":8},"end":{"line":27,"column":50}},"5":{"start":{"line":36,"column":8},"end":{"line":41,"column":9}},"6":{"start":{"line":37,"column":26},"end":{"line":37,"column":60}},"7":{"start":{"line":38,"column":12},"end":{"line":40,"column":13}},"8":{"start":{"line":39,"column":16},"end":{"line":39,"column":37}},"9":{"start":{"line":44,"column":8},"end":{"line":44,"column":46}},"10":{"start":{"line":51,"column":8},"end":{"line":53,"column":9}},"11":{"start":{"line":52,"column":12},"end":{"line":52,"column":63}},"12":{"start":{"line":56,"column":8},"end":{"line":56,"column":41}},"13":{"start":{"line":65,"column":29},"end":{"line":65,"column":62}},"14":{"start":{"line":67,"column":8},"end":{"line":74,"column":9}},"15":{"start":{"line":68,"column":42},"end":{"line":68,"column":64}},"16":{"start":{"line":69,"column":12},"end":{"line":71,"column":13}},"17":{"start":{"line":70,"column":16},"end":{"line":70,"column":65}},"18":{"start":{"line":73,"column":12},"end":{"line":73,"column":77}},"19":{"start":{"line":77,"column":27},"end":{"line":77,"column":49}},"20":{"start":{"line":78,"column":8},"end":{"line":78,"column":46}},"21":{"start":{"line":80,"column":8},"end":{"line":84,"column":9}},"22":{"start":{"line":81,"column":12},"end":{"line":81,"column":30}},"23":{"start":{"line":83,"column":12},"end":{"line":83,"column":48}},"24":{"start":{"line":93,"column":8},"end":{"line":95,"column":9}},"25":{"start":{"line":94,"column":12},"end":{"line":94,"column":32}},"26":{"start":{"line":98,"column":8},"end":{"line":100,"column":9}},"27":{"start":{"line":99,"column":12},"end":{"line":99,"column":41}},"28":{"start":{"line":103,"column":8},"end":{"line":105,"column":9}},"29":{"start":{"line":104,"column":12},"end":{"line":104,"column":41}},"30":{"start":{"line":108,"column":24},"end":{"line":108,"column":48}},"31":{"start":{"line":109,"column":8},"end":{"line":111,"column":9}},"32":{"start":{"line":110,"column":12},"end":{"line":110,"column":27}},"33":{"start":{"line":114,"column":8},"end":{"line":114,"column":38}},"34":{"start":{"line":119,"column":21},"end":{"line":119,"column":39}},"35":{"start":{"line":121,"column":0},"end":{"line":121,"column":30}}},"fnMap":{"0":{"name":"(anonymous_0)","decl":{"start":{"line":15,"column":4},"end":{"line":15,"column":5}},"loc":{"start":{"line":15,"column":18},"end":{"line":17,"column":5}},"line":15},"1":{"name":"(anonymous_1)","decl":{"start":{"line":24,"column":4},"end":{"line":24,"column":5}},"loc":{"start":{"line":24,"column":36},"end":{"line":28,"column":5}},"line":24},"2":{"name":"(anonymous_2)","decl":{"start":{"line":34,"column":4},"end":{"line":34,"column":5}},"loc":{"start":{"line":34,"column":24},"end":{"line":45,"column":5}},"line":34},"3":{"name":"(anonymous_3)","decl":{"start":{"line":50,"column":4},"end":{"line":50,"column":5}},"loc":{"start":{"line":50,"column":31},"end":{"line":57,"column":5}},"line":50},"4":{"name":"(anonymous_4)","decl":{"start":{"line":52,"column":53},"end":{"line":52,"column":54}},"loc":{"start":{"line":52,"column":59},"end":{"line":52,"column":61}},"line":52},"5":{"name":"(anonymous_5)","decl":{"start":{"line":64,"column":4},"end":{"line":64,"column":5}},"loc":{"start":{"line":64,"column":38},"end":{"line":85,"column":5}},"line":64},"6":{"name":"(anonymous_6)","decl":{"start":{"line":91,"column":4},"end":{"line":91,"column":5}},"loc":{"start":{"line":91,"column":39},"end":{"line":115,"column":5}},"line":91}},"branchMap":{"0":{"loc":{"start":{"line":24,"column":20},"end":{"line":24,"column":34}},"type":"default-arg","locations":[{"start":{"line":24,"column":29},"end":{"line":24,"column":34}}],"line":24},"1":{"loc":{"start":{"line":36,"column":8},"end":{"line":41,"column":9}},"type":"if","locations":[{"start":{"line":36,"column":8},"end":{"line":41,"column":9}},{"start":{},"end":{}}],"line":36},"2":{"loc":{"start":{"line":38,"column":12},"end":{"line":40,"column":13}},"type":"if","locations":[{"start":{"line":38,"column":12},"end":{"line":40,"column":13}},{"start":{},"end":{}}],"line":38},"3":{"loc":{"start":{"line":44,"column":15},"end":{"line":44,"column":45}},"type":"binary-expr","locations":[{"start":{"line":44,"column":15},"end":{"line":44,"column":37}},{"start":{"line":44,"column":41},"end":{"line":44,"column":45}}],"line":44},"4":{"loc":{"start":{"line":51,"column":8},"end":{"line":53,"column":9}},"type":"if","locations":[{"start":{"line":51,"column":8},"end":{"line":53,"column":9}},{"start":{},"end":{}}],"line":51},"5":{"loc":{"start":{"line":65,"column":29},"end":{"line":65,"column":62}},"type":"binary-expr","locations":[{"start":{"line":65,"column":29},"end":{"line":65,"column":36}},{"start":{"line":65,"column":40},"end":{"line":65,"column":62}}],"line":65},"6":{"loc":{"start":{"line":67,"column":8},"end":{"line":74,"column":9}},"type":"if","locations":[{"start":{"line":67,"column":8},"end":{"line":74,"column":9}},{"start":{},"end":{}}],"line":67},"7":{"loc":{"start":{"line":69,"column":12},"end":{"line":71,"column":13}},"type":"if","locations":[{"start":{"line":69,"column":12},"end":{"line":71,"column":13}},{"start":{},"end":{}}],"line":69},"8":{"loc":{"start":{"line":91,"column":25},"end":{"line":91,"column":37}},"type":"default-arg","locations":[{"start":{"line":91,"column":35},"end":{"line":91,"column":37}}],"line":91},"9":{"loc":{"start":{"line":93,"column":8},"end":{"line":95,"column":9}},"type":"if","locations":[{"start":{"line":93,"column":8},"end":{"line":95,"column":9}},{"start":{},"end":{}}],"line":93},"10":{"loc":{"start":{"line":98,"column":8},"end":{"line":100,"column":9}},"type":"if","locations":[{"start":{"line":98,"column":8},"end":{"line":100,"column":9}},{"start":{},"end":{}}],"line":98},"11":{"loc":{"start":{"line":103,"column":8},"end":{"line":105,"column":9}},"type":"if","locations":[{"start":{"line":103,"column":8},"end":{"line":105,"column":9}},{"start":{},"end":{}}],"line":103},"12":{"loc":{"start":{"line":109,"column":8},"end":{"line":111,"column":9}},"type":"if","locations":[{"start":{"line":109,"column":8},"end":{"line":111,"column":9}},{"start":{},"end":{}}],"line":109}},"s":{"0":1,"1":1,"2":0,"3":0,"4":0,"5":69,"6":0,"7":0,"8":0,"9":69,"10":0,"11":0,"12":0,"13":0,"14":0,"15":0,"16":0,"17":0,"18":0,"19":0,"20":0,"21":0,"22":0,"23":0,"24":0,"25":0,"26":0,"27":0,"28":0,"29":0,"30":0,"31":0,"32":0,"33":0,"34":1,"35":1},"f":{"0":1,"1":0,"2":69,"3":0,"4":0,"5":0,"6":0},"b":{"0":[0],"1":[0,69],"2":[0,0],"3":[69,69],"4":[0,0],"5":[0,0],"6":[0,0],"7":[0,0],"8":[0],"9":[0,0],"10":[0,0],"11":[0,0],"12":[0,0]},"inputSourceMap":null,"_coverageSchema":"1a1c01bbd47fc00a2c39e90264f33305004495a9","hash":"ca96e2fa927e9ef17ffe613ad02e0404d7c5b8cf"}
,"/Users/izaakdias/Documents/Leaf-new/leaf-websocket-backend/utils/tracer.js": {"path":"/Users/izaakdias/Documents/Leaf-new/leaf-websocket-backend/utils/tracer.js","statementMap":{"0":{"start":{"line":11,"column":18},"end":{"line":11,"column":47}},"1":{"start":{"line":12,"column":26},"end":{"line":12,"column":45}},"2":{"start":{"line":17,"column":0},"end":{"line":33,"column":1}},"3":{"start":{"line":18,"column":20},"end":{"line":18,"column":54}},"4":{"start":{"line":19,"column":4},"end":{"line":19,"column":54}},"5":{"start":{"line":21,"column":25},"end":{"line":21,"column":75}},"6":{"start":{"line":22,"column":4},"end":{"line":22,"column":55}},"7":{"start":{"line":23,"column":4},"end":{"line":23,"column":52}},"8":{"start":{"line":24,"column":32},"end":{"line":24,"column":78}},"9":{"start":{"line":25,"column":4},"end":{"line":25,"column":80}},"10":{"start":{"line":27,"column":4},"end":{"line":32,"column":7}},"11":{"start":{"line":37,"column":16},"end":{"line":37,"column":53}},"12":{"start":{"line":39,"column":4},"end":{"line":48,"column":5}},"13":{"start":{"line":42,"column":12},"end":{"line":42,"column":72}},"14":{"start":{"line":44,"column":12},"end":{"line":44,"column":24}},"15":{"start":{"line":47,"column":12},"end":{"line":47,"column":23}},"16":{"start":{"line":53,"column":4},"end":{"line":55,"column":5}},"17":{"start":{"line":54,"column":8},"end":{"line":54,"column":20}},"18":{"start":{"line":59,"column":8},"end":{"line":61,"column":59}},"19":{"start":{"line":63,"column":4},"end":{"line":67,"column":7}},"20":{"start":{"line":71,"column":10},"end":{"line":71,"column":14}},"21":{"start":{"line":74,"column":4},"end":{"line":76,"column":5}},"22":{"start":{"line":75,"column":8},"end":{"line":75,"column":47}},"23":{"start":{"line":79,"column":4},"end":{"line":86,"column":5}},"24":{"start":{"line":80,"column":8},"end":{"line":84,"column":11}},"25":{"start":{"line":85,"column":8},"end":{"line":85,"column":52}},"26":{"start":{"line":88,"column":25},"end":{"line":88,"column":42}},"27":{"start":{"line":89,"column":21},"end":{"line":89,"column":34}},"28":{"start":{"line":91,"column":4},"end":{"line":97,"column":5}},"29":{"start":{"line":92,"column":8},"end":{"line":95,"column":11}},"30":{"start":{"line":96,"column":8},"end":{"line":96,"column":56}},"31":{"start":{"line":100,"column":26},"end":{"line":100,"column":28}},"32":{"start":{"line":101,"column":4},"end":{"line":105,"column":5}},"33":{"start":{"line":102,"column":8},"end":{"line":102,"column":90}},"34":{"start":{"line":104,"column":8},"end":{"line":104,"column":65}},"35":{"start":{"line":106,"column":4},"end":{"line":110,"column":5}},"36":{"start":{"line":107,"column":8},"end":{"line":107,"column":103}},"37":{"start":{"line":109,"column":8},"end":{"line":109,"column":78}},"38":{"start":{"line":111,"column":4},"end":{"line":115,"column":5}},"39":{"start":{"line":112,"column":8},"end":{"line":112,"column":113}},"40":{"start":{"line":114,"column":8},"end":{"line":114,"column":88}},"41":{"start":{"line":117,"column":21},"end":{"line":117,"column":68}},"42":{"start":{"line":119,"column":4},"end":{"line":124,"column":7}},"43":{"start":{"line":126,"column":4},"end":{"line":141,"column":5}},"44":{"start":{"line":127,"column":8},"end":{"line":127,"column":20}},"45":{"start":{"line":129,"column":8},"end":{"line":133,"column":11}},"46":{"start":{"line":135,"column":8},"end":{"line":138,"column":11}},"47":{"start":{"line":139,"column":8},"end":{"line":139,"column":19}},"48":{"start":{"line":140,"column":8},"end":{"line":140,"column":52}},"49":{"start":{"line":143,"column":4},"end":{"line":143,"column":43}},"50":{"start":{"line":148,"column":4},"end":{"line":150,"column":5}},"51":{"start":{"line":149,"column":8},"end":{"line":149,"column":34}},"52":{"start":{"line":151,"column":4},"end":{"line":151,"column":43}},"53":{"start":{"line":156,"column":4},"end":{"line":158,"column":5}},"54":{"start":{"line":157,"column":8},"end":{"line":157,"column":30}},"55":{"start":{"line":159,"column":4},"end":{"line":159,"column":29}},"56":{"start":{"line":162,"column":0},"end":{"line":167,"column":2}}},"fnMap":{"0":{"name":"getSamplingRate","decl":{"start":{"line":36,"column":9},"end":{"line":36,"column":24}},"loc":{"start":{"line":36,"column":27},"end":{"line":49,"column":1}},"line":36},"1":{"name":"getExporter","decl":{"start":{"line":52,"column":9},"end":{"line":52,"column":20}},"loc":{"start":{"line":52,"column":23},"end":{"line":68,"column":1}},"line":52},"2":{"name":"initializeTracer","decl":{"start":{"line":73,"column":9},"end":{"line":73,"column":25}},"loc":{"start":{"line":73,"column":28},"end":{"line":144,"column":1}},"line":73},"3":{"name":"getTracer","decl":{"start":{"line":147,"column":9},"end":{"line":147,"column":18}},"loc":{"start":{"line":147,"column":21},"end":{"line":152,"column":1}},"line":147},"4":{"name":"shutdown","decl":{"start":{"line":155,"column":9},"end":{"line":155,"column":17}},"loc":{"start":{"line":155,"column":20},"end":{"line":160,"column":1}},"line":155}},"branchMap":{"0":{"loc":{"start":{"line":19,"column":14},"end":{"line":19,"column":53}},"type":"binary-expr","locations":[{"start":{"line":19,"column":14},"end":{"line":19,"column":34}},{"start":{"line":19,"column":38},"end":{"line":19,"column":53}}],"line":19},"1":{"loc":{"start":{"line":37,"column":16},"end":{"line":37,"column":53}},"type":"binary-expr","locations":[{"start":{"line":37,"column":16},"end":{"line":37,"column":36}},{"start":{"line":37,"column":40},"end":{"line":37,"column":53}}],"line":37},"2":{"loc":{"start":{"line":39,"column":4},"end":{"line":48,"column":5}},"type":"switch","locations":[{"start":{"line":40,"column":8},"end":{"line":42,"column":72}},{"start":{"line":43,"column":8},"end":{"line":44,"column":24}},{"start":{"line":45,"column":8},"end":{"line":45,"column":27}},{"start":{"line":46,"column":8},"end":{"line":47,"column":23}}],"line":39},"3":{"loc":{"start":{"line":42,"column":30},"end":{"line":42,"column":70}},"type":"binary-expr","locations":[{"start":{"line":42,"column":30},"end":{"line":42,"column":60}},{"start":{"line":42,"column":64},"end":{"line":42,"column":70}}],"line":42},"4":{"loc":{"start":{"line":53,"column":4},"end":{"line":55,"column":5}},"type":"if","locations":[{"start":{"line":53,"column":4},"end":{"line":55,"column":5}},{"start":{},"end":{}}],"line":53},"5":{"loc":{"start":{"line":59,"column":8},"end":{"line":61,"column":59}},"type":"binary-expr","locations":[{"start":{"line":59,"column":8},"end":{"line":59,"column":34}},{"start":{"line":60,"column":8},"end":{"line":60,"column":47}},{"start":{"line":61,"column":8},"end":{"line":61,"column":59}}],"line":59},"6":{"loc":{"start":{"line":61,"column":28},"end":{"line":61,"column":52}},"type":"binary-expr","locations":[{"start":{"line":61,"column":28},"end":{"line":61,"column":44}},{"start":{"line":61,"column":48},"end":{"line":61,"column":52}}],"line":61},"7":{"loc":{"start":{"line":74,"column":4},"end":{"line":76,"column":5}},"type":"if","locations":[{"start":{"line":74,"column":4},"end":{"line":76,"column":5}},{"start":{},"end":{}}],"line":74},"8":{"loc":{"start":{"line":79,"column":4},"end":{"line":86,"column":5}},"type":"if","locations":[{"start":{"line":79,"column":4},"end":{"line":86,"column":5}},{"start":{},"end":{}}],"line":79},"9":{"loc":{"start":{"line":79,"column":8},"end":{"line":79,"column":83}},"type":"binary-expr","locations":[{"start":{"line":79,"column":8},"end":{"line":79,"column":16}},{"start":{"line":79,"column":20},"end":{"line":79,"column":38}},{"start":{"line":79,"column":42},"end":{"line":79,"column":52}},{"start":{"line":79,"column":56},"end":{"line":79,"column":83}}],"line":79},"10":{"loc":{"start":{"line":91,"column":4},"end":{"line":97,"column":5}},"type":"if","locations":[{"start":{"line":91,"column":4},"end":{"line":97,"column":5}},{"start":{},"end":{}}],"line":91},"11":{"loc":{"start":{"line":101,"column":4},"end":{"line":105,"column":5}},"type":"if","locations":[{"start":{"line":101,"column":4},"end":{"line":105,"column":5}},{"start":{"line":103,"column":11},"end":{"line":105,"column":5}}],"line":101},"12":{"loc":{"start":{"line":106,"column":4},"end":{"line":110,"column":5}},"type":"if","locations":[{"start":{"line":106,"column":4},"end":{"line":110,"column":5}},{"start":{"line":108,"column":11},"end":{"line":110,"column":5}}],"line":106},"13":{"loc":{"start":{"line":107,"column":68},"end":{"line":107,"column":102}},"type":"binary-expr","locations":[{"start":{"line":107,"column":68},"end":{"line":107,"column":91}},{"start":{"line":107,"column":95},"end":{"line":107,"column":102}}],"line":107},"14":{"loc":{"start":{"line":109,"column":43},"end":{"line":109,"column":77}},"type":"binary-expr","locations":[{"start":{"line":109,"column":43},"end":{"line":109,"column":66}},{"start":{"line":109,"column":70},"end":{"line":109,"column":77}}],"line":109},"15":{"loc":{"start":{"line":111,"column":4},"end":{"line":115,"column":5}},"type":"if","locations":[{"start":{"line":111,"column":4},"end":{"line":115,"column":5}},{"start":{"line":113,"column":11},"end":{"line":115,"column":5}}],"line":111},"16":{"loc":{"start":{"line":112,"column":75},"end":{"line":112,"column":112}},"type":"binary-expr","locations":[{"start":{"line":112,"column":75},"end":{"line":112,"column":95}},{"start":{"line":112,"column":99},"end":{"line":112,"column":112}}],"line":112},"17":{"loc":{"start":{"line":114,"column":50},"end":{"line":114,"column":87}},"type":"binary-expr","locations":[{"start":{"line":114,"column":50},"end":{"line":114,"column":70}},{"start":{"line":114,"column":74},"end":{"line":114,"column":87}}],"line":114},"18":{"loc":{"start":{"line":148,"column":4},"end":{"line":150,"column":5}},"type":"if","locations":[{"start":{"line":148,"column":4},"end":{"line":150,"column":5}},{"start":{},"end":{}}],"line":148},"19":{"loc":{"start":{"line":156,"column":4},"end":{"line":158,"column":5}},"type":"if","locations":[{"start":{"line":156,"column":4},"end":{"line":158,"column":5}},{"start":{},"end":{}}],"line":156}},"s":{"0":1,"1":1,"2":1,"3":1,"4":1,"5":1,"6":1,"7":1,"8":1,"9":1,"10":0,"11":1,"12":1,"13":0,"14":0,"15":1,"16":1,"17":0,"18":1,"19":1,"20":1,"21":1,"22":0,"23":1,"24":0,"25":0,"26":1,"27":1,"28":1,"29":0,"30":0,"31":1,"32":1,"33":1,"34":0,"35":1,"36":1,"37":0,"38":1,"39":1,"40":0,"41":1,"42":1,"43":1,"44":1,"45":1,"46":0,"47":0,"48":0,"49":1,"50":1,"51":1,"52":0,"53":0,"54":0,"55":0,"56":1},"f":{"0":1,"1":1,"2":1,"3":1,"4":0},"b":{"0":[1,1],"1":[1,0],"2":[0,0,0,1],"3":[0,0],"4":[0,1],"5":[1,1,1],"6":[1,0],"7":[0,1],"8":[0,1],"9":[1,1,1,1],"10":[0,1],"11":[1,0],"12":[1,0],"13":[1,1],"14":[0,0],"15":[1,0],"16":[1,0],"17":[0,0],"18":[1,0],"19":[0,0]},"inputSourceMap":null,"_coverageSchema":"1a1c01bbd47fc00a2c39e90264f33305004495a9","hash":"bfa0f0ced0cd7a23471594f2b0735a15af9beab8"}
}
