TN:
SF:utils/docker-detector.js
FN:16,(anonymous_0)
FN:44,(anonymous_1)
FN:63,(anonymous_2)
FN:82,(anonymous_3)
FN:99,(anonymous_4)
FNF:5
FNH:5
FNDA:5,(anonymous_0)
FNDA:10,(anonymous_1)
FNDA:5,(anonymous_2)
FNDA:5,(anonymous_3)
FNDA:5,(anonymous_4)
DA:8,5
DA:9,5
DA:18,5
DA:19,0
DA:23,5
DA:24,5
DA:25,5
DA:26,0
DA:33,5
DA:34,0
DA:37,5
DA:46,10
DA:47,10
DA:51,0
DA:52,0
DA:56,0
DA:65,5
DA:66,5
DA:69,0
DA:70,0
DA:71,0
DA:72,0
DA:75,0
DA:83,5
DA:84,5
DA:85,5
DA:86,5
DA:88,5
DA:100,5
DA:101,5
DA:102,5
DA:104,5
DA:105,5
DA:106,5
DA:107,5
DA:111,5
LF:36
LH:25
BRDA:18,0,0,0
BRDA:18,0,1,5
BRDA:25,1,0,0
BRDA:25,1,1,5
BRDA:25,2,0,5
BRDA:25,2,1,5
BRDA:33,3,0,0
BRDA:33,3,1,5
BRDA:33,4,0,5
BRDA:33,4,1,5
BRDA:46,5,0,10
BRDA:46,5,1,0
BRDA:51,6,0,0
BRDA:51,6,1,0
BRDA:65,7,0,5
BRDA:65,7,1,0
BRDA:70,8,0,0
BRDA:70,8,1,0
BRDA:71,9,0,0
BRDA:71,9,1,0
BRDA:72,10,0,0
BRDA:72,10,1,0
BRDA:84,11,0,5
BRDA:84,11,1,0
BRDA:85,12,0,5
BRDA:85,12,1,0
BRDA:86,13,0,5
BRDA:86,13,1,5
BRDA:105,14,0,0
BRDA:105,14,1,5
BRF:30
BRH:14
end_of_record
TN:
SF:utils/logger.js
FN:22,(anonymous_0)
FN:38,(anonymous_1)
FN:130,(anonymous_2)
FN:150,(anonymous_3)
FN:170,(anonymous_4)
FN:179,(anonymous_5)
FN:186,(anonymous_6)
FN:195,(anonymous_7)
FN:203,(anonymous_8)
FN:215,(anonymous_9)
FN:226,(anonymous_10)
FN:239,(anonymous_11)
FN:251,(anonymous_12)
FN:262,(anonymous_13)
FNF:14
FNH:5
FNDA:185,(anonymous_0)
FNDA:185,(anonymous_1)
FNDA:0,(anonymous_2)
FNDA:10,(anonymous_3)
FNDA:0,(anonymous_4)
FNDA:0,(anonymous_5)
FNDA:10,(anonymous_6)
FNDA:0,(anonymous_7)
FNDA:0,(anonymous_8)
FNDA:0,(anonymous_9)
FNDA:5,(anonymous_10)
FNDA:0,(anonymous_11)
FNDA:0,(anonymous_12)
FNDA:0,(anonymous_13)
DA:1,5
DA:2,5
DA:3,5
DA:6,5
DA:14,5
DA:17,5
DA:24,185
DA:25,185
DA:26,185
DA:27,0
DA:32,185
DA:33,185
DA:35,185
DA:40,185
DA:41,185
DA:42,185
DA:45,185
DA:46,185
DA:47,185
DA:48,185
DA:49,185
DA:50,185
DA:51,185
DA:52,185
DA:54,185
DA:55,0
DA:58,185
DA:63,5
DA:110,5
DA:118,5
DA:131,0
DA:138,5
DA:151,10
DA:158,5
DA:171,0
DA:179,5
DA:180,0
DA:186,5
DA:187,10
DA:188,10
DA:195,5
DA:196,0
DA:203,5
DA:204,0
DA:205,0
DA:215,5
DA:216,0
DA:217,0
DA:226,5
DA:227,5
DA:228,5
DA:235,5
DA:239,5
DA:240,0
DA:241,0
DA:251,5
DA:252,0
DA:253,0
DA:262,5
DA:263,0
DA:264,0
DA:273,5
LF:62
LH:46
BRDA:24,0,0,185
BRDA:24,0,1,0
BRDA:26,1,0,0
BRDA:26,1,1,185
BRDA:32,2,0,185
BRDA:32,2,1,30
BRDA:33,3,0,185
BRDA:33,3,1,0
BRDA:40,4,0,0
BRDA:40,4,1,185
BRDA:41,5,0,0
BRDA:41,5,1,185
BRDA:46,6,0,0
BRDA:46,6,1,185
BRDA:47,7,0,0
BRDA:47,7,1,185
BRDA:48,8,0,0
BRDA:48,8,1,185
BRDA:49,9,0,0
BRDA:49,9,1,185
BRDA:50,10,0,0
BRDA:50,10,1,185
BRDA:51,11,0,0
BRDA:51,11,1,185
BRDA:52,12,0,0
BRDA:52,12,1,185
BRDA:54,13,0,0
BRDA:54,13,1,185
BRDA:70,14,0,5
BRDA:70,14,1,5
BRDA:111,15,0,5
BRDA:111,15,1,5
BRDA:179,16,0,0
BRDA:186,17,0,0
BRDA:195,18,0,0
BRDA:203,19,0,0
BRDA:215,20,0,0
BRDA:226,21,0,0
BRDA:239,22,0,0
BRDA:251,23,0,0
BRDA:262,24,0,0
BRF:41
BRH:19
end_of_record
TN:
SF:utils/prometheus-metrics.js
FN:200,getMetrics
FN:209,(anonymous_1)
FN:216,(anonymous_2)
FN:220,(anonymous_3)
FN:228,(anonymous_4)
FN:235,(anonymous_5)
FN:244,(anonymous_6)
FN:250,(anonymous_7)
FN:255,(anonymous_8)
FN:263,(anonymous_9)
FN:267,(anonymous_10)
FN:271,(anonymous_11)
FN:275,(anonymous_12)
FN:280,(anonymous_13)
FN:285,(anonymous_14)
FN:290,(anonymous_15)
FN:295,(anonymous_16)
FNF:17
FNH:1
FNDA:0,getMetrics
FNDA:0,(anonymous_1)
FNDA:0,(anonymous_2)
FNDA:0,(anonymous_3)
FNDA:0,(anonymous_4)
FNDA:447,(anonymous_5)
FNDA:0,(anonymous_6)
FNDA:0,(anonymous_7)
FNDA:0,(anonymous_8)
FNDA:0,(anonymous_9)
FNDA:0,(anonymous_10)
FNDA:0,(anonymous_11)
FNDA:0,(anonymous_12)
FNDA:0,(anonymous_13)
FNDA:0,(anonymous_14)
FNDA:0,(anonymous_15)
FNDA:0,(anonymous_16)
DA:7,5
DA:10,5
DA:13,5
DA:18,5
DA:27,5
DA:37,5
DA:45,5
DA:53,5
DA:64,5
DA:73,5
DA:83,5
DA:92,5
DA:102,5
DA:110,5
DA:120,5
DA:130,5
DA:138,5
DA:146,5
DA:154,5
DA:162,5
DA:171,5
DA:180,5
DA:188,5
DA:201,0
DA:207,5
DA:210,0
DA:211,0
DA:212,0
DA:217,0
DA:221,0
DA:222,0
DA:223,0
DA:229,0
DA:230,0
DA:231,0
DA:236,447
DA:237,447
DA:238,447
DA:239,0
DA:246,0
DA:247,0
DA:251,0
DA:256,0
DA:257,0
DA:264,0
DA:268,0
DA:272,0
DA:276,0
DA:281,0
DA:286,0
DA:291,0
DA:296,0
DA:300,5
LF:53
LH:28
BRDA:210,0,0,0
BRDA:210,0,1,0
BRDA:222,1,0,0
BRDA:222,1,1,0
BRDA:229,2,0,0
BRDA:229,2,1,0
BRDA:236,3,0,447
BRDA:236,3,1,0
BRDA:238,4,0,0
BRDA:238,4,1,447
BRDA:246,5,0,0
BRDA:246,5,1,0
BRDA:246,6,0,0
BRDA:246,6,1,0
BRDA:256,7,0,0
BRDA:256,7,1,0
BRDA:263,8,0,0
BRDA:263,9,0,0
BRDA:267,10,0,0
BRDA:267,11,0,0
BRDA:271,12,0,0
BRDA:271,13,0,0
BRDA:275,14,0,0
BRDA:275,15,0,0
BRDA:280,16,0,0
BRDA:285,17,0,0
BRDA:290,18,0,0
BRDA:295,19,0,0
BRF:28
BRH:2
end_of_record
TN:
SF:utils/redis-pool.js
FN:10,(anonymous_0)
FN:15,(anonymous_1)
FN:64,(anonymous_2)
FN:84,(anonymous_3)
FN:85,(anonymous_4)
FN:91,(anonymous_5)
FN:97,(anonymous_6)
FN:113,(anonymous_7)
FN:119,(anonymous_8)
FN:124,(anonymous_9)
FN:130,(anonymous_10)
FN:131,(anonymous_11)
FN:175,(anonymous_12)
FN:179,(anonymous_13)
FN:221,(anonymous_14)
FN:239,(anonymous_15)
FN:240,(anonymous_16)
FN:244,(anonymous_17)
FN:249,(anonymous_18)
FN:264,(anonymous_19)
FN:285,(anonymous_20)
FNF:21
FNH:11
FNDA:5,(anonymous_0)
FNDA:5,(anonymous_1)
FNDA:0,(anonymous_2)
FNDA:5,(anonymous_3)
FNDA:5,(anonymous_4)
FNDA:5,(anonymous_5)
FNDA:0,(anonymous_6)
FNDA:0,(anonymous_7)
FNDA:0,(anonymous_8)
FNDA:0,(anonymous_9)
FNDA:60,(anonymous_10)
FNDA:447,(anonymous_11)
FNDA:7,(anonymous_12)
FNDA:0,(anonymous_13)
FNDA:2,(anonymous_14)
FNDA:2,(anonymous_15)
FNDA:0,(anonymous_16)
FNDA:2,(anonymous_17)
FNDA:0,(anonymous_18)
FNDA:0,(anonymous_19)
FNDA:0,(anonymous_20)
DA:1,5
DA:2,5
DA:3,5
DA:4,5
DA:5,5
DA:6,5
DA:7,5
DA:11,5
DA:12,5
DA:16,5
DA:18,5
DA:19,5
DA:25,5
DA:28,5
DA:30,5
DA:33,5
DA:65,0
DA:66,0
DA:67,0
DA:69,0
DA:70,0
DA:71,0
DA:75,5
DA:76,5
DA:79,0
DA:80,0
DA:85,5
DA:86,5
DA:91,5
DA:92,5
DA:97,5
DA:98,0
DA:105,0
DA:106,0
DA:113,5
DA:114,0
DA:119,5
DA:120,0
DA:124,5
DA:125,0
DA:131,60
DA:132,447
DA:133,447
DA:134,447
DA:135,447
DA:138,447
DA:147,447
DA:149,447
DA:152,447
DA:153,447
DA:154,447
DA:155,447
DA:157,447
DA:160,0
DA:161,0
DA:162,0
DA:163,0
DA:164,0
DA:165,0
DA:167,0
DA:169,447
DA:177,7
DA:178,0
DA:179,0
DA:180,0
DA:185,7
DA:187,5
DA:188,5
DA:189,5
DA:190,5
DA:191,5
DA:192,5
DA:193,5
DA:194,5
DA:195,5
DA:196,5
DA:197,5
DA:198,5
DA:201,5
DA:202,5
DA:203,5
DA:204,5
DA:205,5
DA:206,5
DA:207,5
DA:208,5
DA:209,5
DA:210,5
DA:211,5
DA:212,5
DA:214,5
DA:217,7
DA:222,2
DA:223,2
DA:224,0
DA:227,2
DA:228,0
DA:231,2
DA:232,0
DA:233,0
DA:234,0
DA:238,2
DA:239,2
DA:240,2
DA:241,0
DA:244,2
DA:245,2
DA:246,2
DA:249,2
DA:250,0
DA:251,0
DA:256,0
DA:258,0
DA:259,0
DA:265,0
DA:266,0
DA:267,0
DA:268,0
DA:270,0
DA:276,0
DA:286,0
DA:299,5
DA:301,5
LF:123
LH:81
BRDA:30,0,0,5
BRDA:30,0,1,0
BRDA:65,1,0,0
BRDA:65,1,1,0
BRDA:105,2,0,0
BRDA:105,2,1,0
BRDA:105,3,0,0
BRDA:105,3,1,0
BRDA:142,4,0,447
BRDA:142,4,1,0
BRDA:177,5,0,0
BRDA:177,5,1,7
BRDA:177,6,0,7
BRDA:177,6,1,7
BRDA:177,6,2,7
BRDA:185,7,0,5
BRDA:185,7,1,2
BRDA:223,8,0,0
BRDA:223,8,1,2
BRDA:227,9,0,0
BRDA:227,9,1,2
BRDA:231,10,0,0
BRDA:231,10,1,2
BRDA:231,11,0,2
BRDA:231,11,1,2
BRDA:238,12,0,2
BRDA:238,12,1,0
BRDA:238,13,0,2
BRDA:238,13,1,0
BRF:29
BRH:15
end_of_record
TN:
SF:utils/trace-context.js
FN:15,(anonymous_0)
FN:24,(anonymous_1)
FN:34,(anonymous_2)
FN:50,(anonymous_3)
FN:52,(anonymous_4)
FN:64,(anonymous_5)
FN:91,(anonymous_6)
FNF:7
FNH:2
FNDA:5,(anonymous_0)
FNDA:0,(anonymous_1)
FNDA:200,(anonymous_2)
FNDA:0,(anonymous_3)
FNDA:0,(anonymous_4)
FNDA:0,(anonymous_5)
FNDA:0,(anonymous_6)
DA:9,5
DA:16,5
DA:25,0
DA:26,0
DA:27,0
DA:36,200
DA:37,0
DA:38,0
DA:39,0
DA:44,200
DA:51,0
DA:52,0
DA:56,0
DA:65,0
DA:67,0
DA:68,0
DA:69,0
DA:70,0
DA:73,0
DA:77,0
DA:78,0
DA:80,0
DA:81,0
DA:83,0
DA:93,0
DA:94,0
DA:98,0
DA:99,0
DA:103,0
DA:104,0
DA:108,0
DA:109,0
DA:110,0
DA:114,0
DA:119,5
DA:121,5
LF:36
LH:6
BRDA:24,0,0,0
BRDA:36,1,0,0
BRDA:36,1,1,200
BRDA:38,2,0,0
BRDA:38,2,1,0
BRDA:44,3,0,200
BRDA:44,3,1,200
BRDA:51,4,0,0
BRDA:51,4,1,0
BRDA:65,5,0,0
BRDA:65,5,1,0
BRDA:67,6,0,0
BRDA:67,6,1,0
BRDA:69,7,0,0
BRDA:69,7,1,0
BRDA:91,8,0,0
BRDA:93,9,0,0
BRDA:93,9,1,0
BRDA:98,10,0,0
BRDA:98,10,1,0
BRDA:103,11,0,0
BRDA:103,11,1,0
BRDA:109,12,0,0
BRDA:109,12,1,0
BRF:24
BRH:3
end_of_record
TN:
SF:utils/tracer.js
FN:36,getSamplingRate
FN:52,getExporter
FN:66,initializeTracer
FN:131,getTracer
FN:139,shutdown
FNF:5
FNH:4
FNDA:5,getSamplingRate
FNDA:5,getExporter
FNDA:5,initializeTracer
FNDA:447,getTracer
FNDA:0,shutdown
DA:11,5
DA:12,5
DA:17,5
DA:18,5
DA:19,5
DA:21,5
DA:22,5
DA:23,5
DA:24,5
DA:25,5
DA:27,0
DA:37,5
DA:39,5
DA:42,0
DA:44,0
DA:47,5
DA:54,5
DA:56,5
DA:64,5
DA:67,5
DA:68,0
DA:72,5
DA:73,0
DA:78,0
DA:81,5
DA:84,5
DA:85,5
DA:86,5
DA:88,0
DA:90,5
DA:91,5
DA:93,0
DA:95,5
DA:96,5
DA:98,0
DA:101,5
DA:103,5
DA:110,5
DA:111,5
DA:113,5
DA:119,0
DA:123,0
DA:124,0
DA:127,5
DA:132,447
DA:133,5
DA:135,442
DA:140,0
DA:141,0
DA:143,0
DA:146,5
LF:51
LH:36
BRDA:19,0,0,5
BRDA:19,0,1,5
BRDA:37,1,0,5
BRDA:37,1,1,0
BRDA:39,2,0,0
BRDA:39,2,1,0
BRDA:39,2,2,0
BRDA:39,2,3,5
BRDA:42,3,0,0
BRDA:42,3,1,0
BRDA:54,4,0,5
BRDA:54,4,1,5
BRDA:54,4,2,5
BRDA:67,5,0,0
BRDA:67,5,1,5
BRDA:72,6,0,0
BRDA:72,6,1,5
BRDA:72,7,0,5
BRDA:72,7,1,5
BRDA:72,7,2,5
BRDA:72,7,3,5
BRDA:85,8,0,5
BRDA:85,8,1,0
BRDA:90,9,0,5
BRDA:90,9,1,0
BRDA:91,10,0,5
BRDA:91,10,1,5
BRDA:93,11,0,0
BRDA:93,11,1,0
BRDA:95,12,0,5
BRDA:95,12,1,0
BRDA:96,13,0,5
BRDA:96,13,1,0
BRDA:98,14,0,0
BRDA:98,14,1,0
BRDA:132,15,0,5
BRDA:132,15,1,442
BRDA:140,16,0,0
BRDA:140,16,1,0
BRF:39
BRH:21
end_of_record
