TN:
SF:utils/docker-detector.js
FN:16,(anonymous_0)
FN:44,(anonymous_1)
FN:63,(anonymous_2)
FN:82,(anonymous_3)
FN:99,(anonymous_4)
FNF:5
FNH:5
FNDA:1,(anonymous_0)
FNDA:2,(anonymous_1)
FNDA:1,(anonymous_2)
FNDA:1,(anonymous_3)
FNDA:1,(anonymous_4)
DA:8,1
DA:9,1
DA:18,1
DA:19,0
DA:23,1
DA:24,1
DA:25,1
DA:26,0
DA:33,1
DA:34,0
DA:37,1
DA:46,2
DA:47,2
DA:51,0
DA:52,0
DA:56,0
DA:65,1
DA:66,1
DA:69,0
DA:70,0
DA:71,0
DA:72,0
DA:75,0
DA:83,1
DA:84,1
DA:85,1
DA:86,1
DA:88,1
DA:100,1
DA:101,1
DA:102,1
DA:104,1
DA:105,1
DA:106,1
DA:107,1
DA:111,1
LF:36
LH:25
BRDA:18,0,0,0
BRDA:18,0,1,1
BRDA:25,1,0,0
BRDA:25,1,1,1
BRDA:25,2,0,1
BRDA:25,2,1,1
BRDA:33,3,0,0
BRDA:33,3,1,1
BRDA:33,4,0,1
BRDA:33,4,1,1
BRDA:46,5,0,2
BRDA:46,5,1,0
BRDA:51,6,0,0
BRDA:51,6,1,0
BRDA:65,7,0,1
BRDA:65,7,1,0
BRDA:70,8,0,0
BRDA:70,8,1,0
BRDA:71,9,0,0
BRDA:71,9,1,0
BRDA:72,10,0,0
BRDA:72,10,1,0
BRDA:84,11,0,1
BRDA:84,11,1,0
BRDA:85,12,0,1
BRDA:85,12,1,0
BRDA:86,13,0,1
BRDA:86,13,1,1
BRDA:105,14,0,0
BRDA:105,14,1,1
BRF:30
BRH:14
end_of_record
TN:
SF:utils/logger.js
FN:22,(anonymous_0)
FN:38,(anonymous_1)
FN:130,(anonymous_2)
FN:150,(anonymous_3)
FN:170,(anonymous_4)
FN:179,(anonymous_5)
FN:186,(anonymous_6)
FN:195,(anonymous_7)
FN:203,(anonymous_8)
FN:215,(anonymous_9)
FN:226,(anonymous_10)
FN:239,(anonymous_11)
FN:251,(anonymous_12)
FN:262,(anonymous_13)
FNF:14
FNH:5
FNDA:37,(anonymous_0)
FNDA:37,(anonymous_1)
FNDA:0,(anonymous_2)
FNDA:2,(anonymous_3)
FNDA:0,(anonymous_4)
FNDA:0,(anonymous_5)
FNDA:2,(anonymous_6)
FNDA:0,(anonymous_7)
FNDA:0,(anonymous_8)
FNDA:0,(anonymous_9)
FNDA:1,(anonymous_10)
FNDA:0,(anonymous_11)
FNDA:0,(anonymous_12)
FNDA:0,(anonymous_13)
DA:1,1
DA:2,1
DA:3,1
DA:6,1
DA:14,1
DA:17,1
DA:24,37
DA:25,37
DA:26,37
DA:27,0
DA:32,37
DA:33,37
DA:35,37
DA:40,37
DA:41,37
DA:42,37
DA:45,37
DA:46,37
DA:47,37
DA:48,37
DA:49,37
DA:50,37
DA:51,37
DA:52,37
DA:54,37
DA:55,0
DA:58,37
DA:63,1
DA:110,1
DA:118,1
DA:131,0
DA:138,1
DA:151,2
DA:158,1
DA:171,0
DA:179,1
DA:180,0
DA:186,1
DA:187,2
DA:188,2
DA:195,1
DA:196,0
DA:203,1
DA:204,0
DA:205,0
DA:215,1
DA:216,0
DA:217,0
DA:226,1
DA:227,1
DA:228,1
DA:235,1
DA:239,1
DA:240,0
DA:241,0
DA:251,1
DA:252,0
DA:253,0
DA:262,1
DA:263,0
DA:264,0
DA:273,1
LF:62
LH:46
BRDA:24,0,0,37
BRDA:24,0,1,0
BRDA:26,1,0,0
BRDA:26,1,1,37
BRDA:32,2,0,37
BRDA:32,2,1,6
BRDA:33,3,0,37
BRDA:33,3,1,0
BRDA:40,4,0,0
BRDA:40,4,1,37
BRDA:41,5,0,0
BRDA:41,5,1,37
BRDA:46,6,0,0
BRDA:46,6,1,37
BRDA:47,7,0,0
BRDA:47,7,1,37
BRDA:48,8,0,0
BRDA:48,8,1,37
BRDA:49,9,0,0
BRDA:49,9,1,37
BRDA:50,10,0,0
BRDA:50,10,1,37
BRDA:51,11,0,0
BRDA:51,11,1,37
BRDA:52,12,0,0
BRDA:52,12,1,37
BRDA:54,13,0,0
BRDA:54,13,1,37
BRDA:70,14,0,1
BRDA:70,14,1,1
BRDA:111,15,0,1
BRDA:111,15,1,1
BRDA:179,16,0,0
BRDA:186,17,0,0
BRDA:195,18,0,0
BRDA:203,19,0,0
BRDA:215,20,0,0
BRDA:226,21,0,0
BRDA:239,22,0,0
BRDA:251,23,0,0
BRDA:262,24,0,0
BRF:41
BRH:19
end_of_record
TN:
SF:utils/prometheus-metrics.js
FN:200,getMetrics
FN:209,(anonymous_1)
FN:216,(anonymous_2)
FN:220,(anonymous_3)
FN:228,(anonymous_4)
FN:235,(anonymous_5)
FN:244,(anonymous_6)
FN:250,(anonymous_7)
FN:255,(anonymous_8)
FN:263,(anonymous_9)
FN:267,(anonymous_10)
FN:271,(anonymous_11)
FN:275,(anonymous_12)
FN:280,(anonymous_13)
FN:285,(anonymous_14)
FN:290,(anonymous_15)
FN:295,(anonymous_16)
FNF:17
FNH:1
FNDA:0,getMetrics
FNDA:0,(anonymous_1)
FNDA:0,(anonymous_2)
FNDA:0,(anonymous_3)
FNDA:0,(anonymous_4)
FNDA:9,(anonymous_5)
FNDA:0,(anonymous_6)
FNDA:0,(anonymous_7)
FNDA:0,(anonymous_8)
FNDA:0,(anonymous_9)
FNDA:0,(anonymous_10)
FNDA:0,(anonymous_11)
FNDA:0,(anonymous_12)
FNDA:0,(anonymous_13)
FNDA:0,(anonymous_14)
FNDA:0,(anonymous_15)
FNDA:0,(anonymous_16)
DA:7,1
DA:10,1
DA:13,1
DA:18,1
DA:27,1
DA:37,1
DA:45,1
DA:53,1
DA:64,1
DA:73,1
DA:83,1
DA:92,1
DA:102,1
DA:110,1
DA:120,1
DA:130,1
DA:138,1
DA:146,1
DA:154,1
DA:162,1
DA:171,1
DA:180,1
DA:188,1
DA:201,0
DA:207,1
DA:210,0
DA:211,0
DA:212,0
DA:217,0
DA:221,0
DA:222,0
DA:223,0
DA:229,0
DA:230,0
DA:231,0
DA:236,9
DA:237,9
DA:238,9
DA:239,0
DA:246,0
DA:247,0
DA:251,0
DA:256,0
DA:257,0
DA:264,0
DA:268,0
DA:272,0
DA:276,0
DA:281,0
DA:286,0
DA:291,0
DA:296,0
DA:300,1
LF:53
LH:28
BRDA:210,0,0,0
BRDA:210,0,1,0
BRDA:222,1,0,0
BRDA:222,1,1,0
BRDA:229,2,0,0
BRDA:229,2,1,0
BRDA:236,3,0,9
BRDA:236,3,1,0
BRDA:238,4,0,0
BRDA:238,4,1,9
BRDA:246,5,0,0
BRDA:246,5,1,0
BRDA:246,6,0,0
BRDA:246,6,1,0
BRDA:256,7,0,0
BRDA:256,7,1,0
BRDA:263,8,0,0
BRDA:263,9,0,0
BRDA:267,10,0,0
BRDA:267,11,0,0
BRDA:271,12,0,0
BRDA:271,13,0,0
BRDA:275,14,0,0
BRDA:275,15,0,0
BRDA:280,16,0,0
BRDA:285,17,0,0
BRDA:290,18,0,0
BRDA:295,19,0,0
BRF:28
BRH:2
end_of_record
TN:
SF:utils/redis-pool.js
FN:10,(anonymous_0)
FN:15,(anonymous_1)
FN:64,(anonymous_2)
FN:84,(anonymous_3)
FN:85,(anonymous_4)
FN:91,(anonymous_5)
FN:97,(anonymous_6)
FN:113,(anonymous_7)
FN:119,(anonymous_8)
FN:124,(anonymous_9)
FN:130,(anonymous_10)
FN:131,(anonymous_11)
FN:175,(anonymous_12)
FN:179,(anonymous_13)
FN:221,(anonymous_14)
FN:239,(anonymous_15)
FN:240,(anonymous_16)
FN:244,(anonymous_17)
FN:249,(anonymous_18)
FN:264,(anonymous_19)
FN:285,(anonymous_20)
FNF:21
FNH:8
FNDA:1,(anonymous_0)
FNDA:1,(anonymous_1)
FNDA:0,(anonymous_2)
FNDA:1,(anonymous_3)
FNDA:1,(anonymous_4)
FNDA:1,(anonymous_5)
FNDA:0,(anonymous_6)
FNDA:0,(anonymous_7)
FNDA:0,(anonymous_8)
FNDA:0,(anonymous_9)
FNDA:12,(anonymous_10)
FNDA:9,(anonymous_11)
FNDA:1,(anonymous_12)
FNDA:0,(anonymous_13)
FNDA:0,(anonymous_14)
FNDA:0,(anonymous_15)
FNDA:0,(anonymous_16)
FNDA:0,(anonymous_17)
FNDA:0,(anonymous_18)
FNDA:0,(anonymous_19)
FNDA:0,(anonymous_20)
DA:1,1
DA:2,1
DA:3,1
DA:4,1
DA:5,1
DA:6,1
DA:7,1
DA:11,1
DA:12,1
DA:16,1
DA:18,1
DA:19,1
DA:25,1
DA:28,1
DA:30,1
DA:33,1
DA:65,0
DA:66,0
DA:67,0
DA:69,0
DA:70,0
DA:71,0
DA:75,1
DA:76,1
DA:79,0
DA:80,0
DA:85,1
DA:86,1
DA:91,1
DA:92,1
DA:97,1
DA:98,0
DA:105,0
DA:106,0
DA:113,1
DA:114,0
DA:119,1
DA:120,0
DA:124,1
DA:125,0
DA:131,12
DA:132,9
DA:133,9
DA:134,9
DA:135,9
DA:138,9
DA:147,9
DA:149,9
DA:152,9
DA:153,9
DA:154,9
DA:155,9
DA:157,9
DA:160,0
DA:161,0
DA:162,0
DA:163,0
DA:164,0
DA:165,0
DA:167,0
DA:169,9
DA:177,1
DA:178,0
DA:179,0
DA:180,0
DA:185,1
DA:187,1
DA:188,1
DA:189,1
DA:190,1
DA:191,1
DA:192,1
DA:193,1
DA:194,1
DA:195,1
DA:196,1
DA:197,1
DA:198,1
DA:201,1
DA:202,1
DA:203,1
DA:204,1
DA:205,1
DA:206,1
DA:207,1
DA:208,1
DA:209,1
DA:210,1
DA:211,1
DA:212,1
DA:214,1
DA:217,1
DA:222,0
DA:223,0
DA:224,0
DA:227,0
DA:228,0
DA:231,0
DA:232,0
DA:233,0
DA:234,0
DA:238,0
DA:239,0
DA:240,0
DA:241,0
DA:244,0
DA:245,0
DA:246,0
DA:249,0
DA:250,0
DA:251,0
DA:256,0
DA:258,0
DA:259,0
DA:265,0
DA:266,0
DA:267,0
DA:268,0
DA:270,0
DA:276,0
DA:286,0
DA:299,1
DA:301,1
LF:123
LH:70
BRDA:30,0,0,1
BRDA:30,0,1,0
BRDA:65,1,0,0
BRDA:65,1,1,0
BRDA:105,2,0,0
BRDA:105,2,1,0
BRDA:105,3,0,0
BRDA:105,3,1,0
BRDA:142,4,0,9
BRDA:142,4,1,0
BRDA:177,5,0,0
BRDA:177,5,1,1
BRDA:177,6,0,1
BRDA:177,6,1,1
BRDA:177,6,2,1
BRDA:185,7,0,1
BRDA:185,7,1,0
BRDA:223,8,0,0
BRDA:223,8,1,0
BRDA:227,9,0,0
BRDA:227,9,1,0
BRDA:231,10,0,0
BRDA:231,10,1,0
BRDA:231,11,0,0
BRDA:231,11,1,0
BRDA:238,12,0,0
BRDA:238,12,1,0
BRDA:238,13,0,0
BRDA:238,13,1,0
BRF:29
BRH:7
end_of_record
TN:
SF:utils/trace-context.js
FN:15,(anonymous_0)
FN:24,(anonymous_1)
FN:34,(anonymous_2)
FN:50,(anonymous_3)
FN:52,(anonymous_4)
FN:64,(anonymous_5)
FN:91,(anonymous_6)
FNF:7
FNH:2
FNDA:1,(anonymous_0)
FNDA:0,(anonymous_1)
FNDA:40,(anonymous_2)
FNDA:0,(anonymous_3)
FNDA:0,(anonymous_4)
FNDA:0,(anonymous_5)
FNDA:0,(anonymous_6)
DA:9,1
DA:16,1
DA:25,0
DA:26,0
DA:27,0
DA:36,40
DA:37,0
DA:38,0
DA:39,0
DA:44,40
DA:51,0
DA:52,0
DA:56,0
DA:65,0
DA:67,0
DA:68,0
DA:69,0
DA:70,0
DA:73,0
DA:77,0
DA:78,0
DA:80,0
DA:81,0
DA:83,0
DA:93,0
DA:94,0
DA:98,0
DA:99,0
DA:103,0
DA:104,0
DA:108,0
DA:109,0
DA:110,0
DA:114,0
DA:119,1
DA:121,1
LF:36
LH:6
BRDA:24,0,0,0
BRDA:36,1,0,0
BRDA:36,1,1,40
BRDA:38,2,0,0
BRDA:38,2,1,0
BRDA:44,3,0,40
BRDA:44,3,1,40
BRDA:51,4,0,0
BRDA:51,4,1,0
BRDA:65,5,0,0
BRDA:65,5,1,0
BRDA:67,6,0,0
BRDA:67,6,1,0
BRDA:69,7,0,0
BRDA:69,7,1,0
BRDA:91,8,0,0
BRDA:93,9,0,0
BRDA:93,9,1,0
BRDA:98,10,0,0
BRDA:98,10,1,0
BRDA:103,11,0,0
BRDA:103,11,1,0
BRDA:109,12,0,0
BRDA:109,12,1,0
BRF:24
BRH:3
end_of_record
TN:
SF:utils/tracer.js
FN:36,getSamplingRate
FN:52,getExporter
FN:66,initializeTracer
FN:122,getTracer
FN:130,shutdown
FNF:5
FNH:4
FNDA:1,getSamplingRate
FNDA:1,getExporter
FNDA:1,initializeTracer
FNDA:9,getTracer
FNDA:0,shutdown
DA:11,1
DA:12,1
DA:17,1
DA:18,1
DA:19,1
DA:21,1
DA:22,1
DA:23,1
DA:24,1
DA:25,1
DA:27,0
DA:37,1
DA:39,1
DA:42,0
DA:44,0
DA:47,1
DA:54,1
DA:56,1
DA:64,1
DA:67,1
DA:68,0
DA:72,1
DA:73,0
DA:78,0
DA:81,1
DA:84,1
DA:85,1
DA:86,1
DA:88,0
DA:90,1
DA:91,1
DA:93,0
DA:95,1
DA:96,1
DA:98,0
DA:101,1
DA:103,1
DA:110,1
DA:112,1
DA:118,1
DA:123,9
DA:124,1
DA:126,8
DA:131,0
DA:132,0
DA:134,0
DA:137,1
LF:47
LH:35
BRDA:19,0,0,1
BRDA:19,0,1,1
BRDA:37,1,0,1
BRDA:37,1,1,0
BRDA:39,2,0,0
BRDA:39,2,1,0
BRDA:39,2,2,0
BRDA:39,2,3,1
BRDA:42,3,0,0
BRDA:42,3,1,0
BRDA:54,4,0,1
BRDA:54,4,1,1
BRDA:54,4,2,1
BRDA:67,5,0,0
BRDA:67,5,1,1
BRDA:72,6,0,0
BRDA:72,6,1,1
BRDA:72,7,0,1
BRDA:72,7,1,1
BRDA:72,7,2,1
BRDA:72,7,3,1
BRDA:85,8,0,1
BRDA:85,8,1,0
BRDA:90,9,0,1
BRDA:90,9,1,0
BRDA:91,10,0,1
BRDA:91,10,1,1
BRDA:93,11,0,0
BRDA:93,11,1,0
BRDA:95,12,0,1
BRDA:95,12,1,0
BRDA:96,13,0,1
BRDA:96,13,1,0
BRDA:98,14,0,0
BRDA:98,14,1,0
BRDA:123,15,0,1
BRDA:123,15,1,8
BRDA:131,16,0,0
BRDA:131,16,1,0
BRF:39
BRH:21
end_of_record
